2020-10-31T05:00:24Z INFO Librepo version: 1.12.0 with CURL_GLOBAL_ACK_EINTR support (libcurl/7.61.1 OpenSSL/1.1.1g zlib/1.2.11 brotli/1.0.6 libidn2/2.2.0 libpsl/0.20.2 (+libidn2/2.2.0) libssh/0.9.4/openssl/zlib nghttp2/1.33.0)
2020-10-31T05:00:24Z INFO Librepo version: 1.12.0 with CURL_GLOBAL_ACK_EINTR support (libcurl/7.61.1 OpenSSL/1.1.1g zlib/1.2.11 brotli/1.0.6 libidn2/2.2.0 libpsl/0.20.2 (+libidn2/2.2.0) libssh/0.9.4/openssl/zlib nghttp2/1.33.0)
2020-10-31T05:00:33Z INFO Librepo version: 1.12.0 with CURL_GLOBAL_ACK_EINTR support (libcurl/7.61.1 OpenSSL/1.1.1g zlib/1.2.11 brotli/1.0.6 libidn2/2.2.0 libpsl/0.20.2 (+libidn2/2.2.0) libssh/0.9.4/openssl/zlib nghttp2/1.33.0)
2020-10-31T05:00:33Z INFO Downloading: http://download-node-02.eng.bos.redhat.com/rhel-8/devel/candidate-trees/RHEL-8/RHEL-8.3.0-updates-20201031.0/compose/BaseOS/x86_64/os/repodata/repomd.xml
2020-10-31T05:00:33Z INFO Downloading: http://download-node-02.eng.bos.redhat.com/rhel-8/devel/candidate-trees/RHEL-8/RHEL-8.3.0-updates-20201031.0/compose/BaseOS/x86_64/os/repodata/68fa73cefb3e6522712e3d59e896295a39a8d1cec1bb794dff5cf33132c3a411-primary.xml.gz
2020-10-31T05:00:33Z INFO Downloading: http://download-node-02.eng.bos.redhat.com/rhel-8/devel/candidate-trees/RHEL-8/RHEL-8.3.0-updates-20201031.0/compose/BaseOS/x86_64/os/repodata/cda63a6c5472afdb27434bfc466b6d5d23773d5ba546961b72d50a1895c7547f-filelists.xml.gz
2020-10-31T05:00:33Z INFO Downloading: http://download-node-02.eng.bos.redhat.com/rhel-8/devel/candidate-trees/RHEL-8/RHEL-8.3.0-updates-20201031.0/compose/BaseOS/x86_64/os/repodata/8285f282707b08ef67707b1ee246416ed147793995fdfc08dbaa72e845bcac06-comps-BaseOS.x86_64.xml.gz
2020-10-31T05:00:33Z INFO Downloading: http://download-node-02.eng.bos.redhat.com/rhel-8/devel/candidate-trees/RHEL-8/RHEL-8.3.0-updates-20201031.0/compose/BaseOS/x86_64/os/repodata/repomd.xml
2020-10-31T05:00:33Z INFO Downloading: http://download-node-02.eng.bos.redhat.com/rhel-8/devel/candidate-trees/RHEL-8/RHEL-8.3.0-updates-20201031.0/compose/BaseOS/x86_64/os/repodata/68fa73cefb3e6522712e3d59e896295a39a8d1cec1bb794dff5cf33132c3a411-primary.xml.gz
2020-10-31T05:00:33Z INFO Downloading: http://download-node-02.eng.bos.redhat.com/rhel-8/devel/candidate-trees/RHEL-8/RHEL-8.3.0-updates-20201031.0/compose/BaseOS/x86_64/os/repodata/cda63a6c5472afdb27434bfc466b6d5d23773d5ba546961b72d50a1895c7547f-filelists.xml.gz
2020-10-31T05:00:33Z INFO Downloading: http://download-node-02.eng.bos.redhat.com/rhel-8/devel/candidate-trees/RHEL-8/RHEL-8.3.0-updates-20201031.0/compose/BaseOS/x86_64/os/repodata/8285f282707b08ef67707b1ee246416ed147793995fdfc08dbaa72e845bcac06-comps-BaseOS.x86_64.xml.gz
2020-10-31T05:00:33Z INFO Downloading: http://download-node-02.eng.bos.redhat.com/rhel-8/devel/candidate-trees/RHEL-8/RHEL-8.3.0-updates-20201031.0/compose/AppStream/x86_64/os/repodata/repomd.xml
2020-10-31T05:00:33Z INFO Downloading: http://download-node-02.eng.bos.redhat.com/rhel-8/devel/candidate-trees/RHEL-8/RHEL-8.3.0-updates-20201031.0/compose/AppStream/x86_64/os/repodata/6bfdf8ecbef3fd54060c9a63567d8a4465c1b80a2192399608ee380d3232cd5f-primary.xml.gz
2020-10-31T05:00:33Z INFO Downloading: http://download-node-02.eng.bos.redhat.com/rhel-8/devel/candidate-trees/RHEL-8/RHEL-8.3.0-updates-20201031.0/compose/AppStream/x86_64/os/repodata/5457a0c07042b2b4053af11c46367f03d455d854ad9ab9306832a5e954e45191-filelists.xml.gz
2020-10-31T05:00:33Z INFO Downloading: http://download-node-02.eng.bos.redhat.com/rhel-8/devel/candidate-trees/RHEL-8/RHEL-8.3.0-updates-20201031.0/compose/AppStream/x86_64/os/repodata/02754b068ca16e94468adeeba3e1acacb4510db5ab402acca6f1b421b0527d3d-comps-AppStream.x86_64.xml.gz
2020-10-31T05:00:33Z INFO Downloading: http://download-node-02.eng.bos.redhat.com/rhel-8/devel/candidate-trees/RHEL-8/RHEL-8.3.0-updates-20201031.0/compose/AppStream/x86_64/os/repodata/8e03faf19363b892e35f7feab19189a8069a7c3e3276e325b9a6f82fa3eed0f4-modules.yaml.gz
2020-10-31T05:00:33Z INFO Downloading: http://download.eng.bos.redhat.com/rhel-8/devel/candidate-trees/RHUI/latest-RHUI-Client-3-RHEL-8/compose/RHUI/x86_64/os/repodata/repomd.xml
2020-10-31T05:00:38Z INFO Downloading: http://download.eng.bos.redhat.com/rhel-8/devel/candidate-trees/RHUI/latest-RHUI-Client-3-RHEL-8/compose/RHUI/x86_64/os/repodata/5a5961e11ce39dcc7a9be2f7771e39cc2bb9570f09c455c55b330423da54b97b-primary.xml.gz
2020-10-31T05:00:38Z INFO Downloading: http://download.eng.bos.redhat.com/rhel-8/devel/candidate-trees/RHUI/latest-RHUI-Client-3-RHEL-8/compose/RHUI/x86_64/os/repodata/ca9768d6fc7b79b9c5c98d7a6d3c462ac6ec829201f5cebb4f093cdbd4c52410-filelists.xml.gz
2020-10-31T05:00:38Z INFO Downloading: http://download.eng.bos.redhat.com/rhel-8/devel/candidate-trees/RHUI/latest-RHUI-Client-3-RHEL-8/compose/RHUI/x86_64/os/repodata/d9689462d93c6887678c30873b8943f61a26c895cb25d7b02a72a99e28c27b9b-comps-RHUI.x86_64.xml.gz
2020-10-31T05:00:55Z INFO Downloading: http://download-node-02.eng.bos.redhat.com/rhel-8/devel/candidate-trees/RHEL-8/RHEL-8.3.0-updates-20201031.0/compose/BaseOS/x86_64/os/Packages/NetworkManager-1.26.0-9.el8_3.x86_64.rpm
2020-10-31T05:00:55Z INFO Downloading: http://download-node-02.eng.bos.redhat.com/rhel-8/devel/candidate-trees/RHEL-8/RHEL-8.3.0-updates-20201031.0/compose/BaseOS/x86_64/os/Packages/NetworkManager-libnm-1.26.0-9.el8_3.x86_64.rpm
2020-10-31T05:00:55Z INFO Downloading: http://download-node-02.eng.bos.redhat.com/rhel-8/devel/candidate-trees/RHEL-8/RHEL-8.3.0-updates-20201031.0/compose/BaseOS/x86_64/os/Packages/NetworkManager-team-1.26.0-9.el8_3.x86_64.rpm
2020-10-31T05:00:55Z INFO Downloading: http://download-node-02.eng.bos.redhat.com/rhel-8/devel/candidate-trees/RHEL-8/RHEL-8.3.0-updates-20201031.0/compose/BaseOS/x86_64/os/Packages/NetworkManager-tui-1.26.0-9.el8_3.x86_64.rpm
2020-10-31T05:00:55Z INFO Downloading: http://download-node-02.eng.bos.redhat.com/rhel-8/devel/candidate-trees/RHEL-8/RHEL-8.3.0-updates-20201031.0/compose/BaseOS/x86_64/os/Packages/acl-2.2.53-1.el8.x86_64.rpm
2020-10-31T05:00:55Z INFO Downloading: http://download-node-02.eng.bos.redhat.com/rhel-8/devel/candidate-trees/RHEL-8/RHEL-8.3.0-updates-20201031.0/compose/BaseOS/x86_64/os/Packages/audit-3.0-0.17.20191104git1c2f876.el8.x86_64.rpm
2020-10-31T05:00:55Z INFO Downloading: http://download-node-02.eng.bos.redhat.com/rhel-8/devel/candidate-trees/RHEL-8/RHEL-8.3.0-updates-20201031.0/compose/BaseOS/x86_64/os/Packages/audit-libs-3.0-0.17.20191104git1c2f876.el8.x86_64.rpm
2020-10-31T05:00:55Z INFO Downloading: http://download-node-02.eng.bos.redhat.com/rhel-8/devel/candidate-trees/RHEL-8/RHEL-8.3.0-updates-20201031.0/compose/BaseOS/x86_64/os/Packages/authselect-1.2.1-2.el8.x86_64.rpm
2020-10-31T05:00:55Z INFO Downloading: http://download-node-02.eng.bos.redhat.com/rhel-8/devel/candidate-trees/RHEL-8/RHEL-8.3.0-updates-20201031.0/compose/BaseOS/x86_64/os/Packages/authselect-libs-1.2.1-2.el8.x86_64.rpm
2020-10-31T05:00:55Z INFO Downloading: http://download-node-02.eng.bos.redhat.com/rhel-8/devel/candidate-trees/RHEL-8/RHEL-8.3.0-updates-20201031.0/compose/BaseOS/x86_64/os/Packages/basesystem-11-5.el8.noarch.rpm
2020-10-31T05:00:55Z INFO Downloading: http://download-node-02.eng.bos.redhat.com/rhel-8/devel/candidate-trees/RHEL-8/RHEL-8.3.0-updates-20201031.0/compose/BaseOS/x86_64/os/Packages/bash-4.4.19-12.el8.x86_64.rpm
2020-10-31T05:00:55Z INFO Downloading: http://download-node-02.eng.bos.redhat.com/rhel-8/devel/candidate-trees/RHEL-8/RHEL-8.3.0-updates-20201031.0/compose/AppStream/x86_64/os/Packages/rsyslog-8.1911.0-6.el8.x86_64.rpm
2020-10-31T05:00:55Z INFO Downloading: http://download-node-02.eng.bos.redhat.com/rhel-8/devel/candidate-trees/RHEL-8/RHEL-8.3.0-updates-20201031.0/compose/BaseOS/x86_64/os/Packages/bind-export-libs-9.11.20-5.el8.x86_64.rpm
2020-10-31T05:00:55Z INFO Downloading: http://download-node-02.eng.bos.redhat.com/rhel-8/devel/candidate-trees/RHEL-8/RHEL-8.3.0-updates-20201031.0/compose/BaseOS/x86_64/os/Packages/brotli-1.0.6-2.el8.x86_64.rpm
2020-10-31T05:00:55Z INFO Downloading: http://download-node-02.eng.bos.redhat.com/rhel-8/devel/candidate-trees/RHEL-8/RHEL-8.3.0-updates-20201031.0/compose/BaseOS/x86_64/os/Packages/bzip2-libs-1.0.6-26.el8.x86_64.rpm
2020-10-31T05:00:55Z INFO Downloading: http://download-node-02.eng.bos.redhat.com/rhel-8/devel/candidate-trees/RHEL-8/RHEL-8.3.0-updates-20201031.0/compose/BaseOS/x86_64/os/Packages/c-ares-1.13.0-5.el8.x86_64.rpm
2020-10-31T05:00:55Z INFO Downloading: http://download-node-02.eng.bos.redhat.com/rhel-8/devel/candidate-trees/RHEL-8/RHEL-8.3.0-updates-20201031.0/compose/BaseOS/x86_64/os/Packages/ca-certificates-2020.2.41-80.0.el8_2.noarch.rpm
2020-10-31T05:00:55Z INFO Downloading: http://download-node-02.eng.bos.redhat.com/rhel-8/devel/candidate-trees/RHEL-8/RHEL-8.3.0-updates-20201031.0/compose/BaseOS/x86_64/os/Packages/checkpolicy-2.9-1.el8.x86_64.rpm
2020-10-31T05:00:55Z INFO Downloading: http://download-node-02.eng.bos.redhat.com/rhel-8/devel/candidate-trees/RHEL-8/RHEL-8.3.0-updates-20201031.0/compose/BaseOS/x86_64/os/Packages/chkconfig-1.13-2.el8.x86_64.rpm
2020-10-31T05:00:55Z INFO Downloading: http://download-node-02.eng.bos.redhat.com/rhel-8/devel/candidate-trees/RHEL-8/RHEL-8.3.0-updates-20201031.0/compose/BaseOS/x86_64/os/Packages/chrony-3.5-1.el8.x86_64.rpm
2020-10-31T05:00:55Z INFO Downloading: http://download-node-02.eng.bos.redhat.com/rhel-8/devel/candidate-trees/RHEL-8/RHEL-8.3.0-updates-20201031.0/compose/AppStream/x86_64/os/Packages/libxkbcommon-0.9.1-1.el8.x86_64.rpm
2020-10-31T05:00:55Z INFO Downloading: http://download-node-02.eng.bos.redhat.com/rhel-8/devel/candidate-trees/RHEL-8/RHEL-8.3.0-updates-20201031.0/compose/BaseOS/x86_64/os/Packages/coreutils-8.30-8.el8.x86_64.rpm
2020-10-31T05:00:55Z INFO Downloading: http://download-node-02.eng.bos.redhat.com/rhel-8/devel/candidate-trees/RHEL-8/RHEL-8.3.0-updates-20201031.0/compose/BaseOS/x86_64/os/Packages/coreutils-common-8.30-8.el8.x86_64.rpm
2020-10-31T05:00:55Z INFO Downloading: http://download-node-02.eng.bos.redhat.com/rhel-8/devel/candidate-trees/RHEL-8/RHEL-8.3.0-updates-20201031.0/compose/BaseOS/x86_64/os/Packages/cpio-2.12-8.el8.x86_64.rpm
2020-10-31T05:00:55Z INFO Downloading: http://download-node-02.eng.bos.redhat.com/rhel-8/devel/candidate-trees/RHEL-8/RHEL-8.3.0-updates-20201031.0/compose/BaseOS/x86_64/os/Packages/cracklib-2.9.6-15.el8.x86_64.rpm
2020-10-31T05:00:55Z INFO Downloading: http://download-node-02.eng.bos.redhat.com/rhel-8/devel/candidate-trees/RHEL-8/RHEL-8.3.0-updates-20201031.0/compose/BaseOS/x86_64/os/Packages/cracklib-dicts-2.9.6-15.el8.x86_64.rpm
2020-10-31T05:00:55Z INFO Downloading: http://download-node-02.eng.bos.redhat.com/rhel-8/devel/candidate-trees/RHEL-8/RHEL-8.3.0-updates-20201031.0/compose/BaseOS/x86_64/os/Packages/cronie-1.5.2-4.el8.x86_64.rpm
2020-10-31T05:00:55Z INFO Downloading: http://download-node-02.eng.bos.redhat.com/rhel-8/devel/candidate-trees/RHEL-8/RHEL-8.3.0-updates-20201031.0/compose/BaseOS/x86_64/os/Packages/cronie-anacron-1.5.2-4.el8.x86_64.rpm
2020-10-31T05:00:55Z INFO Downloading: http://download-node-02.eng.bos.redhat.com/rhel-8/devel/candidate-trees/RHEL-8/RHEL-8.3.0-updates-20201031.0/compose/BaseOS/x86_64/os/Packages/crontabs-1.11-16.20150630git.el8.noarch.rpm
2020-10-31T05:00:55Z INFO Downloading: http://download-node-02.eng.bos.redhat.com/rhel-8/devel/candidate-trees/RHEL-8/RHEL-8.3.0-updates-20201031.0/compose/BaseOS/x86_64/os/Packages/crypto-policies-20200713-1.git51d1222.el8.noarch.rpm
2020-10-31T05:00:55Z INFO Downloading: http://download-node-02.eng.bos.redhat.com/rhel-8/devel/candidate-trees/RHEL-8/RHEL-8.3.0-updates-20201031.0/compose/BaseOS/x86_64/os/Packages/crypto-policies-scripts-20200713-1.git51d1222.el8.noarch.rpm
2020-10-31T05:00:55Z INFO Downloading: http://download-node-02.eng.bos.redhat.com/rhel-8/devel/candidate-trees/RHEL-8/RHEL-8.3.0-updates-20201031.0/compose/BaseOS/x86_64/os/Packages/cryptsetup-libs-2.3.3-2.el8.x86_64.rpm
2020-10-31T05:00:55Z INFO Downloading: http://download-node-02.eng.bos.redhat.com/rhel-8/devel/candidate-trees/RHEL-8/RHEL-8.3.0-updates-20201031.0/compose/BaseOS/x86_64/os/Packages/curl-7.61.1-14.el8.x86_64.rpm
2020-10-31T05:00:56Z INFO Downloading: http://download-node-02.eng.bos.redhat.com/rhel-8/devel/candidate-trees/RHEL-8/RHEL-8.3.0-updates-20201031.0/compose/BaseOS/x86_64/os/Packages/cyrus-sasl-lib-2.1.27-5.el8.x86_64.rpm
2020-10-31T05:00:56Z INFO Downloading: http://download-node-02.eng.bos.redhat.com/rhel-8/devel/candidate-trees/RHEL-8/RHEL-8.3.0-updates-20201031.0/compose/BaseOS/x86_64/os/Packages/dbus-1.12.8-11.el8.x86_64.rpm
2020-10-31T05:00:56Z INFO Downloading: http://download-node-02.eng.bos.redhat.com/rhel-8/devel/candidate-trees/RHEL-8/RHEL-8.3.0-updates-20201031.0/compose/BaseOS/x86_64/os/Packages/dbus-common-1.12.8-11.el8.noarch.rpm
2020-10-31T05:00:56Z INFO Downloading: http://download-node-02.eng.bos.redhat.com/rhel-8/devel/candidate-trees/RHEL-8/RHEL-8.3.0-updates-20201031.0/compose/BaseOS/x86_64/os/Packages/dbus-daemon-1.12.8-11.el8.x86_64.rpm
2020-10-31T05:00:56Z INFO Downloading: http://download-node-02.eng.bos.redhat.com/rhel-8/devel/candidate-trees/RHEL-8/RHEL-8.3.0-updates-20201031.0/compose/BaseOS/x86_64/os/Packages/dbus-glib-0.110-2.el8.x86_64.rpm
2020-10-31T05:00:56Z INFO Downloading: http://download-node-02.eng.bos.redhat.com/rhel-8/devel/candidate-trees/RHEL-8/RHEL-8.3.0-updates-20201031.0/compose/BaseOS/x86_64/os/Packages/dbus-libs-1.12.8-11.el8.x86_64.rpm
2020-10-31T05:00:56Z INFO Downloading: http://download-node-02.eng.bos.redhat.com/rhel-8/devel/candidate-trees/RHEL-8/RHEL-8.3.0-updates-20201031.0/compose/BaseOS/x86_64/os/Packages/dbus-tools-1.12.8-11.el8.x86_64.rpm
2020-10-31T05:00:56Z INFO Downloading: http://download-node-02.eng.bos.redhat.com/rhel-8/devel/candidate-trees/RHEL-8/RHEL-8.3.0-updates-20201031.0/compose/BaseOS/x86_64/os/Packages/device-mapper-1.02.171-5.el8.x86_64.rpm
2020-10-31T05:00:56Z INFO Downloading: http://download-node-02.eng.bos.redhat.com/rhel-8/devel/candidate-trees/RHEL-8/RHEL-8.3.0-updates-20201031.0/compose/BaseOS/x86_64/os/Packages/device-mapper-libs-1.02.171-5.el8.x86_64.rpm
2020-10-31T05:00:56Z INFO Downloading: http://download-node-02.eng.bos.redhat.com/rhel-8/devel/candidate-trees/RHEL-8/RHEL-8.3.0-updates-20201031.0/compose/BaseOS/x86_64/os/Packages/dhcp-client-4.3.6-41.el8.x86_64.rpm
2020-10-31T05:00:56Z INFO Downloading: http://download-node-02.eng.bos.redhat.com/rhel-8/devel/candidate-trees/RHEL-8/RHEL-8.3.0-updates-20201031.0/compose/BaseOS/x86_64/os/Packages/dhcp-common-4.3.6-41.el8.noarch.rpm
2020-10-31T05:00:56Z INFO Downloading: http://download-node-02.eng.bos.redhat.com/rhel-8/devel/candidate-trees/RHEL-8/RHEL-8.3.0-updates-20201031.0/compose/BaseOS/x86_64/os/Packages/dhcp-libs-4.3.6-41.el8.x86_64.rpm
2020-10-31T05:00:56Z INFO Downloading: http://download-node-02.eng.bos.redhat.com/rhel-8/devel/candidate-trees/RHEL-8/RHEL-8.3.0-updates-20201031.0/compose/BaseOS/x86_64/os/Packages/diffutils-3.6-6.el8.x86_64.rpm
2020-10-31T05:00:56Z INFO Downloading: http://download-node-02.eng.bos.redhat.com/rhel-8/devel/candidate-trees/RHEL-8/RHEL-8.3.0-updates-20201031.0/compose/BaseOS/x86_64/os/Packages/dmidecode-3.2-6.el8.x86_64.rpm
2020-10-31T05:00:56Z INFO Downloading: http://download-node-02.eng.bos.redhat.com/rhel-8/devel/candidate-trees/RHEL-8/RHEL-8.3.0-updates-20201031.0/compose/BaseOS/x86_64/os/Packages/dnf-4.2.23-4.el8.noarch.rpm
2020-10-31T05:00:56Z INFO Downloading: http://download-node-02.eng.bos.redhat.com/rhel-8/devel/candidate-trees/RHEL-8/RHEL-8.3.0-updates-20201031.0/compose/BaseOS/x86_64/os/Packages/dnf-data-4.2.23-4.el8.noarch.rpm
2020-10-31T05:00:56Z INFO Downloading: http://download-node-02.eng.bos.redhat.com/rhel-8/devel/candidate-trees/RHEL-8/RHEL-8.3.0-updates-20201031.0/compose/BaseOS/x86_64/os/Packages/dnf-plugin-subscription-manager-1.27.16-1.el8.x86_64.rpm
2020-10-31T05:00:56Z INFO Downloading: http://download-node-02.eng.bos.redhat.com/rhel-8/devel/candidate-trees/RHEL-8/RHEL-8.3.0-updates-20201031.0/compose/BaseOS/x86_64/os/Packages/dnf-plugins-core-4.0.17-5.el8.noarch.rpm
2020-10-31T05:00:56Z INFO Downloading: http://download-node-02.eng.bos.redhat.com/rhel-8/devel/candidate-trees/RHEL-8/RHEL-8.3.0-updates-20201031.0/compose/BaseOS/x86_64/os/Packages/dracut-049-95.git20200804.el8.x86_64.rpm
2020-10-31T05:00:56Z INFO Downloading: http://download-node-02.eng.bos.redhat.com/rhel-8/devel/candidate-trees/RHEL-8/RHEL-8.3.0-updates-20201031.0/compose/BaseOS/x86_64/os/Packages/dracut-config-generic-049-95.git20200804.el8.x86_64.rpm
2020-10-31T05:00:56Z INFO Downloading: http://download-node-02.eng.bos.redhat.com/rhel-8/devel/candidate-trees/RHEL-8/RHEL-8.3.0-updates-20201031.0/compose/BaseOS/x86_64/os/Packages/dracut-config-rescue-049-95.git20200804.el8.x86_64.rpm
2020-10-31T05:00:56Z INFO Downloading: http://download-node-02.eng.bos.redhat.com/rhel-8/devel/candidate-trees/RHEL-8/RHEL-8.3.0-updates-20201031.0/compose/BaseOS/x86_64/os/Packages/dracut-network-049-95.git20200804.el8.x86_64.rpm
2020-10-31T05:00:56Z INFO Downloading: http://download-node-02.eng.bos.redhat.com/rhel-8/devel/candidate-trees/RHEL-8/RHEL-8.3.0-updates-20201031.0/compose/BaseOS/x86_64/os/Packages/dracut-squash-049-95.git20200804.el8.x86_64.rpm
2020-10-31T05:00:56Z INFO Downloading: http://download-node-02.eng.bos.redhat.com/rhel-8/devel/candidate-trees/RHEL-8/RHEL-8.3.0-updates-20201031.0/compose/BaseOS/x86_64/os/Packages/e2fsprogs-1.45.6-1.el8.x86_64.rpm
2020-10-31T05:00:56Z INFO Downloading: http://download-node-02.eng.bos.redhat.com/rhel-8/devel/candidate-trees/RHEL-8/RHEL-8.3.0-updates-20201031.0/compose/BaseOS/x86_64/os/Packages/e2fsprogs-libs-1.45.6-1.el8.x86_64.rpm
2020-10-31T05:00:56Z INFO Downloading: http://download-node-02.eng.bos.redhat.com/rhel-8/devel/candidate-trees/RHEL-8/RHEL-8.3.0-updates-20201031.0/compose/BaseOS/x86_64/os/Packages/elfutils-debuginfod-client-0.180-1.el8.x86_64.rpm
2020-10-31T05:00:56Z INFO Downloading: http://download-node-02.eng.bos.redhat.com/rhel-8/devel/candidate-trees/RHEL-8/RHEL-8.3.0-updates-20201031.0/compose/BaseOS/x86_64/os/Packages/elfutils-default-yama-scope-0.180-1.el8.noarch.rpm
2020-10-31T05:00:56Z INFO Downloading: http://download-node-02.eng.bos.redhat.com/rhel-8/devel/candidate-trees/RHEL-8/RHEL-8.3.0-updates-20201031.0/compose/BaseOS/x86_64/os/Packages/elfutils-libelf-0.180-1.el8.x86_64.rpm
2020-10-31T05:00:56Z INFO Downloading: http://download-node-02.eng.bos.redhat.com/rhel-8/devel/candidate-trees/RHEL-8/RHEL-8.3.0-updates-20201031.0/compose/BaseOS/x86_64/os/Packages/elfutils-libs-0.180-1.el8.x86_64.rpm
2020-10-31T05:00:56Z INFO Downloading: http://download-node-02.eng.bos.redhat.com/rhel-8/devel/candidate-trees/RHEL-8/RHEL-8.3.0-updates-20201031.0/compose/BaseOS/x86_64/os/Packages/ethtool-5.0-2.el8.x86_64.rpm
2020-10-31T05:00:56Z INFO Downloading: http://download-node-02.eng.bos.redhat.com/rhel-8/devel/candidate-trees/RHEL-8/RHEL-8.3.0-updates-20201031.0/compose/BaseOS/x86_64/os/Packages/expat-2.2.5-4.el8.x86_64.rpm
2020-10-31T05:00:56Z INFO Downloading: http://download-node-02.eng.bos.redhat.com/rhel-8/devel/candidate-trees/RHEL-8/RHEL-8.3.0-updates-20201031.0/compose/BaseOS/x86_64/os/Packages/file-5.33-16.el8.x86_64.rpm
2020-10-31T05:00:56Z INFO Downloading: http://download-node-02.eng.bos.redhat.com/rhel-8/devel/candidate-trees/RHEL-8/RHEL-8.3.0-updates-20201031.0/compose/BaseOS/x86_64/os/Packages/file-libs-5.33-16.el8.x86_64.rpm
2020-10-31T05:00:56Z INFO Downloading: http://download-node-02.eng.bos.redhat.com/rhel-8/devel/candidate-trees/RHEL-8/RHEL-8.3.0-updates-20201031.0/compose/BaseOS/x86_64/os/Packages/filesystem-3.8-3.el8.x86_64.rpm
2020-10-31T05:00:56Z INFO Downloading: http://download-node-02.eng.bos.redhat.com/rhel-8/devel/candidate-trees/RHEL-8/RHEL-8.3.0-updates-20201031.0/compose/BaseOS/x86_64/os/Packages/findutils-4.6.0-20.el8.x86_64.rpm
2020-10-31T05:00:56Z INFO Downloading: http://download-node-02.eng.bos.redhat.com/rhel-8/devel/candidate-trees/RHEL-8/RHEL-8.3.0-updates-20201031.0/compose/BaseOS/x86_64/os/Packages/firewalld-0.8.2-2.el8.noarch.rpm
2020-10-31T05:00:56Z INFO Downloading: http://download-node-02.eng.bos.redhat.com/rhel-8/devel/candidate-trees/RHEL-8/RHEL-8.3.0-updates-20201031.0/compose/BaseOS/x86_64/os/Packages/firewalld-filesystem-0.8.2-2.el8.noarch.rpm
2020-10-31T05:00:56Z INFO Downloading: http://download-node-02.eng.bos.redhat.com/rhel-8/devel/candidate-trees/RHEL-8/RHEL-8.3.0-updates-20201031.0/compose/BaseOS/x86_64/os/Packages/freetype-2.9.1-4.el8.x86_64.rpm
2020-10-31T05:00:56Z INFO Downloading: http://download-node-02.eng.bos.redhat.com/rhel-8/devel/candidate-trees/RHEL-8/RHEL-8.3.0-updates-20201031.0/compose/BaseOS/x86_64/os/Packages/fuse-libs-2.9.7-12.el8.x86_64.rpm
2020-10-31T05:00:56Z INFO Downloading: http://download-node-02.eng.bos.redhat.com/rhel-8/devel/candidate-trees/RHEL-8/RHEL-8.3.0-updates-20201031.0/compose/BaseOS/x86_64/os/Packages/gawk-4.2.1-1.el8.x86_64.rpm
2020-10-31T05:00:56Z INFO Downloading: http://download-node-02.eng.bos.redhat.com/rhel-8/devel/candidate-trees/RHEL-8/RHEL-8.3.0-updates-20201031.0/compose/BaseOS/x86_64/os/Packages/gdbm-1.18-1.el8.x86_64.rpm
2020-10-31T05:00:56Z INFO Downloading: http://download-node-02.eng.bos.redhat.com/rhel-8/devel/candidate-trees/RHEL-8/RHEL-8.3.0-updates-20201031.0/compose/BaseOS/x86_64/os/Packages/gdbm-libs-1.18-1.el8.x86_64.rpm
2020-10-31T05:00:56Z INFO Downloading: http://download-node-02.eng.bos.redhat.com/rhel-8/devel/candidate-trees/RHEL-8/RHEL-8.3.0-updates-20201031.0/compose/BaseOS/x86_64/os/Packages/gdisk-1.0.3-6.el8.x86_64.rpm
2020-10-31T05:00:56Z INFO Downloading: http://download-node-02.eng.bos.redhat.com/rhel-8/devel/candidate-trees/RHEL-8/RHEL-8.3.0-updates-20201031.0/compose/BaseOS/x86_64/os/Packages/gettext-0.19.8.1-17.el8.x86_64.rpm
2020-10-31T05:00:56Z INFO Downloading: http://download-node-02.eng.bos.redhat.com/rhel-8/devel/candidate-trees/RHEL-8/RHEL-8.3.0-updates-20201031.0/compose/AppStream/x86_64/os/Packages/geolite2-city-20180605-1.el8.noarch.rpm
2020-10-31T05:00:56Z INFO Downloading: http://download-node-02.eng.bos.redhat.com/rhel-8/devel/candidate-trees/RHEL-8/RHEL-8.3.0-updates-20201031.0/compose/AppStream/x86_64/os/Packages/geolite2-country-20180605-1.el8.noarch.rpm
2020-10-31T05:00:56Z INFO Downloading: http://download-node-02.eng.bos.redhat.com/rhel-8/devel/candidate-trees/RHEL-8/RHEL-8.3.0-updates-20201031.0/compose/BaseOS/x86_64/os/Packages/gettext-libs-0.19.8.1-17.el8.x86_64.rpm
2020-10-31T05:00:56Z INFO Downloading: http://download-node-02.eng.bos.redhat.com/rhel-8/devel/candidate-trees/RHEL-8/RHEL-8.3.0-updates-20201031.0/compose/BaseOS/x86_64/os/Packages/glib2-2.56.4-8.el8.x86_64.rpm
2020-10-31T05:00:56Z INFO Downloading: http://download-node-02.eng.bos.redhat.com/rhel-8/devel/candidate-trees/RHEL-8/RHEL-8.3.0-updates-20201031.0/compose/BaseOS/x86_64/os/Packages/glibc-2.28-127.el8.x86_64.rpm
2020-10-31T05:00:56Z INFO Downloading: http://download-node-02.eng.bos.redhat.com/rhel-8/devel/candidate-trees/RHEL-8/RHEL-8.3.0-updates-20201031.0/compose/BaseOS/x86_64/os/Packages/glibc-common-2.28-127.el8.x86_64.rpm
2020-10-31T05:00:56Z INFO Downloading: http://download-node-02.eng.bos.redhat.com/rhel-8/devel/candidate-trees/RHEL-8/RHEL-8.3.0-updates-20201031.0/compose/BaseOS/x86_64/os/Packages/glibc-langpack-en-2.28-127.el8.x86_64.rpm
2020-10-31T05:00:56Z INFO Downloading: http://download-node-02.eng.bos.redhat.com/rhel-8/devel/candidate-trees/RHEL-8/RHEL-8.3.0-updates-20201031.0/compose/BaseOS/x86_64/os/Packages/gmp-6.1.2-10.el8.x86_64.rpm
2020-10-31T05:00:56Z INFO Downloading: http://download-node-02.eng.bos.redhat.com/rhel-8/devel/candidate-trees/RHEL-8/RHEL-8.3.0-updates-20201031.0/compose/BaseOS/x86_64/os/Packages/gnupg2-2.2.20-2.el8.x86_64.rpm
2020-10-31T05:00:56Z INFO Downloading: http://download-node-02.eng.bos.redhat.com/rhel-8/devel/candidate-trees/RHEL-8/RHEL-8.3.0-updates-20201031.0/compose/BaseOS/x86_64/os/Packages/gnupg2-smime-2.2.20-2.el8.x86_64.rpm
2020-10-31T05:00:56Z INFO Downloading: http://download-node-02.eng.bos.redhat.com/rhel-8/devel/candidate-trees/RHEL-8/RHEL-8.3.0-updates-20201031.0/compose/BaseOS/x86_64/os/Packages/gnutls-3.6.14-6.el8.x86_64.rpm
2020-10-31T05:00:56Z INFO Downloading: http://download-node-02.eng.bos.redhat.com/rhel-8/devel/candidate-trees/RHEL-8/RHEL-8.3.0-updates-20201031.0/compose/BaseOS/x86_64/os/Packages/gobject-introspection-1.56.1-1.el8.x86_64.rpm
2020-10-31T05:00:56Z INFO Downloading: http://download-node-02.eng.bos.redhat.com/rhel-8/devel/candidate-trees/RHEL-8/RHEL-8.3.0-updates-20201031.0/compose/BaseOS/x86_64/os/Packages/gpgme-1.13.1-3.el8.x86_64.rpm
2020-10-31T05:00:56Z INFO Downloading: http://download-node-02.eng.bos.redhat.com/rhel-8/devel/candidate-trees/RHEL-8/RHEL-8.3.0-updates-20201031.0/compose/BaseOS/x86_64/os/Packages/grep-3.1-6.el8.x86_64.rpm
2020-10-31T05:00:56Z INFO Downloading: http://download-node-02.eng.bos.redhat.com/rhel-8/devel/candidate-trees/RHEL-8/RHEL-8.3.0-updates-20201031.0/compose/BaseOS/x86_64/os/Packages/groff-base-1.22.3-18.el8.x86_64.rpm
2020-10-31T05:00:56Z INFO Downloading: http://download-node-02.eng.bos.redhat.com/rhel-8/devel/candidate-trees/RHEL-8/RHEL-8.3.0-updates-20201031.0/compose/BaseOS/x86_64/os/Packages/grub2-common-2.02-90.el8.noarch.rpm
2020-10-31T05:00:56Z INFO Downloading: http://download-node-02.eng.bos.redhat.com/rhel-8/devel/candidate-trees/RHEL-8/RHEL-8.3.0-updates-20201031.0/compose/AppStream/x86_64/os/Packages/oddjob-0.34.5-3.el8.x86_64.rpm
2020-10-31T05:00:56Z INFO Downloading: http://download-node-02.eng.bos.redhat.com/rhel-8/devel/candidate-trees/RHEL-8/RHEL-8.3.0-updates-20201031.0/compose/AppStream/x86_64/os/Packages/oddjob-mkhomedir-0.34.5-3.el8.x86_64.rpm
2020-10-31T05:00:56Z INFO Downloading: http://download-node-02.eng.bos.redhat.com/rhel-8/devel/candidate-trees/RHEL-8/RHEL-8.3.0-updates-20201031.0/compose/BaseOS/x86_64/os/Packages/grub2-pc-2.02-90.el8.x86_64.rpm
2020-10-31T05:00:56Z INFO Downloading: http://download-node-02.eng.bos.redhat.com/rhel-8/devel/candidate-trees/RHEL-8/RHEL-8.3.0-updates-20201031.0/compose/BaseOS/x86_64/os/Packages/grub2-pc-modules-2.02-90.el8.noarch.rpm
2020-10-31T05:00:56Z INFO Downloading: http://download-node-02.eng.bos.redhat.com/rhel-8/devel/candidate-trees/RHEL-8/RHEL-8.3.0-updates-20201031.0/compose/BaseOS/x86_64/os/Packages/grub2-tools-2.02-90.el8.x86_64.rpm
2020-10-31T05:00:56Z INFO Downloading: http://download-node-02.eng.bos.redhat.com/rhel-8/devel/candidate-trees/RHEL-8/RHEL-8.3.0-updates-20201031.0/compose/BaseOS/x86_64/os/Packages/grub2-tools-extra-2.02-90.el8.x86_64.rpm
2020-10-31T05:00:56Z INFO Downloading: http://download-node-02.eng.bos.redhat.com/rhel-8/devel/candidate-trees/RHEL-8/RHEL-8.3.0-updates-20201031.0/compose/BaseOS/x86_64/os/Packages/grub2-tools-minimal-2.02-90.el8.x86_64.rpm
2020-10-31T05:00:56Z INFO Downloading: http://download-node-02.eng.bos.redhat.com/rhel-8/devel/candidate-trees/RHEL-8/RHEL-8.3.0-updates-20201031.0/compose/BaseOS/x86_64/os/Packages/grubby-8.40-41.el8.x86_64.rpm
2020-10-31T05:00:56Z INFO Downloading: http://download-node-02.eng.bos.redhat.com/rhel-8/devel/candidate-trees/RHEL-8/RHEL-8.3.0-updates-20201031.0/compose/BaseOS/x86_64/os/Packages/gzip-1.9-9.el8.x86_64.rpm
2020-10-31T05:00:56Z INFO Downloading: http://download-node-02.eng.bos.redhat.com/rhel-8/devel/candidate-trees/RHEL-8/RHEL-8.3.0-updates-20201031.0/compose/BaseOS/x86_64/os/Packages/hardlink-1.3-6.el8.x86_64.rpm
2020-10-31T05:00:56Z INFO Downloading: http://download-node-02.eng.bos.redhat.com/rhel-8/devel/candidate-trees/RHEL-8/RHEL-8.3.0-updates-20201031.0/compose/BaseOS/x86_64/os/Packages/hdparm-9.54-2.el8.x86_64.rpm
2020-10-31T05:00:56Z INFO Downloading: http://download-node-02.eng.bos.redhat.com/rhel-8/devel/candidate-trees/RHEL-8/RHEL-8.3.0-updates-20201031.0/compose/BaseOS/x86_64/os/Packages/hostname-3.20-6.el8.x86_64.rpm
2020-10-31T05:00:56Z INFO Downloading: http://download-node-02.eng.bos.redhat.com/rhel-8/devel/candidate-trees/RHEL-8/RHEL-8.3.0-updates-20201031.0/compose/BaseOS/x86_64/os/Packages/hwdata-0.314-8.6.el8.noarch.rpm
2020-10-31T05:00:56Z INFO Downloading: http://download-node-02.eng.bos.redhat.com/rhel-8/devel/candidate-trees/RHEL-8/RHEL-8.3.0-updates-20201031.0/compose/BaseOS/x86_64/os/Packages/ima-evm-utils-1.1-5.el8.x86_64.rpm
2020-10-31T05:00:56Z INFO Downloading: http://download-node-02.eng.bos.redhat.com/rhel-8/devel/candidate-trees/RHEL-8/RHEL-8.3.0-updates-20201031.0/compose/BaseOS/x86_64/os/Packages/info-6.5-6.el8.x86_64.rpm
2020-10-31T05:00:56Z INFO Downloading: http://download-node-02.eng.bos.redhat.com/rhel-8/devel/candidate-trees/RHEL-8/RHEL-8.3.0-updates-20201031.0/compose/BaseOS/x86_64/os/Packages/initscripts-10.00.9-1.el8.x86_64.rpm
2020-10-31T05:00:56Z INFO Downloading: http://download-node-02.eng.bos.redhat.com/rhel-8/devel/candidate-trees/RHEL-8/RHEL-8.3.0-updates-20201031.0/compose/BaseOS/x86_64/os/Packages/ipcalc-0.2.4-4.el8.x86_64.rpm
2020-10-31T05:00:56Z INFO Downloading: http://download-node-02.eng.bos.redhat.com/rhel-8/devel/candidate-trees/RHEL-8/RHEL-8.3.0-updates-20201031.0/compose/BaseOS/x86_64/os/Packages/iproute-5.3.0-5.el8.x86_64.rpm
2020-10-31T05:00:56Z INFO Downloading: http://download-node-02.eng.bos.redhat.com/rhel-8/devel/candidate-trees/RHEL-8/RHEL-8.3.0-updates-20201031.0/compose/BaseOS/x86_64/os/Packages/ipset-7.1-1.el8.x86_64.rpm
2020-10-31T05:00:56Z INFO Downloading: http://download-node-02.eng.bos.redhat.com/rhel-8/devel/candidate-trees/RHEL-8/RHEL-8.3.0-updates-20201031.0/compose/BaseOS/x86_64/os/Packages/ipset-libs-7.1-1.el8.x86_64.rpm
2020-10-31T05:00:56Z INFO Downloading: http://download-node-02.eng.bos.redhat.com/rhel-8/devel/candidate-trees/RHEL-8/RHEL-8.3.0-updates-20201031.0/compose/BaseOS/x86_64/os/Packages/iptables-1.8.4-15.el8.x86_64.rpm
2020-10-31T05:00:56Z INFO Downloading: http://download-node-02.eng.bos.redhat.com/rhel-8/devel/candidate-trees/RHEL-8/RHEL-8.3.0-updates-20201031.0/compose/BaseOS/x86_64/os/Packages/iptables-ebtables-1.8.4-15.el8.x86_64.rpm
2020-10-31T05:00:56Z INFO Downloading: http://download-node-02.eng.bos.redhat.com/rhel-8/devel/candidate-trees/RHEL-8/RHEL-8.3.0-updates-20201031.0/compose/BaseOS/x86_64/os/Packages/iptables-libs-1.8.4-15.el8.x86_64.rpm
2020-10-31T05:00:56Z INFO Downloading: http://download-node-02.eng.bos.redhat.com/rhel-8/devel/candidate-trees/RHEL-8/RHEL-8.3.0-updates-20201031.0/compose/BaseOS/x86_64/os/Packages/iputils-20180629-2.el8.x86_64.rpm
2020-10-31T05:00:56Z INFO Downloading: http://download-node-02.eng.bos.redhat.com/rhel-8/devel/candidate-trees/RHEL-8/RHEL-8.3.0-updates-20201031.0/compose/BaseOS/x86_64/os/Packages/irqbalance-1.4.0-4.el8.x86_64.rpm
2020-10-31T05:00:56Z INFO Downloading: http://download-node-02.eng.bos.redhat.com/rhel-8/devel/candidate-trees/RHEL-8/RHEL-8.3.0-updates-20201031.0/compose/BaseOS/x86_64/os/Packages/jansson-2.11-3.el8.x86_64.rpm
2020-10-31T05:00:56Z INFO Downloading: http://download-node-02.eng.bos.redhat.com/rhel-8/devel/candidate-trees/RHEL-8/RHEL-8.3.0-updates-20201031.0/compose/BaseOS/x86_64/os/Packages/json-c-0.13.1-0.2.el8.x86_64.rpm
2020-10-31T05:00:56Z INFO Downloading: http://download-node-02.eng.bos.redhat.com/rhel-8/devel/candidate-trees/RHEL-8/RHEL-8.3.0-updates-20201031.0/compose/BaseOS/x86_64/os/Packages/json-glib-1.4.4-1.el8.x86_64.rpm
2020-10-31T05:00:56Z INFO Downloading: http://download-node-02.eng.bos.redhat.com/rhel-8/devel/candidate-trees/RHEL-8/RHEL-8.3.0-updates-20201031.0/compose/BaseOS/x86_64/os/Packages/kbd-2.0.4-10.el8.x86_64.rpm
2020-10-31T05:00:56Z INFO Downloading: http://download-node-02.eng.bos.redhat.com/rhel-8/devel/candidate-trees/RHEL-8/RHEL-8.3.0-updates-20201031.0/compose/BaseOS/x86_64/os/Packages/kbd-legacy-2.0.4-10.el8.noarch.rpm
2020-10-31T05:00:57Z INFO Downloading: http://download-node-02.eng.bos.redhat.com/rhel-8/devel/candidate-trees/RHEL-8/RHEL-8.3.0-updates-20201031.0/compose/BaseOS/x86_64/os/Packages/kbd-misc-2.0.4-10.el8.noarch.rpm
2020-10-31T05:00:57Z INFO Downloading: http://download-node-02.eng.bos.redhat.com/rhel-8/devel/candidate-trees/RHEL-8/RHEL-8.3.0-updates-20201031.0/compose/BaseOS/x86_64/os/Packages/kernel-4.18.0-240.1.1.el8_3.x86_64.rpm
2020-10-31T05:00:57Z INFO Downloading: http://download-node-02.eng.bos.redhat.com/rhel-8/devel/candidate-trees/RHEL-8/RHEL-8.3.0-updates-20201031.0/compose/BaseOS/x86_64/os/Packages/kernel-core-4.18.0-240.1.1.el8_3.x86_64.rpm
2020-10-31T05:00:57Z INFO Downloading: http://download-node-02.eng.bos.redhat.com/rhel-8/devel/candidate-trees/RHEL-8/RHEL-8.3.0-updates-20201031.0/compose/BaseOS/x86_64/os/Packages/kernel-modules-4.18.0-240.1.1.el8_3.x86_64.rpm
2020-10-31T05:00:57Z INFO Downloading: http://download-node-02.eng.bos.redhat.com/rhel-8/devel/candidate-trees/RHEL-8/RHEL-8.3.0-updates-20201031.0/compose/BaseOS/x86_64/os/Packages/kernel-tools-4.18.0-240.1.1.el8_3.x86_64.rpm
2020-10-31T05:00:57Z INFO Downloading: http://download-node-02.eng.bos.redhat.com/rhel-8/devel/candidate-trees/RHEL-8/RHEL-8.3.0-updates-20201031.0/compose/BaseOS/x86_64/os/Packages/kernel-tools-libs-4.18.0-240.1.1.el8_3.x86_64.rpm
2020-10-31T05:00:58Z INFO Downloading: http://download-node-02.eng.bos.redhat.com/rhel-8/devel/candidate-trees/RHEL-8/RHEL-8.3.0-updates-20201031.0/compose/BaseOS/x86_64/os/Packages/kexec-tools-2.0.20-34.el8.x86_64.rpm
2020-10-31T05:00:58Z INFO Downloading: http://download-node-02.eng.bos.redhat.com/rhel-8/devel/candidate-trees/RHEL-8/RHEL-8.3.0-updates-20201031.0/compose/BaseOS/x86_64/os/Packages/keyutils-libs-1.5.10-6.el8.x86_64.rpm
2020-10-31T05:00:58Z INFO Downloading: http://download-node-02.eng.bos.redhat.com/rhel-8/devel/candidate-trees/RHEL-8/RHEL-8.3.0-updates-20201031.0/compose/BaseOS/x86_64/os/Packages/kmod-25-16.el8.x86_64.rpm
2020-10-31T05:00:58Z INFO Downloading: http://download-node-02.eng.bos.redhat.com/rhel-8/devel/candidate-trees/RHEL-8/RHEL-8.3.0-updates-20201031.0/compose/BaseOS/x86_64/os/Packages/kmod-libs-25-16.el8.x86_64.rpm
2020-10-31T05:00:58Z INFO Downloading: http://download-node-02.eng.bos.redhat.com/rhel-8/devel/candidate-trees/RHEL-8/RHEL-8.3.0-updates-20201031.0/compose/BaseOS/x86_64/os/Packages/kpartx-0.8.4-5.el8.x86_64.rpm
2020-10-31T05:00:58Z INFO Downloading: http://download-node-02.eng.bos.redhat.com/rhel-8/devel/candidate-trees/RHEL-8/RHEL-8.3.0-updates-20201031.0/compose/BaseOS/x86_64/os/Packages/krb5-libs-1.18.2-5.el8.x86_64.rpm
2020-10-31T05:00:58Z INFO Downloading: http://download-node-02.eng.bos.redhat.com/rhel-8/devel/candidate-trees/RHEL-8/RHEL-8.3.0-updates-20201031.0/compose/BaseOS/x86_64/os/Packages/less-530-1.el8.x86_64.rpm
2020-10-31T05:00:58Z INFO Downloading: http://download-node-02.eng.bos.redhat.com/rhel-8/devel/candidate-trees/RHEL-8/RHEL-8.3.0-updates-20201031.0/compose/BaseOS/x86_64/os/Packages/libacl-2.2.53-1.el8.x86_64.rpm
2020-10-31T05:00:58Z INFO Downloading: http://download-node-02.eng.bos.redhat.com/rhel-8/devel/candidate-trees/RHEL-8/RHEL-8.3.0-updates-20201031.0/compose/BaseOS/x86_64/os/Packages/libarchive-3.3.2-9.el8.x86_64.rpm
2020-10-31T05:00:58Z INFO Downloading: http://download-node-02.eng.bos.redhat.com/rhel-8/devel/candidate-trees/RHEL-8/RHEL-8.3.0-updates-20201031.0/compose/BaseOS/x86_64/os/Packages/libassuan-2.5.1-3.el8.x86_64.rpm
2020-10-31T05:00:58Z INFO Downloading: http://download-node-02.eng.bos.redhat.com/rhel-8/devel/candidate-trees/RHEL-8/RHEL-8.3.0-updates-20201031.0/compose/BaseOS/x86_64/os/Packages/libattr-2.4.48-3.el8.x86_64.rpm
2020-10-31T05:00:58Z INFO Downloading: http://download-node-02.eng.bos.redhat.com/rhel-8/devel/candidate-trees/RHEL-8/RHEL-8.3.0-updates-20201031.0/compose/BaseOS/x86_64/os/Packages/libbasicobjects-0.1.1-39.el8.x86_64.rpm
2020-10-31T05:00:58Z INFO Downloading: http://download-node-02.eng.bos.redhat.com/rhel-8/devel/candidate-trees/RHEL-8/RHEL-8.3.0-updates-20201031.0/compose/BaseOS/x86_64/os/Packages/libblkid-2.32.1-24.el8.x86_64.rpm
2020-10-31T05:00:58Z INFO Downloading: http://download-node-02.eng.bos.redhat.com/rhel-8/devel/candidate-trees/RHEL-8/RHEL-8.3.0-updates-20201031.0/compose/BaseOS/x86_64/os/Packages/libcap-2.26-4.el8.x86_64.rpm
2020-10-31T05:00:58Z INFO Downloading: http://download-node-02.eng.bos.redhat.com/rhel-8/devel/candidate-trees/RHEL-8/RHEL-8.3.0-updates-20201031.0/compose/BaseOS/x86_64/os/Packages/libcap-ng-0.7.9-5.el8.x86_64.rpm
2020-10-31T05:00:58Z INFO Downloading: http://download-node-02.eng.bos.redhat.com/rhel-8/devel/candidate-trees/RHEL-8/RHEL-8.3.0-updates-20201031.0/compose/BaseOS/x86_64/os/Packages/libcollection-0.7.0-39.el8.x86_64.rpm
2020-10-31T05:00:58Z INFO Downloading: http://download-node-02.eng.bos.redhat.com/rhel-8/devel/candidate-trees/RHEL-8/RHEL-8.3.0-updates-20201031.0/compose/BaseOS/x86_64/os/Packages/libcom_err-1.45.6-1.el8.x86_64.rpm
2020-10-31T05:00:58Z INFO Downloading: http://download-node-02.eng.bos.redhat.com/rhel-8/devel/candidate-trees/RHEL-8/RHEL-8.3.0-updates-20201031.0/compose/BaseOS/x86_64/os/Packages/libcomps-0.1.11-4.el8.x86_64.rpm
2020-10-31T05:00:58Z INFO Downloading: http://download-node-02.eng.bos.redhat.com/rhel-8/devel/candidate-trees/RHEL-8/RHEL-8.3.0-updates-20201031.0/compose/BaseOS/x86_64/os/Packages/libcroco-0.6.12-4.el8_2.1.x86_64.rpm
2020-10-31T05:00:58Z INFO Downloading: http://download-node-02.eng.bos.redhat.com/rhel-8/devel/candidate-trees/RHEL-8/RHEL-8.3.0-updates-20201031.0/compose/BaseOS/x86_64/os/Packages/libcurl-7.61.1-14.el8.x86_64.rpm
2020-10-31T05:00:58Z INFO Downloading: http://download-node-02.eng.bos.redhat.com/rhel-8/devel/candidate-trees/RHEL-8/RHEL-8.3.0-updates-20201031.0/compose/BaseOS/x86_64/os/Packages/libdaemon-0.14-15.el8.x86_64.rpm
2020-10-31T05:00:58Z INFO Downloading: http://download-node-02.eng.bos.redhat.com/rhel-8/devel/candidate-trees/RHEL-8/RHEL-8.3.0-updates-20201031.0/compose/BaseOS/x86_64/os/Packages/libdb-5.3.28-39.el8.x86_64.rpm
2020-10-31T05:00:58Z INFO Downloading: http://download-node-02.eng.bos.redhat.com/rhel-8/devel/candidate-trees/RHEL-8/RHEL-8.3.0-updates-20201031.0/compose/BaseOS/x86_64/os/Packages/libdb-utils-5.3.28-39.el8.x86_64.rpm
2020-10-31T05:00:58Z INFO Downloading: http://download-node-02.eng.bos.redhat.com/rhel-8/devel/candidate-trees/RHEL-8/RHEL-8.3.0-updates-20201031.0/compose/BaseOS/x86_64/os/Packages/libdhash-0.5.0-39.el8.x86_64.rpm
2020-10-31T05:00:58Z INFO Downloading: http://download-node-02.eng.bos.redhat.com/rhel-8/devel/candidate-trees/RHEL-8/RHEL-8.3.0-updates-20201031.0/compose/BaseOS/x86_64/os/Packages/libdnf-0.48.0-5.el8.x86_64.rpm
2020-10-31T05:00:58Z INFO Downloading: http://download-node-02.eng.bos.redhat.com/rhel-8/devel/candidate-trees/RHEL-8/RHEL-8.3.0-updates-20201031.0/compose/BaseOS/x86_64/os/Packages/libedit-3.1-23.20170329cvs.el8.x86_64.rpm
2020-10-31T05:00:58Z INFO Downloading: http://download-node-02.eng.bos.redhat.com/rhel-8/devel/candidate-trees/RHEL-8/RHEL-8.3.0-updates-20201031.0/compose/BaseOS/x86_64/os/Packages/libevent-2.1.8-5.el8.x86_64.rpm
2020-10-31T05:00:58Z INFO Downloading: http://download-node-02.eng.bos.redhat.com/rhel-8/devel/candidate-trees/RHEL-8/RHEL-8.3.0-updates-20201031.0/compose/BaseOS/x86_64/os/Packages/libfdisk-2.32.1-24.el8.x86_64.rpm
2020-10-31T05:00:58Z INFO Downloading: http://download-node-02.eng.bos.redhat.com/rhel-8/devel/candidate-trees/RHEL-8/RHEL-8.3.0-updates-20201031.0/compose/BaseOS/x86_64/os/Packages/libffi-3.1-22.el8.x86_64.rpm
2020-10-31T05:00:58Z INFO Downloading: http://download-node-02.eng.bos.redhat.com/rhel-8/devel/candidate-trees/RHEL-8/RHEL-8.3.0-updates-20201031.0/compose/BaseOS/x86_64/os/Packages/libgcc-8.3.1-5.1.el8.x86_64.rpm
2020-10-31T05:00:58Z INFO Downloading: http://download-node-02.eng.bos.redhat.com/rhel-8/devel/candidate-trees/RHEL-8/RHEL-8.3.0-updates-20201031.0/compose/BaseOS/x86_64/os/Packages/libgcrypt-1.8.5-4.el8.x86_64.rpm
2020-10-31T05:00:58Z INFO Downloading: http://download-node-02.eng.bos.redhat.com/rhel-8/devel/candidate-trees/RHEL-8/RHEL-8.3.0-updates-20201031.0/compose/BaseOS/x86_64/os/Packages/libgomp-8.3.1-5.1.el8.x86_64.rpm
2020-10-31T05:00:58Z INFO Downloading: http://download-node-02.eng.bos.redhat.com/rhel-8/devel/candidate-trees/RHEL-8/RHEL-8.3.0-updates-20201031.0/compose/BaseOS/x86_64/os/Packages/libgpg-error-1.31-1.el8.x86_64.rpm
2020-10-31T05:00:58Z INFO Downloading: http://download-node-02.eng.bos.redhat.com/rhel-8/devel/candidate-trees/RHEL-8/RHEL-8.3.0-updates-20201031.0/compose/AppStream/x86_64/os/Packages/unbound-libs-1.7.3-14.el8.x86_64.rpm
2020-10-31T05:00:58Z INFO Downloading: http://download-node-02.eng.bos.redhat.com/rhel-8/devel/candidate-trees/RHEL-8/RHEL-8.3.0-updates-20201031.0/compose/BaseOS/x86_64/os/Packages/libidn2-2.2.0-1.el8.x86_64.rpm
2020-10-31T05:00:58Z INFO Downloading: http://download-node-02.eng.bos.redhat.com/rhel-8/devel/candidate-trees/RHEL-8/RHEL-8.3.0-updates-20201031.0/compose/BaseOS/x86_64/os/Packages/libini_config-1.3.1-39.el8.x86_64.rpm
2020-10-31T05:00:58Z INFO Downloading: http://download-node-02.eng.bos.redhat.com/rhel-8/devel/candidate-trees/RHEL-8/RHEL-8.3.0-updates-20201031.0/compose/BaseOS/x86_64/os/Packages/libkcapi-1.2.0-2.el8.x86_64.rpm
2020-10-31T05:00:58Z INFO Downloading: http://download-node-02.eng.bos.redhat.com/rhel-8/devel/candidate-trees/RHEL-8/RHEL-8.3.0-updates-20201031.0/compose/BaseOS/x86_64/os/Packages/libkcapi-hmaccalc-1.2.0-2.el8.x86_64.rpm
2020-10-31T05:00:58Z INFO Downloading: http://download-node-02.eng.bos.redhat.com/rhel-8/devel/candidate-trees/RHEL-8/RHEL-8.3.0-updates-20201031.0/compose/BaseOS/x86_64/os/Packages/libksba-1.3.5-7.el8.x86_64.rpm
2020-10-31T05:00:58Z INFO Downloading: http://download-node-02.eng.bos.redhat.com/rhel-8/devel/candidate-trees/RHEL-8/RHEL-8.3.0-updates-20201031.0/compose/BaseOS/x86_64/os/Packages/libldb-2.1.3-2.el8.x86_64.rpm
2020-10-31T05:00:58Z INFO Downloading: http://download-node-02.eng.bos.redhat.com/rhel-8/devel/candidate-trees/RHEL-8/RHEL-8.3.0-updates-20201031.0/compose/BaseOS/x86_64/os/Packages/libmetalink-0.1.3-7.el8.x86_64.rpm
2020-10-31T05:00:58Z INFO Downloading: http://download-node-02.eng.bos.redhat.com/rhel-8/devel/candidate-trees/RHEL-8/RHEL-8.3.0-updates-20201031.0/compose/BaseOS/x86_64/os/Packages/libmnl-1.0.4-6.el8.x86_64.rpm
2020-10-31T05:00:58Z INFO Downloading: http://download-node-02.eng.bos.redhat.com/rhel-8/devel/candidate-trees/RHEL-8/RHEL-8.3.0-updates-20201031.0/compose/BaseOS/x86_64/os/Packages/libmodulemd-2.9.4-2.el8.x86_64.rpm
2020-10-31T05:00:58Z INFO Downloading: http://download-node-02.eng.bos.redhat.com/rhel-8/devel/candidate-trees/RHEL-8/RHEL-8.3.0-updates-20201031.0/compose/BaseOS/x86_64/os/Packages/libmount-2.32.1-24.el8.x86_64.rpm
2020-10-31T05:00:58Z INFO Downloading: http://download-node-02.eng.bos.redhat.com/rhel-8/devel/candidate-trees/RHEL-8/RHEL-8.3.0-updates-20201031.0/compose/BaseOS/x86_64/os/Packages/libndp-1.7-3.el8.x86_64.rpm
2020-10-31T05:00:58Z INFO Downloading: http://download-node-02.eng.bos.redhat.com/rhel-8/devel/candidate-trees/RHEL-8/RHEL-8.3.0-updates-20201031.0/compose/BaseOS/x86_64/os/Packages/libnetfilter_conntrack-1.0.6-5.el8.x86_64.rpm
2020-10-31T05:00:58Z INFO Downloading: http://download-node-02.eng.bos.redhat.com/rhel-8/devel/candidate-trees/RHEL-8/RHEL-8.3.0-updates-20201031.0/compose/BaseOS/x86_64/os/Packages/libnfnetlink-1.0.1-13.el8.x86_64.rpm
2020-10-31T05:00:58Z INFO Downloading: http://download-node-02.eng.bos.redhat.com/rhel-8/devel/candidate-trees/RHEL-8/RHEL-8.3.0-updates-20201031.0/compose/BaseOS/x86_64/os/Packages/libnfsidmap-2.3.3-35.el8.x86_64.rpm
2020-10-31T05:00:58Z INFO Downloading: http://download-node-02.eng.bos.redhat.com/rhel-8/devel/candidate-trees/RHEL-8/RHEL-8.3.0-updates-20201031.0/compose/BaseOS/x86_64/os/Packages/libnftnl-1.1.5-4.el8.x86_64.rpm
2020-10-31T05:00:58Z INFO Downloading: http://download-node-02.eng.bos.redhat.com/rhel-8/devel/candidate-trees/RHEL-8/RHEL-8.3.0-updates-20201031.0/compose/BaseOS/x86_64/os/Packages/libnghttp2-1.33.0-3.el8_2.1.x86_64.rpm
2020-10-31T05:00:58Z INFO Downloading: http://download-node-02.eng.bos.redhat.com/rhel-8/devel/candidate-trees/RHEL-8/RHEL-8.3.0-updates-20201031.0/compose/BaseOS/x86_64/os/Packages/libnl3-3.5.0-1.el8.x86_64.rpm
2020-10-31T05:00:58Z INFO Downloading: http://download-node-02.eng.bos.redhat.com/rhel-8/devel/candidate-trees/RHEL-8/RHEL-8.3.0-updates-20201031.0/compose/BaseOS/x86_64/os/Packages/libnl3-cli-3.5.0-1.el8.x86_64.rpm
2020-10-31T05:00:58Z INFO Downloading: http://download-node-02.eng.bos.redhat.com/rhel-8/devel/candidate-trees/RHEL-8/RHEL-8.3.0-updates-20201031.0/compose/BaseOS/x86_64/os/Packages/libnsl2-1.2.0-2.20180605git4a062cf.el8.x86_64.rpm
2020-10-31T05:00:58Z INFO Downloading: http://download-node-02.eng.bos.redhat.com/rhel-8/devel/candidate-trees/RHEL-8/RHEL-8.3.0-updates-20201031.0/compose/BaseOS/x86_64/os/Packages/libpath_utils-0.2.1-39.el8.x86_64.rpm
2020-10-31T05:00:58Z INFO Downloading: http://download-node-02.eng.bos.redhat.com/rhel-8/devel/candidate-trees/RHEL-8/RHEL-8.3.0-updates-20201031.0/compose/BaseOS/x86_64/os/Packages/libpcap-1.9.1-4.el8.x86_64.rpm
2020-10-31T05:00:58Z INFO Downloading: http://download-node-02.eng.bos.redhat.com/rhel-8/devel/candidate-trees/RHEL-8/RHEL-8.3.0-updates-20201031.0/compose/BaseOS/x86_64/os/Packages/libpipeline-1.5.0-2.el8.x86_64.rpm
2020-10-31T05:00:58Z INFO Downloading: http://download-node-02.eng.bos.redhat.com/rhel-8/devel/candidate-trees/RHEL-8/RHEL-8.3.0-updates-20201031.0/compose/BaseOS/x86_64/os/Packages/libpng-1.6.34-5.el8.x86_64.rpm
2020-10-31T05:00:58Z INFO Downloading: http://download-node-02.eng.bos.redhat.com/rhel-8/devel/candidate-trees/RHEL-8/RHEL-8.3.0-updates-20201031.0/compose/BaseOS/x86_64/os/Packages/libpsl-0.20.2-6.el8.x86_64.rpm
2020-10-31T05:00:58Z INFO Downloading: http://download-node-02.eng.bos.redhat.com/rhel-8/devel/candidate-trees/RHEL-8/RHEL-8.3.0-updates-20201031.0/compose/BaseOS/x86_64/os/Packages/libpwquality-1.4.0-9.el8.x86_64.rpm
2020-10-31T05:00:58Z INFO Downloading: http://download-node-02.eng.bos.redhat.com/rhel-8/devel/candidate-trees/RHEL-8/RHEL-8.3.0-updates-20201031.0/compose/BaseOS/x86_64/os/Packages/libref_array-0.1.5-39.el8.x86_64.rpm
2020-10-31T05:00:58Z INFO Downloading: http://download-node-02.eng.bos.redhat.com/rhel-8/devel/candidate-trees/RHEL-8/RHEL-8.3.0-updates-20201031.0/compose/BaseOS/x86_64/os/Packages/librepo-1.12.0-2.el8.x86_64.rpm
2020-10-31T05:00:58Z INFO Downloading: http://download-node-02.eng.bos.redhat.com/rhel-8/devel/candidate-trees/RHEL-8/RHEL-8.3.0-updates-20201031.0/compose/BaseOS/x86_64/os/Packages/libreport-filesystem-2.9.5-15.el8.x86_64.rpm
2020-10-31T05:00:58Z INFO Downloading: http://download-node-02.eng.bos.redhat.com/rhel-8/devel/candidate-trees/RHEL-8/RHEL-8.3.0-updates-20201031.0/compose/BaseOS/x86_64/os/Packages/librhsm-0.0.3-3.el8.x86_64.rpm
2020-10-31T05:00:58Z INFO Downloading: http://download-node-02.eng.bos.redhat.com/rhel-8/devel/candidate-trees/RHEL-8/RHEL-8.3.0-updates-20201031.0/compose/BaseOS/x86_64/os/Packages/libseccomp-2.4.3-1.el8.x86_64.rpm
2020-10-31T05:00:58Z INFO Downloading: http://download-node-02.eng.bos.redhat.com/rhel-8/devel/candidate-trees/RHEL-8/RHEL-8.3.0-updates-20201031.0/compose/BaseOS/x86_64/os/Packages/libsecret-0.18.6-1.el8.x86_64.rpm
2020-10-31T05:00:58Z INFO Downloading: http://download-node-02.eng.bos.redhat.com/rhel-8/devel/candidate-trees/RHEL-8/RHEL-8.3.0-updates-20201031.0/compose/BaseOS/x86_64/os/Packages/libselinux-2.9-4.el8_3.x86_64.rpm
2020-10-31T05:00:58Z INFO Downloading: http://download-node-02.eng.bos.redhat.com/rhel-8/devel/candidate-trees/RHEL-8/RHEL-8.3.0-updates-20201031.0/compose/BaseOS/x86_64/os/Packages/libselinux-utils-2.9-4.el8_3.x86_64.rpm
2020-10-31T05:00:58Z INFO Downloading: http://download-node-02.eng.bos.redhat.com/rhel-8/devel/candidate-trees/RHEL-8/RHEL-8.3.0-updates-20201031.0/compose/BaseOS/x86_64/os/Packages/libsemanage-2.9-3.el8.x86_64.rpm
2020-10-31T05:00:58Z INFO Downloading: http://download-node-02.eng.bos.redhat.com/rhel-8/devel/candidate-trees/RHEL-8/RHEL-8.3.0-updates-20201031.0/compose/BaseOS/x86_64/os/Packages/libsepol-2.9-1.el8.x86_64.rpm
2020-10-31T05:00:58Z INFO Downloading: http://download-node-02.eng.bos.redhat.com/rhel-8/devel/candidate-trees/RHEL-8/RHEL-8.3.0-updates-20201031.0/compose/BaseOS/x86_64/os/Packages/libsigsegv-2.11-5.el8.x86_64.rpm
2020-10-31T05:00:58Z INFO Downloading: http://download-node-02.eng.bos.redhat.com/rhel-8/devel/candidate-trees/RHEL-8/RHEL-8.3.0-updates-20201031.0/compose/AppStream/x86_64/os/Packages/xkeyboard-config-2.28-1.el8.noarch.rpm
2020-10-31T05:00:58Z INFO Downloading: http://download-node-02.eng.bos.redhat.com/rhel-8/devel/candidate-trees/RHEL-8/RHEL-8.3.0-updates-20201031.0/compose/BaseOS/x86_64/os/Packages/libsmartcols-2.32.1-24.el8.x86_64.rpm
2020-10-31T05:00:58Z INFO Downloading: http://download-node-02.eng.bos.redhat.com/rhel-8/devel/candidate-trees/RHEL-8/RHEL-8.3.0-updates-20201031.0/compose/BaseOS/x86_64/os/Packages/libsolv-0.7.11-1.el8.x86_64.rpm
2020-10-31T05:00:58Z INFO Downloading: http://download-node-02.eng.bos.redhat.com/rhel-8/devel/candidate-trees/RHEL-8/RHEL-8.3.0-updates-20201031.0/compose/BaseOS/x86_64/os/Packages/libss-1.45.6-1.el8.x86_64.rpm
2020-10-31T05:00:58Z INFO Downloading: http://download-node-02.eng.bos.redhat.com/rhel-8/devel/candidate-trees/RHEL-8/RHEL-8.3.0-updates-20201031.0/compose/BaseOS/x86_64/os/Packages/libssh-0.9.4-2.el8.x86_64.rpm
2020-10-31T05:00:58Z INFO Downloading: http://download-node-02.eng.bos.redhat.com/rhel-8/devel/candidate-trees/RHEL-8/RHEL-8.3.0-updates-20201031.0/compose/BaseOS/x86_64/os/Packages/libssh-config-0.9.4-2.el8.noarch.rpm
2020-10-31T05:00:58Z INFO Downloading: http://download-node-02.eng.bos.redhat.com/rhel-8/devel/candidate-trees/RHEL-8/RHEL-8.3.0-updates-20201031.0/compose/BaseOS/x86_64/os/Packages/libsss_autofs-2.3.0-9.el8.x86_64.rpm
2020-10-31T05:00:58Z INFO Downloading: http://download-node-02.eng.bos.redhat.com/rhel-8/devel/candidate-trees/RHEL-8/RHEL-8.3.0-updates-20201031.0/compose/BaseOS/x86_64/os/Packages/libsss_certmap-2.3.0-9.el8.x86_64.rpm
2020-10-31T05:00:58Z INFO Downloading: http://download-node-02.eng.bos.redhat.com/rhel-8/devel/candidate-trees/RHEL-8/RHEL-8.3.0-updates-20201031.0/compose/BaseOS/x86_64/os/Packages/libsss_idmap-2.3.0-9.el8.x86_64.rpm
2020-10-31T05:00:58Z INFO Downloading: http://download-node-02.eng.bos.redhat.com/rhel-8/devel/candidate-trees/RHEL-8/RHEL-8.3.0-updates-20201031.0/compose/BaseOS/x86_64/os/Packages/libsss_nss_idmap-2.3.0-9.el8.x86_64.rpm
2020-10-31T05:00:58Z INFO Downloading: http://download-node-02.eng.bos.redhat.com/rhel-8/devel/candidate-trees/RHEL-8/RHEL-8.3.0-updates-20201031.0/compose/BaseOS/x86_64/os/Packages/libsss_sudo-2.3.0-9.el8.x86_64.rpm
2020-10-31T05:00:58Z INFO Downloading: http://download-node-02.eng.bos.redhat.com/rhel-8/devel/candidate-trees/RHEL-8/RHEL-8.3.0-updates-20201031.0/compose/BaseOS/x86_64/os/Packages/libstdc%2b%2b-8.3.1-5.1.el8.x86_64.rpm
2020-10-31T05:00:58Z INFO Downloading: http://download-node-02.eng.bos.redhat.com/rhel-8/devel/candidate-trees/RHEL-8/RHEL-8.3.0-updates-20201031.0/compose/BaseOS/x86_64/os/Packages/libsysfs-2.1.0-24.el8.x86_64.rpm
2020-10-31T05:00:58Z INFO Downloading: http://download-node-02.eng.bos.redhat.com/rhel-8/devel/candidate-trees/RHEL-8/RHEL-8.3.0-updates-20201031.0/compose/BaseOS/x86_64/os/Packages/libtalloc-2.3.1-2.el8.x86_64.rpm
2020-10-31T05:00:58Z INFO Downloading: http://download-node-02.eng.bos.redhat.com/rhel-8/devel/candidate-trees/RHEL-8/RHEL-8.3.0-updates-20201031.0/compose/BaseOS/x86_64/os/Packages/libtasn1-4.13-3.el8.x86_64.rpm
2020-10-31T05:00:58Z INFO Downloading: http://download-node-02.eng.bos.redhat.com/rhel-8/devel/candidate-trees/RHEL-8/RHEL-8.3.0-updates-20201031.0/compose/BaseOS/x86_64/os/Packages/libtdb-1.4.3-1.el8.x86_64.rpm
2020-10-31T05:00:58Z INFO Downloading: http://download-node-02.eng.bos.redhat.com/rhel-8/devel/candidate-trees/RHEL-8/RHEL-8.3.0-updates-20201031.0/compose/BaseOS/x86_64/os/Packages/libteam-1.31-2.el8.x86_64.rpm
2020-10-31T05:00:58Z INFO Downloading: http://download-node-02.eng.bos.redhat.com/rhel-8/devel/candidate-trees/RHEL-8/RHEL-8.3.0-updates-20201031.0/compose/BaseOS/x86_64/os/Packages/libtevent-0.10.2-2.el8.x86_64.rpm
2020-10-31T05:00:58Z INFO Downloading: http://download-node-02.eng.bos.redhat.com/rhel-8/devel/candidate-trees/RHEL-8/RHEL-8.3.0-updates-20201031.0/compose/BaseOS/x86_64/os/Packages/libtirpc-1.1.4-4.el8.x86_64.rpm
2020-10-31T05:00:58Z INFO Downloading: http://download-node-02.eng.bos.redhat.com/rhel-8/devel/candidate-trees/RHEL-8/RHEL-8.3.0-updates-20201031.0/compose/AppStream/x86_64/os/Packages/insights-client-3.1.0-3.el8.noarch.rpm
2020-10-31T05:00:58Z INFO Downloading: http://download-node-02.eng.bos.redhat.com/rhel-8/devel/candidate-trees/RHEL-8/RHEL-8.3.0-updates-20201031.0/compose/BaseOS/x86_64/os/Packages/libunistring-0.9.9-3.el8.x86_64.rpm
2020-10-31T05:00:58Z INFO Downloading: http://download-node-02.eng.bos.redhat.com/rhel-8/devel/candidate-trees/RHEL-8/RHEL-8.3.0-updates-20201031.0/compose/BaseOS/x86_64/os/Packages/libusbx-1.0.23-4.el8.x86_64.rpm
2020-10-31T05:00:58Z INFO Downloading: http://download-node-02.eng.bos.redhat.com/rhel-8/devel/candidate-trees/RHEL-8/RHEL-8.3.0-updates-20201031.0/compose/BaseOS/x86_64/os/Packages/libuser-0.62-23.el8.x86_64.rpm
2020-10-31T05:00:58Z INFO Downloading: http://download-node-02.eng.bos.redhat.com/rhel-8/devel/candidate-trees/RHEL-8/RHEL-8.3.0-updates-20201031.0/compose/BaseOS/x86_64/os/Packages/libutempter-1.1.6-14.el8.x86_64.rpm
2020-10-31T05:00:58Z INFO Downloading: http://download-node-02.eng.bos.redhat.com/rhel-8/devel/candidate-trees/RHEL-8/RHEL-8.3.0-updates-20201031.0/compose/BaseOS/x86_64/os/Packages/libuuid-2.32.1-24.el8.x86_64.rpm
2020-10-31T05:00:58Z INFO Downloading: http://download.eng.bos.redhat.com/rhel-8/devel/candidate-trees/RHUI/latest-RHUI-Client-3-RHEL-8/compose/RHUI/x86_64/os/Packages/rh-amazon-rhui-client-3.0.32-1.el8.noarch.rpm
2020-10-31T05:00:58Z INFO Downloading: http://download-node-02.eng.bos.redhat.com/rhel-8/devel/candidate-trees/RHEL-8/RHEL-8.3.0-updates-20201031.0/compose/BaseOS/x86_64/os/Packages/libverto-0.3.0-5.el8.x86_64.rpm
2020-10-31T05:00:58Z INFO Downloading: http://download-node-02.eng.bos.redhat.com/rhel-8/devel/candidate-trees/RHEL-8/RHEL-8.3.0-updates-20201031.0/compose/BaseOS/x86_64/os/Packages/libxcrypt-4.1.1-4.el8.x86_64.rpm
2020-10-31T05:00:58Z INFO Downloading: http://download-node-02.eng.bos.redhat.com/rhel-8/devel/candidate-trees/RHEL-8/RHEL-8.3.0-updates-20201031.0/compose/BaseOS/x86_64/os/Packages/libxml2-2.9.7-8.el8.x86_64.rpm
2020-10-31T05:00:58Z INFO Downloading: http://download-node-02.eng.bos.redhat.com/rhel-8/devel/candidate-trees/RHEL-8/RHEL-8.3.0-updates-20201031.0/compose/BaseOS/x86_64/os/Packages/libyaml-0.1.7-5.el8.x86_64.rpm
2020-10-31T05:00:58Z INFO Downloading: http://download-node-02.eng.bos.redhat.com/rhel-8/devel/candidate-trees/RHEL-8/RHEL-8.3.0-updates-20201031.0/compose/BaseOS/x86_64/os/Packages/libzstd-1.4.4-1.el8.x86_64.rpm
2020-10-31T05:00:58Z INFO Downloading: http://download-node-02.eng.bos.redhat.com/rhel-8/devel/candidate-trees/RHEL-8/RHEL-8.3.0-updates-20201031.0/compose/BaseOS/x86_64/os/Packages/linux-firmware-20200619-99.git3890db36.el8.noarch.rpm
2020-10-31T05:00:58Z INFO Downloading: http://download-node-02.eng.bos.redhat.com/rhel-8/devel/candidate-trees/RHEL-8/RHEL-8.3.0-updates-20201031.0/compose/BaseOS/x86_64/os/Packages/logrotate-3.14.0-4.el8.x86_64.rpm
2020-10-31T05:00:58Z INFO Downloading: http://download-node-02.eng.bos.redhat.com/rhel-8/devel/candidate-trees/RHEL-8/RHEL-8.3.0-updates-20201031.0/compose/BaseOS/x86_64/os/Packages/lshw-B.02.19.2-2.el8.x86_64.rpm
2020-10-31T05:00:58Z INFO Downloading: http://download-node-02.eng.bos.redhat.com/rhel-8/devel/candidate-trees/RHEL-8/RHEL-8.3.0-updates-20201031.0/compose/BaseOS/x86_64/os/Packages/lsscsi-0.30-1.el8.x86_64.rpm
2020-10-31T05:00:58Z INFO Downloading: http://download-node-02.eng.bos.redhat.com/rhel-8/devel/candidate-trees/RHEL-8/RHEL-8.3.0-updates-20201031.0/compose/BaseOS/x86_64/os/Packages/lua-libs-5.3.4-11.el8.x86_64.rpm
2020-10-31T05:00:58Z INFO Downloading: http://download-node-02.eng.bos.redhat.com/rhel-8/devel/candidate-trees/RHEL-8/RHEL-8.3.0-updates-20201031.0/compose/BaseOS/x86_64/os/Packages/lz4-libs-1.8.3-2.el8.x86_64.rpm
2020-10-31T05:00:58Z INFO Downloading: http://download-node-02.eng.bos.redhat.com/rhel-8/devel/candidate-trees/RHEL-8/RHEL-8.3.0-updates-20201031.0/compose/BaseOS/x86_64/os/Packages/lzo-2.08-14.el8.x86_64.rpm
2020-10-31T05:00:58Z INFO Downloading: http://download-node-02.eng.bos.redhat.com/rhel-8/devel/candidate-trees/RHEL-8/RHEL-8.3.0-updates-20201031.0/compose/BaseOS/x86_64/os/Packages/man-db-2.7.6.1-17.el8.x86_64.rpm
2020-10-31T05:00:58Z INFO Downloading: http://download-node-02.eng.bos.redhat.com/rhel-8/devel/candidate-trees/RHEL-8/RHEL-8.3.0-updates-20201031.0/compose/BaseOS/x86_64/os/Packages/memstrack-0.1.11-1.el8.x86_64.rpm
2020-10-31T05:00:58Z INFO Downloading: http://download-node-02.eng.bos.redhat.com/rhel-8/devel/candidate-trees/RHEL-8/RHEL-8.3.0-updates-20201031.0/compose/BaseOS/x86_64/os/Packages/microcode_ctl-20200609-2.el8.x86_64.rpm
2020-10-31T05:00:58Z INFO Downloading: http://download-node-02.eng.bos.redhat.com/rhel-8/devel/candidate-trees/RHEL-8/RHEL-8.3.0-updates-20201031.0/compose/BaseOS/x86_64/os/Packages/mozjs60-60.9.0-4.el8.x86_64.rpm
2020-10-31T05:00:59Z INFO Downloading: http://download-node-02.eng.bos.redhat.com/rhel-8/devel/candidate-trees/RHEL-8/RHEL-8.3.0-updates-20201031.0/compose/BaseOS/x86_64/os/Packages/mpfr-3.1.6-1.el8.x86_64.rpm
2020-10-31T05:00:59Z INFO Downloading: http://download-node-02.eng.bos.redhat.com/rhel-8/devel/candidate-trees/RHEL-8/RHEL-8.3.0-updates-20201031.0/compose/BaseOS/x86_64/os/Packages/ncurses-6.1-7.20180224.el8.x86_64.rpm
2020-10-31T05:00:59Z INFO Downloading: http://download-node-02.eng.bos.redhat.com/rhel-8/devel/candidate-trees/RHEL-8/RHEL-8.3.0-updates-20201031.0/compose/BaseOS/x86_64/os/Packages/ncurses-base-6.1-7.20180224.el8.noarch.rpm
2020-10-31T05:00:59Z INFO Downloading: http://download-node-02.eng.bos.redhat.com/rhel-8/devel/candidate-trees/RHEL-8/RHEL-8.3.0-updates-20201031.0/compose/BaseOS/x86_64/os/Packages/ncurses-libs-6.1-7.20180224.el8.x86_64.rpm
2020-10-31T05:00:59Z INFO Downloading: http://download-node-02.eng.bos.redhat.com/rhel-8/devel/candidate-trees/RHEL-8/RHEL-8.3.0-updates-20201031.0/compose/BaseOS/x86_64/os/Packages/net-tools-2.0-0.52.20160912git.el8.x86_64.rpm
2020-10-31T05:00:59Z INFO Downloading: http://download-node-02.eng.bos.redhat.com/rhel-8/devel/candidate-trees/RHEL-8/RHEL-8.3.0-updates-20201031.0/compose/BaseOS/x86_64/os/Packages/nettle-3.4.1-2.el8.x86_64.rpm
2020-10-31T05:00:59Z INFO Downloading: http://download-node-02.eng.bos.redhat.com/rhel-8/devel/candidate-trees/RHEL-8/RHEL-8.3.0-updates-20201031.0/compose/BaseOS/x86_64/os/Packages/newt-0.52.20-11.el8.x86_64.rpm
2020-10-31T05:00:59Z INFO Downloading: http://download-node-02.eng.bos.redhat.com/rhel-8/devel/candidate-trees/RHEL-8/RHEL-8.3.0-updates-20201031.0/compose/BaseOS/x86_64/os/Packages/nftables-0.9.3-16.el8.x86_64.rpm
2020-10-31T05:00:59Z INFO Downloading: http://download-node-02.eng.bos.redhat.com/rhel-8/devel/candidate-trees/RHEL-8/RHEL-8.3.0-updates-20201031.0/compose/BaseOS/x86_64/os/Packages/npth-1.5-4.el8.x86_64.rpm
2020-10-31T05:00:59Z INFO Downloading: http://download-node-02.eng.bos.redhat.com/rhel-8/devel/candidate-trees/RHEL-8/RHEL-8.3.0-updates-20201031.0/compose/BaseOS/x86_64/os/Packages/numactl-libs-2.0.12-11.el8.x86_64.rpm
2020-10-31T05:00:59Z INFO Downloading: http://download-node-02.eng.bos.redhat.com/rhel-8/devel/candidate-trees/RHEL-8/RHEL-8.3.0-updates-20201031.0/compose/BaseOS/x86_64/os/Packages/openldap-2.4.46-15.el8.x86_64.rpm
2020-10-31T05:00:59Z INFO Downloading: http://download-node-02.eng.bos.redhat.com/rhel-8/devel/candidate-trees/RHEL-8/RHEL-8.3.0-updates-20201031.0/compose/AppStream/x86_64/os/Packages/langpacks-en-1.0-12.el8.noarch.rpm
2020-10-31T05:00:59Z INFO Downloading: http://download-node-02.eng.bos.redhat.com/rhel-8/devel/candidate-trees/RHEL-8/RHEL-8.3.0-updates-20201031.0/compose/BaseOS/x86_64/os/Packages/openssh-8.0p1-5.el8.x86_64.rpm
2020-10-31T05:00:59Z INFO Downloading: http://download-node-02.eng.bos.redhat.com/rhel-8/devel/candidate-trees/RHEL-8/RHEL-8.3.0-updates-20201031.0/compose/BaseOS/x86_64/os/Packages/openssh-clients-8.0p1-5.el8.x86_64.rpm
2020-10-31T05:00:59Z INFO Downloading: http://download-node-02.eng.bos.redhat.com/rhel-8/devel/candidate-trees/RHEL-8/RHEL-8.3.0-updates-20201031.0/compose/BaseOS/x86_64/os/Packages/openssh-server-8.0p1-5.el8.x86_64.rpm
2020-10-31T05:00:59Z INFO Downloading: http://download-node-02.eng.bos.redhat.com/rhel-8/devel/candidate-trees/RHEL-8/RHEL-8.3.0-updates-20201031.0/compose/BaseOS/x86_64/os/Packages/openssl-1.1.1g-11.el8.x86_64.rpm
2020-10-31T05:00:59Z INFO Downloading: http://download-node-02.eng.bos.redhat.com/rhel-8/devel/candidate-trees/RHEL-8/RHEL-8.3.0-updates-20201031.0/compose/BaseOS/x86_64/os/Packages/openssl-libs-1.1.1g-11.el8.x86_64.rpm
2020-10-31T05:00:59Z INFO Downloading: http://download-node-02.eng.bos.redhat.com/rhel-8/devel/candidate-trees/RHEL-8/RHEL-8.3.0-updates-20201031.0/compose/BaseOS/x86_64/os/Packages/openssl-pkcs11-0.4.10-2.el8.x86_64.rpm
2020-10-31T05:00:59Z INFO Downloading: http://download-node-02.eng.bos.redhat.com/rhel-8/devel/candidate-trees/RHEL-8/RHEL-8.3.0-updates-20201031.0/compose/BaseOS/x86_64/os/Packages/os-prober-1.74-6.el8.x86_64.rpm
2020-10-31T05:00:59Z INFO Downloading: http://download-node-02.eng.bos.redhat.com/rhel-8/devel/candidate-trees/RHEL-8/RHEL-8.3.0-updates-20201031.0/compose/BaseOS/x86_64/os/Packages/p11-kit-0.23.14-5.el8_0.x86_64.rpm
2020-10-31T05:00:59Z INFO Downloading: http://download-node-02.eng.bos.redhat.com/rhel-8/devel/candidate-trees/RHEL-8/RHEL-8.3.0-updates-20201031.0/compose/BaseOS/x86_64/os/Packages/p11-kit-trust-0.23.14-5.el8_0.x86_64.rpm
2020-10-31T05:00:59Z INFO Downloading: http://download-node-02.eng.bos.redhat.com/rhel-8/devel/candidate-trees/RHEL-8/RHEL-8.3.0-updates-20201031.0/compose/BaseOS/x86_64/os/Packages/pam-1.3.1-11.el8.x86_64.rpm
2020-10-31T05:00:59Z INFO Downloading: http://download-node-02.eng.bos.redhat.com/rhel-8/devel/candidate-trees/RHEL-8/RHEL-8.3.0-updates-20201031.0/compose/BaseOS/x86_64/os/Packages/parted-3.2-38.el8.x86_64.rpm
2020-10-31T05:00:59Z INFO Downloading: http://download-node-02.eng.bos.redhat.com/rhel-8/devel/candidate-trees/RHEL-8/RHEL-8.3.0-updates-20201031.0/compose/BaseOS/x86_64/os/Packages/passwd-0.80-3.el8.x86_64.rpm
2020-10-31T05:00:59Z INFO Downloading: http://download-node-02.eng.bos.redhat.com/rhel-8/devel/candidate-trees/RHEL-8/RHEL-8.3.0-updates-20201031.0/compose/BaseOS/x86_64/os/Packages/pciutils-3.6.4-2.el8.x86_64.rpm
2020-10-31T05:00:59Z INFO Downloading: http://download-node-02.eng.bos.redhat.com/rhel-8/devel/candidate-trees/RHEL-8/RHEL-8.3.0-updates-20201031.0/compose/BaseOS/x86_64/os/Packages/pciutils-libs-3.6.4-2.el8.x86_64.rpm
2020-10-31T05:00:59Z INFO Downloading: http://download-node-02.eng.bos.redhat.com/rhel-8/devel/candidate-trees/RHEL-8/RHEL-8.3.0-updates-20201031.0/compose/BaseOS/x86_64/os/Packages/pcre-8.42-4.el8.x86_64.rpm
2020-10-31T05:00:59Z INFO Downloading: http://download-node-02.eng.bos.redhat.com/rhel-8/devel/candidate-trees/RHEL-8/RHEL-8.3.0-updates-20201031.0/compose/BaseOS/x86_64/os/Packages/pcre2-10.32-2.el8.x86_64.rpm
2020-10-31T05:00:59Z INFO Downloading: http://download-node-02.eng.bos.redhat.com/rhel-8/devel/candidate-trees/RHEL-8/RHEL-8.3.0-updates-20201031.0/compose/BaseOS/x86_64/os/Packages/pigz-2.4-4.el8.x86_64.rpm
2020-10-31T05:00:59Z INFO Downloading: http://download-node-02.eng.bos.redhat.com/rhel-8/devel/candidate-trees/RHEL-8/RHEL-8.3.0-updates-20201031.0/compose/BaseOS/x86_64/os/Packages/platform-python-3.6.8-31.el8.x86_64.rpm
2020-10-31T05:00:59Z INFO Downloading: http://download-node-02.eng.bos.redhat.com/rhel-8/devel/candidate-trees/RHEL-8/RHEL-8.3.0-updates-20201031.0/compose/BaseOS/x86_64/os/Packages/platform-python-pip-9.0.3-18.el8.noarch.rpm
2020-10-31T05:00:59Z INFO Downloading: http://download-node-02.eng.bos.redhat.com/rhel-8/devel/candidate-trees/RHEL-8/RHEL-8.3.0-updates-20201031.0/compose/BaseOS/x86_64/os/Packages/platform-python-setuptools-39.2.0-6.el8.noarch.rpm
2020-10-31T05:00:59Z INFO Downloading: http://download-node-02.eng.bos.redhat.com/rhel-8/devel/candidate-trees/RHEL-8/RHEL-8.3.0-updates-20201031.0/compose/BaseOS/x86_64/os/Packages/policycoreutils-2.9-9.el8.x86_64.rpm
2020-10-31T05:00:59Z INFO Downloading: http://download-node-02.eng.bos.redhat.com/rhel-8/devel/candidate-trees/RHEL-8/RHEL-8.3.0-updates-20201031.0/compose/BaseOS/x86_64/os/Packages/polkit-0.115-11.el8.x86_64.rpm
2020-10-31T05:00:59Z INFO Downloading: http://download-node-02.eng.bos.redhat.com/rhel-8/devel/candidate-trees/RHEL-8/RHEL-8.3.0-updates-20201031.0/compose/BaseOS/x86_64/os/Packages/polkit-libs-0.115-11.el8.x86_64.rpm
2020-10-31T05:00:59Z INFO Downloading: http://download-node-02.eng.bos.redhat.com/rhel-8/devel/candidate-trees/RHEL-8/RHEL-8.3.0-updates-20201031.0/compose/BaseOS/x86_64/os/Packages/polkit-pkla-compat-0.1-12.el8.x86_64.rpm
2020-10-31T05:00:59Z INFO Downloading: http://download-node-02.eng.bos.redhat.com/rhel-8/devel/candidate-trees/RHEL-8/RHEL-8.3.0-updates-20201031.0/compose/BaseOS/x86_64/os/Packages/popt-1.16-14.el8.x86_64.rpm
2020-10-31T05:00:59Z INFO Downloading: http://download-node-02.eng.bos.redhat.com/rhel-8/devel/candidate-trees/RHEL-8/RHEL-8.3.0-updates-20201031.0/compose/BaseOS/x86_64/os/Packages/prefixdevname-0.1.0-6.el8.x86_64.rpm
2020-10-31T05:00:59Z INFO Downloading: http://download-node-02.eng.bos.redhat.com/rhel-8/devel/candidate-trees/RHEL-8/RHEL-8.3.0-updates-20201031.0/compose/BaseOS/x86_64/os/Packages/procps-ng-3.3.15-3.el8.x86_64.rpm
2020-10-31T05:00:59Z INFO Downloading: http://download-node-02.eng.bos.redhat.com/rhel-8/devel/candidate-trees/RHEL-8/RHEL-8.3.0-updates-20201031.0/compose/BaseOS/x86_64/os/Packages/psmisc-23.1-5.el8.x86_64.rpm
2020-10-31T05:00:59Z INFO Downloading: http://download-node-02.eng.bos.redhat.com/rhel-8/devel/candidate-trees/RHEL-8/RHEL-8.3.0-updates-20201031.0/compose/BaseOS/x86_64/os/Packages/publicsuffix-list-dafsa-20180723-1.el8.noarch.rpm
2020-10-31T05:00:59Z INFO Downloading: http://download-node-02.eng.bos.redhat.com/rhel-8/devel/candidate-trees/RHEL-8/RHEL-8.3.0-updates-20201031.0/compose/BaseOS/x86_64/os/Packages/python3-asn1crypto-0.24.0-3.el8.noarch.rpm
2020-10-31T05:00:59Z INFO Downloading: http://download-node-02.eng.bos.redhat.com/rhel-8/devel/candidate-trees/RHEL-8/RHEL-8.3.0-updates-20201031.0/compose/BaseOS/x86_64/os/Packages/python3-audit-3.0-0.17.20191104git1c2f876.el8.x86_64.rpm
2020-10-31T05:00:59Z INFO Downloading: http://download-node-02.eng.bos.redhat.com/rhel-8/devel/candidate-trees/RHEL-8/RHEL-8.3.0-updates-20201031.0/compose/BaseOS/x86_64/os/Packages/python3-cffi-1.11.5-5.el8.x86_64.rpm
2020-10-31T05:00:59Z INFO Downloading: http://download-node-02.eng.bos.redhat.com/rhel-8/devel/candidate-trees/RHEL-8/RHEL-8.3.0-updates-20201031.0/compose/BaseOS/x86_64/os/Packages/python3-chardet-3.0.4-7.el8.noarch.rpm
2020-10-31T05:00:59Z INFO Downloading: http://download-node-02.eng.bos.redhat.com/rhel-8/devel/candidate-trees/RHEL-8/RHEL-8.3.0-updates-20201031.0/compose/BaseOS/x86_64/os/Packages/python3-configobj-5.0.6-11.el8.noarch.rpm
2020-10-31T05:00:59Z INFO Downloading: http://download-node-02.eng.bos.redhat.com/rhel-8/devel/candidate-trees/RHEL-8/RHEL-8.3.0-updates-20201031.0/compose/BaseOS/x86_64/os/Packages/python3-cryptography-2.3-3.el8.x86_64.rpm
2020-10-31T05:00:59Z INFO Downloading: http://download-node-02.eng.bos.redhat.com/rhel-8/devel/candidate-trees/RHEL-8/RHEL-8.3.0-updates-20201031.0/compose/BaseOS/x86_64/os/Packages/python3-dateutil-2.6.1-6.el8.noarch.rpm
2020-10-31T05:00:59Z INFO Downloading: http://download-node-02.eng.bos.redhat.com/rhel-8/devel/candidate-trees/RHEL-8/RHEL-8.3.0-updates-20201031.0/compose/BaseOS/x86_64/os/Packages/python3-dbus-1.2.4-15.el8.x86_64.rpm
2020-10-31T05:00:59Z INFO Downloading: http://download-node-02.eng.bos.redhat.com/rhel-8/devel/candidate-trees/RHEL-8/RHEL-8.3.0-updates-20201031.0/compose/BaseOS/x86_64/os/Packages/python3-decorator-4.2.1-2.el8.noarch.rpm
2020-10-31T05:00:59Z INFO Downloading: http://download-node-02.eng.bos.redhat.com/rhel-8/devel/candidate-trees/RHEL-8/RHEL-8.3.0-updates-20201031.0/compose/BaseOS/x86_64/os/Packages/python3-dmidecode-3.12.2-15.el8.x86_64.rpm
2020-10-31T05:00:59Z INFO Downloading: http://download-node-02.eng.bos.redhat.com/rhel-8/devel/candidate-trees/RHEL-8/RHEL-8.3.0-updates-20201031.0/compose/BaseOS/x86_64/os/Packages/python3-dnf-4.2.23-4.el8.noarch.rpm
2020-10-31T05:00:59Z INFO Downloading: http://download-node-02.eng.bos.redhat.com/rhel-8/devel/candidate-trees/RHEL-8/RHEL-8.3.0-updates-20201031.0/compose/BaseOS/x86_64/os/Packages/python3-dnf-plugins-core-4.0.17-5.el8.noarch.rpm
2020-10-31T05:00:59Z INFO Downloading: http://download-node-02.eng.bos.redhat.com/rhel-8/devel/candidate-trees/RHEL-8/RHEL-8.3.0-updates-20201031.0/compose/BaseOS/x86_64/os/Packages/python3-ethtool-0.14-3.el8.x86_64.rpm
2020-10-31T05:00:59Z INFO Downloading: http://download-node-02.eng.bos.redhat.com/rhel-8/devel/candidate-trees/RHEL-8/RHEL-8.3.0-updates-20201031.0/compose/BaseOS/x86_64/os/Packages/python3-firewall-0.8.2-2.el8.noarch.rpm
2020-10-31T05:00:59Z INFO Downloading: http://download-node-02.eng.bos.redhat.com/rhel-8/devel/candidate-trees/RHEL-8/RHEL-8.3.0-updates-20201031.0/compose/BaseOS/x86_64/os/Packages/python3-gobject-base-3.28.3-2.el8.x86_64.rpm
2020-10-31T05:00:59Z INFO Downloading: http://download-node-02.eng.bos.redhat.com/rhel-8/devel/candidate-trees/RHEL-8/RHEL-8.3.0-updates-20201031.0/compose/BaseOS/x86_64/os/Packages/python3-gpg-1.13.1-3.el8.x86_64.rpm
2020-10-31T05:00:59Z INFO Downloading: http://download-node-02.eng.bos.redhat.com/rhel-8/devel/candidate-trees/RHEL-8/RHEL-8.3.0-updates-20201031.0/compose/BaseOS/x86_64/os/Packages/python3-hawkey-0.48.0-5.el8.x86_64.rpm
2020-10-31T05:00:59Z INFO Downloading: http://download-node-02.eng.bos.redhat.com/rhel-8/devel/candidate-trees/RHEL-8/RHEL-8.3.0-updates-20201031.0/compose/BaseOS/x86_64/os/Packages/python3-idna-2.5-5.el8.noarch.rpm
2020-10-31T05:00:59Z INFO Downloading: http://download-node-02.eng.bos.redhat.com/rhel-8/devel/candidate-trees/RHEL-8/RHEL-8.3.0-updates-20201031.0/compose/BaseOS/x86_64/os/Packages/python3-iniparse-0.4-31.el8.noarch.rpm
2020-10-31T05:00:59Z INFO Downloading: http://download-node-02.eng.bos.redhat.com/rhel-8/devel/candidate-trees/RHEL-8/RHEL-8.3.0-updates-20201031.0/compose/BaseOS/x86_64/os/Packages/python3-inotify-0.9.6-13.el8.noarch.rpm
2020-10-31T05:00:59Z INFO Downloading: http://download-node-02.eng.bos.redhat.com/rhel-8/devel/candidate-trees/RHEL-8/RHEL-8.3.0-updates-20201031.0/compose/BaseOS/x86_64/os/Packages/python3-jwt-1.6.1-2.el8.noarch.rpm
2020-10-31T05:00:59Z INFO Downloading: http://download-node-02.eng.bos.redhat.com/rhel-8/devel/candidate-trees/RHEL-8/RHEL-8.3.0-updates-20201031.0/compose/BaseOS/x86_64/os/Packages/python3-libcomps-0.1.11-4.el8.x86_64.rpm
2020-10-31T05:00:59Z INFO Downloading: http://download-node-02.eng.bos.redhat.com/rhel-8/devel/candidate-trees/RHEL-8/RHEL-8.3.0-updates-20201031.0/compose/BaseOS/x86_64/os/Packages/python3-libdnf-0.48.0-5.el8.x86_64.rpm
2020-10-31T05:00:59Z INFO Downloading: http://download-node-02.eng.bos.redhat.com/rhel-8/devel/candidate-trees/RHEL-8/RHEL-8.3.0-updates-20201031.0/compose/BaseOS/x86_64/os/Packages/python3-librepo-1.12.0-2.el8.x86_64.rpm
2020-10-31T05:00:59Z INFO Downloading: http://download-node-02.eng.bos.redhat.com/rhel-8/devel/candidate-trees/RHEL-8/RHEL-8.3.0-updates-20201031.0/compose/BaseOS/x86_64/os/Packages/python3-libs-3.6.8-31.el8.x86_64.rpm
2020-10-31T05:00:59Z INFO Downloading: http://download-node-02.eng.bos.redhat.com/rhel-8/devel/candidate-trees/RHEL-8/RHEL-8.3.0-updates-20201031.0/compose/BaseOS/x86_64/os/Packages/python3-libselinux-2.9-4.el8_3.x86_64.rpm
2020-10-31T05:00:59Z INFO Downloading: http://download-node-02.eng.bos.redhat.com/rhel-8/devel/candidate-trees/RHEL-8/RHEL-8.3.0-updates-20201031.0/compose/BaseOS/x86_64/os/Packages/python3-libsemanage-2.9-3.el8.x86_64.rpm
2020-10-31T05:00:59Z INFO Downloading: http://download-node-02.eng.bos.redhat.com/rhel-8/devel/candidate-trees/RHEL-8/RHEL-8.3.0-updates-20201031.0/compose/AppStream/x86_64/os/Packages/pinentry-1.1.0-2.el8.x86_64.rpm
2020-10-31T05:00:59Z INFO Downloading: http://download-node-02.eng.bos.redhat.com/rhel-8/devel/candidate-trees/RHEL-8/RHEL-8.3.0-updates-20201031.0/compose/BaseOS/x86_64/os/Packages/python3-libxml2-2.9.7-8.el8.x86_64.rpm
2020-10-31T05:00:59Z INFO Downloading: http://download-node-02.eng.bos.redhat.com/rhel-8/devel/candidate-trees/RHEL-8/RHEL-8.3.0-updates-20201031.0/compose/BaseOS/x86_64/os/Packages/python3-linux-procfs-0.6.2-2.el8.noarch.rpm
2020-10-31T05:00:59Z INFO Downloading: http://download-node-02.eng.bos.redhat.com/rhel-8/devel/candidate-trees/RHEL-8/RHEL-8.3.0-updates-20201031.0/compose/BaseOS/x86_64/os/Packages/python3-magic-5.33-16.el8.noarch.rpm
2020-10-31T05:00:59Z INFO Downloading: http://download-node-02.eng.bos.redhat.com/rhel-8/devel/candidate-trees/RHEL-8/RHEL-8.3.0-updates-20201031.0/compose/BaseOS/x86_64/os/Packages/python3-nftables-0.9.3-16.el8.x86_64.rpm
2020-10-31T05:00:59Z INFO Downloading: http://download-node-02.eng.bos.redhat.com/rhel-8/devel/candidate-trees/RHEL-8/RHEL-8.3.0-updates-20201031.0/compose/BaseOS/x86_64/os/Packages/python3-oauthlib-2.1.0-1.el8.noarch.rpm
2020-10-31T05:00:59Z INFO Downloading: http://download-node-02.eng.bos.redhat.com/rhel-8/devel/candidate-trees/RHEL-8/RHEL-8.3.0-updates-20201031.0/compose/BaseOS/x86_64/os/Packages/python3-perf-4.18.0-240.1.1.el8_3.x86_64.rpm
2020-10-31T05:00:59Z INFO Downloading: http://download-node-02.eng.bos.redhat.com/rhel-8/devel/candidate-trees/RHEL-8/RHEL-8.3.0-updates-20201031.0/compose/BaseOS/x86_64/os/Packages/python3-pip-wheel-9.0.3-18.el8.noarch.rpm
2020-10-31T05:01:00Z INFO Downloading: http://download-node-02.eng.bos.redhat.com/rhel-8/devel/candidate-trees/RHEL-8/RHEL-8.3.0-updates-20201031.0/compose/BaseOS/x86_64/os/Packages/python3-ply-3.9-8.el8.noarch.rpm
2020-10-31T05:01:00Z INFO Downloading: http://download-node-02.eng.bos.redhat.com/rhel-8/devel/candidate-trees/RHEL-8/RHEL-8.3.0-updates-20201031.0/compose/BaseOS/x86_64/os/Packages/python3-policycoreutils-2.9-9.el8.noarch.rpm
2020-10-31T05:01:00Z INFO Downloading: http://download-node-02.eng.bos.redhat.com/rhel-8/devel/candidate-trees/RHEL-8/RHEL-8.3.0-updates-20201031.0/compose/BaseOS/x86_64/os/Packages/python3-pycparser-2.14-14.el8.noarch.rpm
2020-10-31T05:01:00Z INFO Downloading: http://download-node-02.eng.bos.redhat.com/rhel-8/devel/candidate-trees/RHEL-8/RHEL-8.3.0-updates-20201031.0/compose/BaseOS/x86_64/os/Packages/python3-pysocks-1.6.8-3.el8.noarch.rpm
2020-10-31T05:01:00Z INFO Downloading: http://download-node-02.eng.bos.redhat.com/rhel-8/devel/candidate-trees/RHEL-8/RHEL-8.3.0-updates-20201031.0/compose/BaseOS/x86_64/os/Packages/python3-pyudev-0.21.0-7.el8.noarch.rpm
2020-10-31T05:01:00Z INFO Downloading: http://download-node-02.eng.bos.redhat.com/rhel-8/devel/candidate-trees/RHEL-8/RHEL-8.3.0-updates-20201031.0/compose/BaseOS/x86_64/os/Packages/python3-pyyaml-3.12-12.el8.x86_64.rpm
2020-10-31T05:01:00Z INFO Downloading: http://download-node-02.eng.bos.redhat.com/rhel-8/devel/candidate-trees/RHEL-8/RHEL-8.3.0-updates-20201031.0/compose/BaseOS/x86_64/os/Packages/python3-requests-2.20.0-2.1.el8_1.noarch.rpm
2020-10-31T05:01:00Z INFO Downloading: http://download-node-02.eng.bos.redhat.com/rhel-8/devel/candidate-trees/RHEL-8/RHEL-8.3.0-updates-20201031.0/compose/BaseOS/x86_64/os/Packages/python3-rpm-4.14.3-4.el8.x86_64.rpm
2020-10-31T05:01:00Z INFO Downloading: http://download-node-02.eng.bos.redhat.com/rhel-8/devel/candidate-trees/RHEL-8/RHEL-8.3.0-updates-20201031.0/compose/BaseOS/x86_64/os/Packages/python3-schedutils-0.6-6.el8.x86_64.rpm
2020-10-31T05:01:00Z INFO Downloading: http://download-node-02.eng.bos.redhat.com/rhel-8/devel/candidate-trees/RHEL-8/RHEL-8.3.0-updates-20201031.0/compose/BaseOS/x86_64/os/Packages/python3-setools-4.3.0-2.el8.x86_64.rpm
2020-10-31T05:01:00Z INFO Downloading: http://download-node-02.eng.bos.redhat.com/rhel-8/devel/candidate-trees/RHEL-8/RHEL-8.3.0-updates-20201031.0/compose/BaseOS/x86_64/os/Packages/python3-setuptools-wheel-39.2.0-6.el8.noarch.rpm
2020-10-31T05:01:00Z INFO Downloading: http://download-node-02.eng.bos.redhat.com/rhel-8/devel/candidate-trees/RHEL-8/RHEL-8.3.0-updates-20201031.0/compose/BaseOS/x86_64/os/Packages/python3-six-1.11.0-8.el8.noarch.rpm
2020-10-31T05:01:00Z INFO Downloading: http://download-node-02.eng.bos.redhat.com/rhel-8/devel/candidate-trees/RHEL-8/RHEL-8.3.0-updates-20201031.0/compose/BaseOS/x86_64/os/Packages/python3-slip-0.6.4-11.el8.noarch.rpm
2020-10-31T05:01:00Z INFO Downloading: http://download-node-02.eng.bos.redhat.com/rhel-8/devel/candidate-trees/RHEL-8/RHEL-8.3.0-updates-20201031.0/compose/BaseOS/x86_64/os/Packages/python3-slip-dbus-0.6.4-11.el8.noarch.rpm
2020-10-31T05:01:00Z INFO Downloading: http://download-node-02.eng.bos.redhat.com/rhel-8/devel/candidate-trees/RHEL-8/RHEL-8.3.0-updates-20201031.0/compose/BaseOS/x86_64/os/Packages/python3-subscription-manager-rhsm-1.27.16-1.el8.x86_64.rpm
2020-10-31T05:01:00Z INFO Downloading: http://download-node-02.eng.bos.redhat.com/rhel-8/devel/candidate-trees/RHEL-8/RHEL-8.3.0-updates-20201031.0/compose/BaseOS/x86_64/os/Packages/python3-syspurpose-1.27.16-1.el8.x86_64.rpm
2020-10-31T05:01:00Z INFO Downloading: http://download-node-02.eng.bos.redhat.com/rhel-8/devel/candidate-trees/RHEL-8/RHEL-8.3.0-updates-20201031.0/compose/BaseOS/x86_64/os/Packages/python3-urllib3-1.24.2-4.el8.noarch.rpm
2020-10-31T05:01:00Z INFO Downloading: http://download-node-02.eng.bos.redhat.com/rhel-8/devel/candidate-trees/RHEL-8/RHEL-8.3.0-updates-20201031.0/compose/BaseOS/x86_64/os/Packages/readline-7.0-10.el8.x86_64.rpm
2020-10-31T05:01:00Z INFO Downloading: http://download-node-02.eng.bos.redhat.com/rhel-8/devel/candidate-trees/RHEL-8/RHEL-8.3.0-updates-20201031.0/compose/BaseOS/x86_64/os/Packages/redhat-release-8.3-1.0.el8.x86_64.rpm
2020-10-31T05:01:00Z INFO Downloading: http://download-node-02.eng.bos.redhat.com/rhel-8/devel/candidate-trees/RHEL-8/RHEL-8.3.0-updates-20201031.0/compose/BaseOS/x86_64/os/Packages/redhat-release-eula-8.3-1.0.el8.x86_64.rpm
2020-10-31T05:01:00Z INFO Downloading: http://download-node-02.eng.bos.redhat.com/rhel-8/devel/candidate-trees/RHEL-8/RHEL-8.3.0-updates-20201031.0/compose/BaseOS/x86_64/os/Packages/rng-tools-6.8-3.el8.x86_64.rpm
2020-10-31T05:01:00Z INFO Downloading: http://download-node-02.eng.bos.redhat.com/rhel-8/devel/candidate-trees/RHEL-8/RHEL-8.3.0-updates-20201031.0/compose/BaseOS/x86_64/os/Packages/rootfiles-8.1-22.el8.noarch.rpm
2020-10-31T05:01:00Z INFO Downloading: http://download-node-02.eng.bos.redhat.com/rhel-8/devel/candidate-trees/RHEL-8/RHEL-8.3.0-updates-20201031.0/compose/BaseOS/x86_64/os/Packages/rpm-4.14.3-4.el8.x86_64.rpm
2020-10-31T05:01:00Z INFO Downloading: http://download-node-02.eng.bos.redhat.com/rhel-8/devel/candidate-trees/RHEL-8/RHEL-8.3.0-updates-20201031.0/compose/BaseOS/x86_64/os/Packages/rpm-build-libs-4.14.3-4.el8.x86_64.rpm
2020-10-31T05:01:00Z INFO Downloading: http://download-node-02.eng.bos.redhat.com/rhel-8/devel/candidate-trees/RHEL-8/RHEL-8.3.0-updates-20201031.0/compose/BaseOS/x86_64/os/Packages/rpm-libs-4.14.3-4.el8.x86_64.rpm
2020-10-31T05:01:00Z INFO Downloading: http://download-node-02.eng.bos.redhat.com/rhel-8/devel/candidate-trees/RHEL-8/RHEL-8.3.0-updates-20201031.0/compose/BaseOS/x86_64/os/Packages/rpm-plugin-selinux-4.14.3-4.el8.x86_64.rpm
2020-10-31T05:01:00Z INFO Downloading: http://download-node-02.eng.bos.redhat.com/rhel-8/devel/candidate-trees/RHEL-8/RHEL-8.3.0-updates-20201031.0/compose/BaseOS/x86_64/os/Packages/rpm-plugin-systemd-inhibit-4.14.3-4.el8.x86_64.rpm
2020-10-31T05:01:00Z INFO Downloading: http://download-node-02.eng.bos.redhat.com/rhel-8/devel/candidate-trees/RHEL-8/RHEL-8.3.0-updates-20201031.0/compose/BaseOS/x86_64/os/Packages/rsync-3.1.3-9.el8.x86_64.rpm
2020-10-31T05:01:00Z INFO Downloading: http://download-node-02.eng.bos.redhat.com/rhel-8/devel/candidate-trees/RHEL-8/RHEL-8.3.0-updates-20201031.0/compose/BaseOS/x86_64/os/Packages/sed-4.5-2.el8.x86_64.rpm
2020-10-31T05:01:00Z INFO Downloading: http://download-node-02.eng.bos.redhat.com/rhel-8/devel/candidate-trees/RHEL-8/RHEL-8.3.0-updates-20201031.0/compose/BaseOS/x86_64/os/Packages/selinux-policy-3.14.3-54.el8.noarch.rpm
2020-10-31T05:01:00Z INFO Downloading: http://download-node-02.eng.bos.redhat.com/rhel-8/devel/candidate-trees/RHEL-8/RHEL-8.3.0-updates-20201031.0/compose/AppStream/x86_64/os/Packages/libestr-0.1.10-1.el8.x86_64.rpm
2020-10-31T05:01:00Z INFO Downloading: http://download-node-02.eng.bos.redhat.com/rhel-8/devel/candidate-trees/RHEL-8/RHEL-8.3.0-updates-20201031.0/compose/AppStream/x86_64/os/Packages/authselect-compat-1.2.1-2.el8.x86_64.rpm
2020-10-31T05:01:00Z INFO Downloading: http://download-node-02.eng.bos.redhat.com/rhel-8/devel/candidate-trees/RHEL-8/RHEL-8.3.0-updates-20201031.0/compose/BaseOS/x86_64/os/Packages/selinux-policy-targeted-3.14.3-54.el8.noarch.rpm
2020-10-31T05:01:00Z INFO Downloading: http://download-node-02.eng.bos.redhat.com/rhel-8/devel/candidate-trees/RHEL-8/RHEL-8.3.0-updates-20201031.0/compose/BaseOS/x86_64/os/Packages/setup-2.12.2-6.el8.noarch.rpm
2020-10-31T05:01:00Z INFO Downloading: http://download-node-02.eng.bos.redhat.com/rhel-8/devel/candidate-trees/RHEL-8/RHEL-8.3.0-updates-20201031.0/compose/BaseOS/x86_64/os/Packages/sg3_utils-1.44-5.el8.x86_64.rpm
2020-10-31T05:01:00Z INFO Downloading: http://download-node-02.eng.bos.redhat.com/rhel-8/devel/candidate-trees/RHEL-8/RHEL-8.3.0-updates-20201031.0/compose/BaseOS/x86_64/os/Packages/sg3_utils-libs-1.44-5.el8.x86_64.rpm
2020-10-31T05:01:00Z INFO Downloading: http://download-node-02.eng.bos.redhat.com/rhel-8/devel/candidate-trees/RHEL-8/RHEL-8.3.0-updates-20201031.0/compose/BaseOS/x86_64/os/Packages/shadow-utils-4.6-11.el8.x86_64.rpm
2020-10-31T05:01:00Z INFO Downloading: http://download-node-02.eng.bos.redhat.com/rhel-8/devel/candidate-trees/RHEL-8/RHEL-8.3.0-updates-20201031.0/compose/BaseOS/x86_64/os/Packages/shared-mime-info-1.9-3.el8.x86_64.rpm
2020-10-31T05:01:00Z INFO Downloading: http://download-node-02.eng.bos.redhat.com/rhel-8/devel/candidate-trees/RHEL-8/RHEL-8.3.0-updates-20201031.0/compose/AppStream/x86_64/os/Packages/libfastjson-0.99.8-2.el8.x86_64.rpm
2020-10-31T05:01:00Z INFO Downloading: http://download-node-02.eng.bos.redhat.com/rhel-8/devel/candidate-trees/RHEL-8/RHEL-8.3.0-updates-20201031.0/compose/BaseOS/x86_64/os/Packages/slang-2.3.2-3.el8.x86_64.rpm
2020-10-31T05:01:00Z INFO Downloading: http://download-node-02.eng.bos.redhat.com/rhel-8/devel/candidate-trees/RHEL-8/RHEL-8.3.0-updates-20201031.0/compose/BaseOS/x86_64/os/Packages/snappy-1.1.8-3.el8.x86_64.rpm
2020-10-31T05:01:00Z INFO Downloading: http://download-node-02.eng.bos.redhat.com/rhel-8/devel/candidate-trees/RHEL-8/RHEL-8.3.0-updates-20201031.0/compose/BaseOS/x86_64/os/Packages/sqlite-libs-3.26.0-11.el8.x86_64.rpm
2020-10-31T05:01:00Z INFO Downloading: http://download-node-02.eng.bos.redhat.com/rhel-8/devel/candidate-trees/RHEL-8/RHEL-8.3.0-updates-20201031.0/compose/BaseOS/x86_64/os/Packages/squashfs-tools-4.3-19.el8.x86_64.rpm
2020-10-31T05:01:00Z INFO Downloading: http://download-node-02.eng.bos.redhat.com/rhel-8/devel/candidate-trees/RHEL-8/RHEL-8.3.0-updates-20201031.0/compose/BaseOS/x86_64/os/Packages/sssd-client-2.3.0-9.el8.x86_64.rpm
2020-10-31T05:01:00Z INFO Downloading: http://download-node-02.eng.bos.redhat.com/rhel-8/devel/candidate-trees/RHEL-8/RHEL-8.3.0-updates-20201031.0/compose/BaseOS/x86_64/os/Packages/sssd-common-2.3.0-9.el8.x86_64.rpm
2020-10-31T05:01:00Z INFO Downloading: http://download-node-02.eng.bos.redhat.com/rhel-8/devel/candidate-trees/RHEL-8/RHEL-8.3.0-updates-20201031.0/compose/BaseOS/x86_64/os/Packages/sssd-kcm-2.3.0-9.el8.x86_64.rpm
2020-10-31T05:01:00Z INFO Downloading: http://download-node-02.eng.bos.redhat.com/rhel-8/devel/candidate-trees/RHEL-8/RHEL-8.3.0-updates-20201031.0/compose/BaseOS/x86_64/os/Packages/sssd-nfs-idmap-2.3.0-9.el8.x86_64.rpm
2020-10-31T05:01:00Z INFO Downloading: http://download-node-02.eng.bos.redhat.com/rhel-8/devel/candidate-trees/RHEL-8/RHEL-8.3.0-updates-20201031.0/compose/BaseOS/x86_64/os/Packages/subscription-manager-1.27.16-1.el8.x86_64.rpm
2020-10-31T05:01:00Z INFO Downloading: http://download-node-02.eng.bos.redhat.com/rhel-8/devel/candidate-trees/RHEL-8/RHEL-8.3.0-updates-20201031.0/compose/BaseOS/x86_64/os/Packages/subscription-manager-rhsm-certificates-1.27.16-1.el8.x86_64.rpm
2020-10-31T05:01:00Z INFO Downloading: http://download-node-02.eng.bos.redhat.com/rhel-8/devel/candidate-trees/RHEL-8/RHEL-8.3.0-updates-20201031.0/compose/BaseOS/x86_64/os/Packages/sudo-1.8.29-6.el8.x86_64.rpm
2020-10-31T05:01:00Z INFO Downloading: http://download-node-02.eng.bos.redhat.com/rhel-8/devel/candidate-trees/RHEL-8/RHEL-8.3.0-updates-20201031.0/compose/BaseOS/x86_64/os/Packages/systemd-239-41.el8_3.x86_64.rpm
2020-10-31T05:01:00Z INFO Downloading: http://download-node-02.eng.bos.redhat.com/rhel-8/devel/candidate-trees/RHEL-8/RHEL-8.3.0-updates-20201031.0/compose/BaseOS/x86_64/os/Packages/systemd-libs-239-41.el8_3.x86_64.rpm
2020-10-31T05:01:00Z INFO Downloading: http://download-node-02.eng.bos.redhat.com/rhel-8/devel/candidate-trees/RHEL-8/RHEL-8.3.0-updates-20201031.0/compose/BaseOS/x86_64/os/Packages/systemd-pam-239-41.el8_3.x86_64.rpm
2020-10-31T05:01:00Z INFO Downloading: http://download-node-02.eng.bos.redhat.com/rhel-8/devel/candidate-trees/RHEL-8/RHEL-8.3.0-updates-20201031.0/compose/BaseOS/x86_64/os/Packages/systemd-udev-239-41.el8_3.x86_64.rpm
2020-10-31T05:01:01Z INFO Downloading: http://download-node-02.eng.bos.redhat.com/rhel-8/devel/candidate-trees/RHEL-8/RHEL-8.3.0-updates-20201031.0/compose/BaseOS/x86_64/os/Packages/tar-1.30-5.el8.x86_64.rpm
2020-10-31T05:01:01Z INFO Downloading: http://download-node-02.eng.bos.redhat.com/rhel-8/devel/candidate-trees/RHEL-8/RHEL-8.3.0-updates-20201031.0/compose/BaseOS/x86_64/os/Packages/teamd-1.31-2.el8.x86_64.rpm
2020-10-31T05:01:01Z INFO Downloading: http://download-node-02.eng.bos.redhat.com/rhel-8/devel/candidate-trees/RHEL-8/RHEL-8.3.0-updates-20201031.0/compose/BaseOS/x86_64/os/Packages/timedatex-0.5-3.el8.x86_64.rpm
2020-10-31T05:01:01Z INFO Downloading: http://download-node-02.eng.bos.redhat.com/rhel-8/devel/candidate-trees/RHEL-8/RHEL-8.3.0-updates-20201031.0/compose/BaseOS/x86_64/os/Packages/trousers-0.3.14-4.el8.x86_64.rpm
2020-10-31T05:01:01Z INFO Downloading: http://download-node-02.eng.bos.redhat.com/rhel-8/devel/candidate-trees/RHEL-8/RHEL-8.3.0-updates-20201031.0/compose/BaseOS/x86_64/os/Packages/trousers-lib-0.3.14-4.el8.x86_64.rpm
2020-10-31T05:01:01Z INFO Downloading: http://download-node-02.eng.bos.redhat.com/rhel-8/devel/candidate-trees/RHEL-8/RHEL-8.3.0-updates-20201031.0/compose/BaseOS/x86_64/os/Packages/tuned-2.14.0-3.el8.noarch.rpm
2020-10-31T05:01:01Z INFO Downloading: http://download-node-02.eng.bos.redhat.com/rhel-8/devel/candidate-trees/RHEL-8/RHEL-8.3.0-updates-20201031.0/compose/BaseOS/x86_64/os/Packages/tzdata-2020d-1.el8.noarch.rpm
2020-10-31T05:01:01Z INFO Downloading: http://download-node-02.eng.bos.redhat.com/rhel-8/devel/candidate-trees/RHEL-8/RHEL-8.3.0-updates-20201031.0/compose/BaseOS/x86_64/os/Packages/usermode-1.113-1.el8.x86_64.rpm
2020-10-31T05:01:01Z INFO Downloading: http://download-node-02.eng.bos.redhat.com/rhel-8/devel/candidate-trees/RHEL-8/RHEL-8.3.0-updates-20201031.0/compose/BaseOS/x86_64/os/Packages/util-linux-2.32.1-24.el8.x86_64.rpm
2020-10-31T05:01:01Z INFO Downloading: http://download-node-02.eng.bos.redhat.com/rhel-8/devel/candidate-trees/RHEL-8/RHEL-8.3.0-updates-20201031.0/compose/BaseOS/x86_64/os/Packages/vim-minimal-8.0.1763-15.el8.x86_64.rpm
2020-10-31T05:01:01Z INFO Downloading: http://download-node-02.eng.bos.redhat.com/rhel-8/devel/candidate-trees/RHEL-8/RHEL-8.3.0-updates-20201031.0/compose/BaseOS/x86_64/os/Packages/virt-what-1.18-6.el8.x86_64.rpm
2020-10-31T05:01:01Z INFO Downloading: http://download-node-02.eng.bos.redhat.com/rhel-8/devel/candidate-trees/RHEL-8/RHEL-8.3.0-updates-20201031.0/compose/AppStream/x86_64/os/Packages/python3-babel-2.5.1-5.el8.noarch.rpm
2020-10-31T05:01:01Z INFO Downloading: http://download-node-02.eng.bos.redhat.com/rhel-8/devel/candidate-trees/RHEL-8/RHEL-8.3.0-updates-20201031.0/compose/BaseOS/x86_64/os/Packages/which-2.21-12.el8.x86_64.rpm
2020-10-31T05:01:01Z INFO Downloading: http://download-node-02.eng.bos.redhat.com/rhel-8/devel/candidate-trees/RHEL-8/RHEL-8.3.0-updates-20201031.0/compose/BaseOS/x86_64/os/Packages/xfsprogs-5.0.0-4.el8.x86_64.rpm
2020-10-31T05:01:01Z INFO Downloading: http://download-node-02.eng.bos.redhat.com/rhel-8/devel/candidate-trees/RHEL-8/RHEL-8.3.0-updates-20201031.0/compose/BaseOS/x86_64/os/Packages/xz-5.2.4-3.el8.x86_64.rpm
2020-10-31T05:01:01Z INFO Downloading: http://download-node-02.eng.bos.redhat.com/rhel-8/devel/candidate-trees/RHEL-8/RHEL-8.3.0-updates-20201031.0/compose/BaseOS/x86_64/os/Packages/xz-libs-5.2.4-3.el8.x86_64.rpm
2020-10-31T05:01:01Z INFO Downloading: http://download-node-02.eng.bos.redhat.com/rhel-8/devel/candidate-trees/RHEL-8/RHEL-8.3.0-updates-20201031.0/compose/BaseOS/x86_64/os/Packages/yum-4.2.23-4.el8.noarch.rpm
2020-10-31T05:01:01Z INFO Downloading: http://download-node-02.eng.bos.redhat.com/rhel-8/devel/candidate-trees/RHEL-8/RHEL-8.3.0-updates-20201031.0/compose/BaseOS/x86_64/os/Packages/yum-utils-4.0.17-5.el8.noarch.rpm
2020-10-31T05:01:01Z INFO Downloading: http://download-node-02.eng.bos.redhat.com/rhel-8/devel/candidate-trees/RHEL-8/RHEL-8.3.0-updates-20201031.0/compose/AppStream/x86_64/os/Packages/libmaxminddb-1.2.0-10.el8.x86_64.rpm
2020-10-31T05:01:01Z INFO Downloading: http://download-node-02.eng.bos.redhat.com/rhel-8/devel/candidate-trees/RHEL-8/RHEL-8.3.0-updates-20201031.0/compose/BaseOS/x86_64/os/Packages/zlib-1.2.11-16.el8_2.x86_64.rpm
2020-10-31T05:01:01Z INFO Downloading: http://download-node-02.eng.bos.redhat.com/rhel-8/devel/candidate-trees/RHEL-8/RHEL-8.3.0-updates-20201031.0/compose/AppStream/x86_64/os/Packages/python3-jinja2-2.10.1-2.el8_0.noarch.rpm
2020-10-31T05:01:01Z INFO Downloading: http://download-node-02.eng.bos.redhat.com/rhel-8/devel/candidate-trees/RHEL-8/RHEL-8.3.0-updates-20201031.0/compose/AppStream/x86_64/os/Packages/python3-jsonpatch-1.21-2.el8.noarch.rpm
2020-10-31T05:01:01Z INFO Downloading: http://download-node-02.eng.bos.redhat.com/rhel-8/devel/candidate-trees/RHEL-8/RHEL-8.3.0-updates-20201031.0/compose/AppStream/x86_64/os/Packages/python3-jsonpointer-1.10-11.el8.noarch.rpm
2020-10-31T05:01:01Z INFO Downloading: http://download-node-02.eng.bos.redhat.com/rhel-8/devel/candidate-trees/RHEL-8/RHEL-8.3.0-updates-20201031.0/compose/AppStream/x86_64/os/Packages/python3-jsonschema-2.6.0-4.el8.noarch.rpm
2020-10-31T05:01:01Z INFO Downloading: http://download-node-02.eng.bos.redhat.com/rhel-8/devel/candidate-trees/RHEL-8/RHEL-8.3.0-updates-20201031.0/compose/AppStream/x86_64/os/Packages/python3-markupsafe-0.23-19.el8.x86_64.rpm
2020-10-31T05:01:01Z INFO Downloading: http://download-node-02.eng.bos.redhat.com/rhel-8/devel/candidate-trees/RHEL-8/RHEL-8.3.0-updates-20201031.0/compose/AppStream/x86_64/os/Packages/python3-prettytable-0.7.2-14.el8.noarch.rpm
2020-10-31T05:01:01Z INFO Downloading: http://download-node-02.eng.bos.redhat.com/rhel-8/devel/candidate-trees/RHEL-8/RHEL-8.3.0-updates-20201031.0/compose/AppStream/x86_64/os/Packages/cloud-init-19.4-11.el8.noarch.rpm
2020-10-31T05:01:01Z INFO Downloading: http://download-node-02.eng.bos.redhat.com/rhel-8/devel/candidate-trees/RHEL-8/RHEL-8.3.0-updates-20201031.0/compose/AppStream/x86_64/os/Packages/cloud-utils-growpart-0.31-1.el8.noarch.rpm
2020-10-31T05:01:01Z INFO Downloading: http://download-node-02.eng.bos.redhat.com/rhel-8/devel/candidate-trees/RHEL-8/RHEL-8.3.0-updates-20201031.0/compose/AppStream/x86_64/os/Packages/python3-pyserial-3.1.1-8.el8.noarch.rpm
2020-10-31T05:01:01Z INFO Downloading: http://download-node-02.eng.bos.redhat.com/rhel-8/devel/candidate-trees/RHEL-8/RHEL-8.3.0-updates-20201031.0/compose/AppStream/x86_64/os/Packages/python3-pytz-2017.2-9.el8.noarch.rpm
2020-10-31T05:01:01Z INFO Downloading: http://download-node-02.eng.bos.redhat.com/rhel-8/devel/candidate-trees/RHEL-8/RHEL-8.3.0-updates-20201031.0/compose/AppStream/x86_64/os/Packages/python3-unbound-1.7.3-14.el8.x86_64.rpm
2020-10-31T05:01:01Z INFO Downloading: http://download-node-02.eng.bos.redhat.com/rhel-8/devel/candidate-trees/RHEL-8/RHEL-8.3.0-updates-20201031.0/compose/AppStream/x86_64/os/Packages/qemu-guest-agent-4.2.0-34.module%2bel8.3.0%2b7976%2b077be4ec.x86_64.rpm
