2020-10-31T05:09:35Z INFO --- logging initialized ---
2020-10-31T05:09:35Z DDEBUG timer: config: 6 ms
2020-10-31T05:09:35Z DEBUG YUM version: 4.2.23
2020-10-31T05:09:35Z DDEBUG Command: yum -C -y --noplugins remove linux-firmware 
2020-10-31T05:09:35Z DDEBUG Installroot: /
2020-10-31T05:09:35Z DDEBUG Releasever: 8
2020-10-31T05:09:35Z DEBUG cachedir: /var/cache/dnf
2020-10-31T05:09:35Z DDEBUG Base command: remove
2020-10-31T05:09:35Z DDEBUG Extra commands: ['-C', '-y', '--noplugins', 'remove', 'linux-firmware']
2020-10-31T05:09:35Z DEBUG User-Agent: constructed: 'libdnf (Red Hat Enterprise Linux 8.3; generic; Linux.x86_64)'
2020-10-31T05:09:36Z DDEBUG timer: sack setup: 281 ms
2020-10-31T05:09:36Z DEBUG --> Starting dependency resolution
2020-10-31T05:09:36Z DEBUG --> Finding unneeded leftover dependencies
2020-10-31T05:09:36Z DEBUG ---> Package linux-firmware.noarch 20200619-99.git3890db36.el8 will be erased
2020-10-31T05:09:36Z DEBUG --> Finished dependency resolution
2020-10-31T05:09:36Z DDEBUG timer: depsolve: 57 ms
2020-10-31T05:09:36Z INFO Dependencies resolved.
2020-10-31T05:09:36Z INFO ================================================================================
 Package           Arch      Version                         Repository    Size
================================================================================
Removing:
 linux-firmware    noarch    20200619-99.git3890db36.el8     @anaconda    407 M

Transaction Summary
================================================================================
Remove  1 Package

2020-10-31T05:09:36Z INFO Freed space: 407 M
2020-10-31T05:09:36Z INFO Running transaction check
2020-10-31T05:09:36Z INFO Transaction check succeeded.
2020-10-31T05:09:36Z INFO Running transaction test
2020-10-31T05:09:36Z INFO Transaction test succeeded.
2020-10-31T05:09:36Z DDEBUG timer: transaction test: 85 ms
2020-10-31T05:09:36Z INFO Running transaction
2020-10-31T05:09:36Z DDEBUG RPM transaction start.
2020-10-31T05:09:37Z DDEBUG RPM transaction over.
2020-10-31T05:09:37Z DDEBUG timer: verify transaction: 243 ms
2020-10-31T05:09:37Z DDEBUG timer: transaction: 1078 ms
2020-10-31T05:09:37Z INFO 
Removed:
  linux-firmware-20200619-99.git3890db36.el8.noarch                             

2020-10-31T05:09:37Z INFO Complete!
2020-10-31T05:09:37Z DDEBUG Cleaning up.
2020-10-31T05:09:37Z INFO --- logging initialized ---
2020-10-31T05:09:37Z DDEBUG timer: config: 3 ms
2020-10-31T05:09:37Z DEBUG YUM version: 4.2.23
2020-10-31T05:09:37Z DDEBUG Command: yum -C -y --noplugins remove firewalld --setopt=clean_requirements_on_remove=1 
2020-10-31T05:09:37Z DDEBUG Installroot: /
2020-10-31T05:09:37Z DDEBUG Releasever: 8
2020-10-31T05:09:37Z DEBUG cachedir: /var/cache/dnf
2020-10-31T05:09:37Z DDEBUG Base command: remove
2020-10-31T05:09:37Z DDEBUG Extra commands: ['-C', '-y', '--noplugins', 'remove', 'firewalld', '--setopt=clean_requirements_on_remove=1']
2020-10-31T05:09:37Z DEBUG User-Agent: constructed: 'libdnf (Red Hat Enterprise Linux 8.3; generic; Linux.x86_64)'
2020-10-31T05:09:38Z DDEBUG timer: sack setup: 235 ms
2020-10-31T05:09:38Z DEBUG --> Starting dependency resolution
2020-10-31T05:09:38Z DEBUG --> Finding unneeded leftover dependencies
2020-10-31T05:09:38Z DEBUG ---> Package firewalld.noarch 0.8.2-2.el8 will be erased
2020-10-31T05:09:38Z DEBUG ---> Package firewalld-filesystem.noarch 0.8.2-2.el8 will be erased
2020-10-31T05:09:38Z DEBUG ---> Package ipset.x86_64 7.1-1.el8 will be erased
2020-10-31T05:09:38Z DEBUG ---> Package ipset-libs.x86_64 7.1-1.el8 will be erased
2020-10-31T05:09:38Z DEBUG ---> Package iptables.x86_64 1.8.4-15.el8 will be erased
2020-10-31T05:09:38Z DEBUG ---> Package iptables-ebtables.x86_64 1.8.4-15.el8 will be erased
2020-10-31T05:09:38Z DEBUG ---> Package libnetfilter_conntrack.x86_64 1.0.6-5.el8 will be erased
2020-10-31T05:09:38Z DEBUG ---> Package libnfnetlink.x86_64 1.0.1-13.el8 will be erased
2020-10-31T05:09:38Z DEBUG ---> Package libnftnl.x86_64 1.1.5-4.el8 will be erased
2020-10-31T05:09:38Z DEBUG ---> Package nftables.x86_64 1:0.9.3-16.el8 will be erased
2020-10-31T05:09:38Z DEBUG ---> Package python3-firewall.noarch 0.8.2-2.el8 will be erased
2020-10-31T05:09:38Z DEBUG ---> Package python3-nftables.x86_64 1:0.9.3-16.el8 will be erased
2020-10-31T05:09:38Z DEBUG ---> Package python3-slip.noarch 0.6.4-11.el8 will be erased
2020-10-31T05:09:38Z DEBUG ---> Package python3-slip-dbus.noarch 0.6.4-11.el8 will be erased
2020-10-31T05:09:38Z DEBUG --> Finished dependency resolution
2020-10-31T05:09:38Z DDEBUG timer: depsolve: 80 ms
2020-10-31T05:09:38Z INFO Dependencies resolved.
2020-10-31T05:09:38Z INFO ================================================================================
 Package                    Arch       Version              Repository     Size
================================================================================
Removing:
 firewalld                  noarch     0.8.2-2.el8          @anaconda     1.9 M
Removing unused dependencies:
 firewalld-filesystem       noarch     0.8.2-2.el8          @anaconda     239  
 ipset                      x86_64     7.1-1.el8            @anaconda      67 k
 ipset-libs                 x86_64     7.1-1.el8            @anaconda     258 k
 iptables                   x86_64     1.8.4-15.el8         @anaconda     1.9 M
 iptables-ebtables          x86_64     1.8.4-15.el8         @anaconda      14 k
 libnetfilter_conntrack     x86_64     1.0.6-5.el8          @anaconda     159 k
 libnfnetlink               x86_64     1.0.1-13.el8         @anaconda      51 k
 libnftnl                   x86_64     1.1.5-4.el8          @anaconda     217 k
 nftables                   x86_64     1:0.9.3-16.el8       @anaconda     792 k
 python3-firewall           noarch     0.8.2-2.el8          @anaconda     1.8 M
 python3-nftables           x86_64     1:0.9.3-16.el8       @anaconda      28 k
 python3-slip               noarch     0.6.4-11.el8         @anaconda      60 k
 python3-slip-dbus          noarch     0.6.4-11.el8         @anaconda      70 k

Transaction Summary
================================================================================
Remove  14 Packages

2020-10-31T05:09:38Z INFO Freed space: 7.3 M
2020-10-31T05:09:38Z INFO Running transaction check
2020-10-31T05:09:38Z INFO Transaction check succeeded.
2020-10-31T05:09:38Z INFO Running transaction test
2020-10-31T05:09:38Z INFO Transaction test succeeded.
2020-10-31T05:09:38Z DDEBUG timer: transaction test: 146 ms
2020-10-31T05:09:38Z INFO Running transaction
2020-10-31T05:09:38Z DDEBUG RPM transaction start.
2020-10-31T05:09:41Z DDEBUG RPM transaction over.
2020-10-31T05:09:41Z DDEBUG timer: verify transaction: 340 ms
2020-10-31T05:09:41Z DDEBUG timer: transaction: 3497 ms
2020-10-31T05:09:41Z INFO 
Removed:
  firewalld-0.8.2-2.el8.noarch                                                  
  firewalld-filesystem-0.8.2-2.el8.noarch                                       
  ipset-7.1-1.el8.x86_64                                                        
  ipset-libs-7.1-1.el8.x86_64                                                   
  iptables-1.8.4-15.el8.x86_64                                                  
  iptables-ebtables-1.8.4-15.el8.x86_64                                         
  libnetfilter_conntrack-1.0.6-5.el8.x86_64                                     
  libnfnetlink-1.0.1-13.el8.x86_64                                              
  libnftnl-1.1.5-4.el8.x86_64                                                   
  nftables-1:0.9.3-16.el8.x86_64                                                
  python3-firewall-0.8.2-2.el8.noarch                                           
  python3-nftables-1:0.9.3-16.el8.x86_64                                        
  python3-slip-0.6.4-11.el8.noarch                                              
  python3-slip-dbus-0.6.4-11.el8.noarch                                         

2020-10-31T05:09:41Z INFO Complete!
2020-10-31T05:09:41Z DDEBUG Cleaning up.
2020-10-31T05:09:42Z INFO --- logging initialized ---
2020-10-31T05:09:42Z DDEBUG timer: config: 3 ms
2020-10-31T05:09:42Z DEBUG YUM version: 4.2.23
2020-10-31T05:09:42Z DDEBUG Command: yum --noplugins clean all 
2020-10-31T05:09:42Z DDEBUG Installroot: /
2020-10-31T05:09:42Z DDEBUG Releasever: 8
2020-10-31T05:09:42Z DEBUG cachedir: /var/cache/dnf
2020-10-31T05:09:42Z DDEBUG Base command: clean
2020-10-31T05:09:42Z DDEBUG Extra commands: ['--noplugins', 'clean', 'all']
2020-10-31T05:09:42Z DEBUG Cleaning data: dbcache metadata packages
2020-10-31T05:09:42Z INFO 0 files removed
2020-10-31T05:09:42Z DDEBUG Cleaning up.
2021-03-02T08:04:56Z INFO --- logging initialized ---
2021-03-02T08:04:56Z DDEBUG timer: config: 127 ms
2021-03-02T08:04:57Z DEBUG Loaded plugins: AmazonID, builddep, changelog, config-manager, copr, debug, debuginfo-install, download, generate_completion_cache, needs-restarting, playground, repoclosure, repodiff, repograph, repomanage, reposync, uploadprofile
2021-03-02T08:04:57Z DEBUG YUM version: 4.2.23
2021-03-02T08:04:57Z DDEBUG Command: yum update -y 
2021-03-02T08:04:57Z DDEBUG Installroot: /
2021-03-02T08:04:57Z DDEBUG Releasever: 8
2021-03-02T08:04:57Z DEBUG cachedir: /var/cache/dnf
2021-03-02T08:04:57Z DDEBUG Base command: update
2021-03-02T08:04:57Z DDEBUG Extra commands: ['update', '-y']
2021-03-02T08:04:57Z DEBUG User-Agent: constructed: 'libdnf (Red Hat Enterprise Linux 8.3; generic; Linux.x86_64)'
2021-03-02T08:04:59Z DEBUG repo: downloading from remote: rhui-client-config-server-8
2021-03-02T08:05:00Z DEBUG rhui-client-config-server-8: using metadata from Fri 15 Jan 2021 03:45:11 PM UTC.
2021-03-02T08:05:00Z DEBUG repo: downloading from remote: rhel-8-appstream-rhui-rpms
2021-03-02T08:05:06Z DEBUG rhel-8-appstream-rhui-rpms: using metadata from Mon 01 Mar 2021 08:40:08 PM UTC.
2021-03-02T08:05:06Z DEBUG repo: downloading from remote: rhel-8-baseos-rhui-rpms
2021-03-02T08:05:13Z DEBUG rhel-8-baseos-rhui-rpms: using metadata from Mon 01 Mar 2021 08:43:28 PM UTC.
2021-03-02T08:05:15Z DDEBUG timer: sack setup: 17725 ms
2021-03-02T08:05:15Z DEBUG Completion plugin: Generating completion cache...
2021-03-02T08:05:15Z DEBUG --> Starting dependency resolution
2021-03-02T08:05:15Z DEBUG ---> Package linux-firmware.noarch 20200619-101.git3890db36.el8_3 will be installed
2021-03-02T08:05:15Z DEBUG ---> Package kernel-modules.x86_64 4.18.0-240.15.1.el8_3 will be installed
2021-03-02T08:05:15Z DEBUG ---> Package kernel.x86_64 4.18.0-240.15.1.el8_3 will be installed
2021-03-02T08:05:15Z DEBUG ---> Package kernel-core.x86_64 4.18.0-240.15.1.el8_3 will be installed
2021-03-02T08:05:15Z DEBUG ---> Package rh-amazon-rhui-client.noarch 3.0.32-1.el8 will be upgraded
2021-03-02T08:05:15Z DEBUG ---> Package rh-amazon-rhui-client.noarch 3.0.39-1.el8 will be an upgrade
2021-03-02T08:05:15Z DEBUG ---> Package insights-client.noarch 3.1.0-3.el8 will be upgraded
2021-03-02T08:05:15Z DEBUG ---> Package insights-client.noarch 3.1.1-1.el8_3 will be an upgrade
2021-03-02T08:05:15Z DEBUG ---> Package cloud-init.noarch 19.4-11.el8 will be upgraded
2021-03-02T08:05:15Z DEBUG ---> Package cloud-init.noarch 19.4-11.el8_3.2 will be an upgrade
2021-03-02T08:05:15Z DEBUG ---> Package qemu-guest-agent.x86_64 15:4.2.0-34.module+el8.3.0+7976+077be4ec will be upgraded
2021-03-02T08:05:15Z DEBUG ---> Package qemu-guest-agent.x86_64 15:4.2.0-34.module+el8.3.0+9828+7aab3355.3 will be an upgrade
2021-03-02T08:05:15Z DEBUG ---> Package freetype.x86_64 2.9.1-4.el8 will be upgraded
2021-03-02T08:05:15Z DEBUG ---> Package freetype.x86_64 2.9.1-4.el8_3.1 will be an upgrade
2021-03-02T08:05:15Z DEBUG ---> Package iptables-libs.x86_64 1.8.4-15.el8 will be upgraded
2021-03-02T08:05:15Z DEBUG ---> Package iptables-libs.x86_64 1.8.4-15.el8_3.3 will be an upgrade
2021-03-02T08:05:15Z DEBUG ---> Package openssl.x86_64 1:1.1.1g-11.el8 will be upgraded
2021-03-02T08:05:15Z DEBUG ---> Package openssl.x86_64 1:1.1.1g-12.el8_3 will be an upgrade
2021-03-02T08:05:15Z DEBUG ---> Package openssl-libs.x86_64 1:1.1.1g-11.el8 will be upgraded
2021-03-02T08:05:15Z DEBUG ---> Package openssl-libs.x86_64 1:1.1.1g-12.el8_3 will be an upgrade
2021-03-02T08:05:15Z DEBUG ---> Package systemd-pam.x86_64 239-41.el8_3 will be upgraded
2021-03-02T08:05:15Z DEBUG ---> Package systemd-pam.x86_64 239-41.el8_3.1 will be an upgrade
2021-03-02T08:05:15Z DEBUG ---> Package curl.x86_64 7.61.1-14.el8 will be upgraded
2021-03-02T08:05:15Z DEBUG ---> Package curl.x86_64 7.61.1-14.el8_3.1 will be an upgrade
2021-03-02T08:05:15Z DEBUG ---> Package systemd.x86_64 239-41.el8_3 will be upgraded
2021-03-02T08:05:15Z DEBUG ---> Package systemd.x86_64 239-41.el8_3.1 will be an upgrade
2021-03-02T08:05:15Z DEBUG ---> Package systemd-libs.x86_64 239-41.el8_3 will be upgraded
2021-03-02T08:05:15Z DEBUG ---> Package systemd-libs.x86_64 239-41.el8_3.1 will be an upgrade
2021-03-02T08:05:15Z DEBUG ---> Package gnutls.x86_64 3.6.14-6.el8 will be upgraded
2021-03-02T08:05:15Z DEBUG ---> Package gnutls.x86_64 3.6.14-7.el8_3 will be an upgrade
2021-03-02T08:05:15Z DEBUG ---> Package libcurl.x86_64 7.61.1-14.el8 will be upgraded
2021-03-02T08:05:15Z DEBUG ---> Package libcurl.x86_64 7.61.1-14.el8_3.1 will be an upgrade
2021-03-02T08:05:15Z DEBUG ---> Package systemd-udev.x86_64 239-41.el8_3 will be upgraded
2021-03-02T08:05:15Z DEBUG ---> Package systemd-udev.x86_64 239-41.el8_3.1 will be an upgrade
2021-03-02T08:05:15Z DEBUG ---> Package sudo.x86_64 1.8.29-6.el8 will be upgraded
2021-03-02T08:05:15Z DEBUG ---> Package sudo.x86_64 1.8.29-6.el8_3.1 will be an upgrade
2021-03-02T08:05:15Z DEBUG ---> Package tzdata.noarch 2020d-1.el8 will be upgraded
2021-03-02T08:05:15Z DEBUG ---> Package tzdata.noarch 2021a-1.el8 will be an upgrade
2021-03-02T08:05:15Z DEBUG ---> Package selinux-policy.noarch 3.14.3-54.el8 will be upgraded
2021-03-02T08:05:15Z DEBUG ---> Package selinux-policy.noarch 3.14.3-54.el8_3.2 will be an upgrade
2021-03-02T08:05:15Z DEBUG ---> Package selinux-policy-targeted.noarch 3.14.3-54.el8 will be upgraded
2021-03-02T08:05:15Z DEBUG ---> Package selinux-policy-targeted.noarch 3.14.3-54.el8_3.2 will be an upgrade
2021-03-02T08:05:15Z DEBUG ---> Package subscription-manager-rhsm-certificates.x86_64 1.27.16-1.el8 will be upgraded
2021-03-02T08:05:15Z DEBUG ---> Package subscription-manager-rhsm-certificates.x86_64 1.27.18-1.el8_3 will be an upgrade
2021-03-02T08:05:15Z DEBUG ---> Package kernel-tools.x86_64 4.18.0-240.1.1.el8_3 will be upgraded
2021-03-02T08:05:15Z DEBUG ---> Package kernel-tools.x86_64 4.18.0-240.15.1.el8_3 will be an upgrade
2021-03-02T08:05:15Z DEBUG ---> Package kernel-tools-libs.x86_64 4.18.0-240.1.1.el8_3 will be upgraded
2021-03-02T08:05:15Z DEBUG ---> Package kernel-tools-libs.x86_64 4.18.0-240.15.1.el8_3 will be an upgrade
2021-03-02T08:05:15Z DEBUG ---> Package kexec-tools.x86_64 2.0.20-34.el8 will be upgraded
2021-03-02T08:05:15Z DEBUG ---> Package kexec-tools.x86_64 2.0.20-34.el8_3.2 will be an upgrade
2021-03-02T08:05:15Z DEBUG ---> Package subscription-manager.x86_64 1.27.16-1.el8 will be upgraded
2021-03-02T08:05:15Z DEBUG ---> Package subscription-manager.x86_64 1.27.18-1.el8_3 will be an upgrade
2021-03-02T08:05:15Z DEBUG ---> Package python3-syspurpose.x86_64 1.27.16-1.el8 will be upgraded
2021-03-02T08:05:15Z DEBUG ---> Package python3-syspurpose.x86_64 1.27.18-1.el8_3 will be an upgrade
2021-03-02T08:05:15Z DEBUG ---> Package NetworkManager-libnm.x86_64 1:1.26.0-9.el8_3 will be upgraded
2021-03-02T08:05:15Z DEBUG ---> Package NetworkManager-libnm.x86_64 1:1.26.0-13.el8_3 will be an upgrade
2021-03-02T08:05:15Z DEBUG ---> Package python3-subscription-manager-rhsm.x86_64 1.27.16-1.el8 will be upgraded
2021-03-02T08:05:15Z DEBUG ---> Package python3-subscription-manager-rhsm.x86_64 1.27.18-1.el8_3 will be an upgrade
2021-03-02T08:05:15Z DEBUG ---> Package device-mapper.x86_64 8:1.02.171-5.el8 will be upgraded
2021-03-02T08:05:15Z DEBUG ---> Package device-mapper.x86_64 8:1.02.171-5.el8_3.2 will be an upgrade
2021-03-02T08:05:15Z DEBUG ---> Package python3-perf.x86_64 4.18.0-240.1.1.el8_3 will be upgraded
2021-03-02T08:05:15Z DEBUG ---> Package python3-perf.x86_64 4.18.0-240.15.1.el8_3 will be an upgrade
2021-03-02T08:05:15Z DEBUG ---> Package dbus.x86_64 1:1.12.8-11.el8 will be upgraded
2021-03-02T08:05:15Z DEBUG ---> Package dbus.x86_64 1:1.12.8-12.el8_3 will be an upgrade
2021-03-02T08:05:15Z DEBUG ---> Package NetworkManager-tui.x86_64 1:1.26.0-9.el8_3 will be upgraded
2021-03-02T08:05:15Z DEBUG ---> Package NetworkManager-tui.x86_64 1:1.26.0-13.el8_3 will be an upgrade
2021-03-02T08:05:15Z DEBUG ---> Package dbus-common.noarch 1:1.12.8-11.el8 will be upgraded
2021-03-02T08:05:15Z DEBUG ---> Package dbus-common.noarch 1:1.12.8-12.el8_3 will be an upgrade
2021-03-02T08:05:15Z DEBUG ---> Package NetworkManager.x86_64 1:1.26.0-9.el8_3 will be upgraded
2021-03-02T08:05:15Z DEBUG ---> Package NetworkManager.x86_64 1:1.26.0-13.el8_3 will be an upgrade
2021-03-02T08:05:15Z DEBUG ---> Package kmod.x86_64 25-16.el8 will be upgraded
2021-03-02T08:05:15Z DEBUG ---> Package kmod.x86_64 25-16.el8_3.1 will be an upgrade
2021-03-02T08:05:15Z DEBUG ---> Package dnf-plugin-subscription-manager.x86_64 1.27.16-1.el8 will be upgraded
2021-03-02T08:05:15Z DEBUG ---> Package dnf-plugin-subscription-manager.x86_64 1.27.18-1.el8_3 will be an upgrade
2021-03-02T08:05:15Z DEBUG ---> Package dracut-network.x86_64 049-95.git20200804.el8 will be upgraded
2021-03-02T08:05:15Z DEBUG ---> Package dracut-network.x86_64 049-95.git20200804.el8_3.4 will be an upgrade
2021-03-02T08:05:15Z DEBUG ---> Package dracut.x86_64 049-95.git20200804.el8 will be upgraded
2021-03-02T08:05:15Z DEBUG ---> Package dracut.x86_64 049-95.git20200804.el8_3.4 will be an upgrade
2021-03-02T08:05:15Z DEBUG ---> Package device-mapper-libs.x86_64 8:1.02.171-5.el8 will be upgraded
2021-03-02T08:05:15Z DEBUG ---> Package device-mapper-libs.x86_64 8:1.02.171-5.el8_3.2 will be an upgrade
2021-03-02T08:05:15Z DEBUG ---> Package kmod-libs.x86_64 25-16.el8 will be upgraded
2021-03-02T08:05:15Z DEBUG ---> Package kmod-libs.x86_64 25-16.el8_3.1 will be an upgrade
2021-03-02T08:05:15Z DEBUG ---> Package glibc.x86_64 2.28-127.el8 will be upgraded
2021-03-02T08:05:15Z DEBUG ---> Package glibc.x86_64 2.28-127.el8_3.2 will be an upgrade
2021-03-02T08:05:15Z DEBUG ---> Package dbus-tools.x86_64 1:1.12.8-11.el8 will be upgraded
2021-03-02T08:05:15Z DEBUG ---> Package dbus-tools.x86_64 1:1.12.8-12.el8_3 will be an upgrade
2021-03-02T08:05:15Z DEBUG ---> Package tuned.noarch 2.14.0-3.el8 will be upgraded
2021-03-02T08:05:15Z DEBUG ---> Package tuned.noarch 2.14.0-3.el8_3.2 will be an upgrade
2021-03-02T08:05:15Z DEBUG ---> Package dracut-config-generic.x86_64 049-95.git20200804.el8 will be upgraded
2021-03-02T08:05:15Z DEBUG ---> Package dracut-config-generic.x86_64 049-95.git20200804.el8_3.4 will be an upgrade
2021-03-02T08:05:15Z DEBUG ---> Package dracut-config-rescue.x86_64 049-95.git20200804.el8 will be upgraded
2021-03-02T08:05:15Z DEBUG ---> Package dracut-config-rescue.x86_64 049-95.git20200804.el8_3.4 will be an upgrade
2021-03-02T08:05:15Z DEBUG ---> Package NetworkManager-team.x86_64 1:1.26.0-9.el8_3 will be upgraded
2021-03-02T08:05:15Z DEBUG ---> Package NetworkManager-team.x86_64 1:1.26.0-13.el8_3 will be an upgrade
2021-03-02T08:05:15Z DEBUG ---> Package dbus-daemon.x86_64 1:1.12.8-11.el8 will be upgraded
2021-03-02T08:05:15Z DEBUG ---> Package dbus-daemon.x86_64 1:1.12.8-12.el8_3 will be an upgrade
2021-03-02T08:05:15Z DEBUG ---> Package glibc-langpack-en.x86_64 2.28-127.el8 will be upgraded
2021-03-02T08:05:15Z DEBUG ---> Package glibc-langpack-en.x86_64 2.28-127.el8_3.2 will be an upgrade
2021-03-02T08:05:15Z DEBUG ---> Package dracut-squash.x86_64 049-95.git20200804.el8 will be upgraded
2021-03-02T08:05:15Z DEBUG ---> Package dracut-squash.x86_64 049-95.git20200804.el8_3.4 will be an upgrade
2021-03-02T08:05:15Z DEBUG ---> Package glibc-common.x86_64 2.28-127.el8 will be upgraded
2021-03-02T08:05:15Z DEBUG ---> Package glibc-common.x86_64 2.28-127.el8_3.2 will be an upgrade
2021-03-02T08:05:15Z DEBUG ---> Package dbus-libs.x86_64 1:1.12.8-11.el8 will be upgraded
2021-03-02T08:05:15Z DEBUG ---> Package dbus-libs.x86_64 1:1.12.8-12.el8_3 will be an upgrade
2021-03-02T08:05:15Z DEBUG ---> Package microcode_ctl.x86_64 4:20200609-2.el8 will be upgraded
2021-03-02T08:05:15Z DEBUG ---> Package microcode_ctl.x86_64 4:20200609-2.20210216.1.el8_3 will be an upgrade
2021-03-02T08:05:15Z DEBUG ---> Package bind-export-libs.x86_64 32:9.11.20-5.el8 will be upgraded
2021-03-02T08:05:15Z DEBUG ---> Package bind-export-libs.x86_64 32:9.11.20-5.el8_3.1 will be an upgrade
2021-03-02T08:05:15Z DEBUG --> Finished dependency resolution
2021-03-02T08:05:15Z DDEBUG timer: depsolve: 412 ms
2021-03-02T08:05:15Z INFO Dependencies resolved.
2021-03-02T08:05:15Z INFO =========================================================================================
 Package              Arch   Version                    Repository                  Size
=========================================================================================
Installing:
 [1m[32mkernel              (B[m x86_64 4.18.0-240.15.1.el8_3      rhel-8-baseos-rhui-rpms    4.3 M
 [1m[32mkernel-core         (B[m x86_64 4.18.0-240.15.1.el8_3      rhel-8-baseos-rhui-rpms     30 M
 [1m[32mkernel-modules      (B[m x86_64 4.18.0-240.15.1.el8_3      rhel-8-baseos-rhui-rpms     26 M
Upgrading:
 [1m[32mNetworkManager      (B[m x86_64 1:1.26.0-13.el8_3          rhel-8-baseos-rhui-rpms    2.4 M
 [1m[32mNetworkManager-libnm(B[m x86_64 1:1.26.0-13.el8_3          rhel-8-baseos-rhui-rpms    1.8 M
 [1m[32mNetworkManager-team (B[m x86_64 1:1.26.0-13.el8_3          rhel-8-baseos-rhui-rpms    142 k
 [1m[32mNetworkManager-tui  (B[m x86_64 1:1.26.0-13.el8_3          rhel-8-baseos-rhui-rpms    320 k
 [1m[32mbind-export-libs    (B[m x86_64 32:9.11.20-5.el8_3.1       rhel-8-baseos-rhui-rpms    1.1 M
 [1m[32mcloud-init          (B[m noarch 19.4-11.el8_3.2            rhel-8-appstream-rhui-rpms 945 k
 [1m[32mcurl                (B[m x86_64 7.61.1-14.el8_3.1          rhel-8-baseos-rhui-rpms    353 k
 [1m[32mdbus                (B[m x86_64 1:1.12.8-12.el8_3          rhel-8-baseos-rhui-rpms     41 k
 [1m[32mdbus-common         (B[m noarch 1:1.12.8-12.el8_3          rhel-8-baseos-rhui-rpms     45 k
 [1m[32mdbus-daemon         (B[m x86_64 1:1.12.8-12.el8_3          rhel-8-baseos-rhui-rpms    240 k
 [1m[32mdbus-libs           (B[m x86_64 1:1.12.8-12.el8_3          rhel-8-baseos-rhui-rpms    183 k
 [1m[32mdbus-tools          (B[m x86_64 1:1.12.8-12.el8_3          rhel-8-baseos-rhui-rpms     85 k
 [1m[32mdevice-mapper       (B[m x86_64 8:1.02.171-5.el8_3.2       rhel-8-baseos-rhui-rpms    373 k
 [1m[32mdevice-mapper-libs  (B[m x86_64 8:1.02.171-5.el8_3.2       rhel-8-baseos-rhui-rpms    406 k
 [1m[32mdnf-plugin-subscription-manager(B[m
                      x86_64 1.27.18-1.el8_3            rhel-8-baseos-rhui-rpms    288 k
 [1m[32mdracut              (B[m x86_64 049-95.git20200804.el8_3.4 rhel-8-baseos-rhui-rpms    368 k
 [1m[32mdracut-config-generic(B[m
                      x86_64 049-95.git20200804.el8_3.4 rhel-8-baseos-rhui-rpms     55 k
 [1m[32mdracut-config-rescue(B[m x86_64 049-95.git20200804.el8_3.4 rhel-8-baseos-rhui-rpms     56 k
 [1m[32mdracut-network      (B[m x86_64 049-95.git20200804.el8_3.4 rhel-8-baseos-rhui-rpms    103 k
 [1m[32mdracut-squash       (B[m x86_64 049-95.git20200804.el8_3.4 rhel-8-baseos-rhui-rpms     57 k
 [1m[32mfreetype            (B[m x86_64 2.9.1-4.el8_3.1            rhel-8-baseos-rhui-rpms    394 k
 [1m[32mglibc               (B[m x86_64 2.28-127.el8_3.2           rhel-8-baseos-rhui-rpms    3.6 M
 [1m[32mglibc-common        (B[m x86_64 2.28-127.el8_3.2           rhel-8-baseos-rhui-rpms    1.3 M
 [1m[32mglibc-langpack-en   (B[m x86_64 2.28-127.el8_3.2           rhel-8-baseos-rhui-rpms    824 k
 [1m[32mgnutls              (B[m x86_64 3.6.14-7.el8_3             rhel-8-baseos-rhui-rpms    1.0 M
 [1m[32minsights-client     (B[m noarch 3.1.1-1.el8_3              rhel-8-appstream-rhui-rpms 1.0 M
 [1m[32miptables-libs       (B[m x86_64 1.8.4-15.el8_3.3           rhel-8-baseos-rhui-rpms    106 k
 [1m[32mkernel-tools        (B[m x86_64 4.18.0-240.15.1.el8_3      rhel-8-baseos-rhui-rpms    4.5 M
 [1m[32mkernel-tools-libs   (B[m x86_64 4.18.0-240.15.1.el8_3      rhel-8-baseos-rhui-rpms    4.4 M
 [1m[32mkexec-tools         (B[m x86_64 2.0.20-34.el8_3.2          rhel-8-baseos-rhui-rpms    497 k
 [1m[32mkmod                (B[m x86_64 25-16.el8_3.1              rhel-8-baseos-rhui-rpms    126 k
 [1m[32mkmod-libs           (B[m x86_64 25-16.el8_3.1              rhel-8-baseos-rhui-rpms     68 k
 [1m[32mlibcurl             (B[m x86_64 7.61.1-14.el8_3.1          rhel-8-baseos-rhui-rpms    299 k
 [1m[32mmicrocode_ctl       (B[m x86_64 4:20200609-2.20210216.1.el8_3
                                                        rhel-8-baseos-rhui-rpms    4.6 M
 [1m[32mopenssl             (B[m x86_64 1:1.1.1g-12.el8_3          rhel-8-baseos-rhui-rpms    707 k
 [1m[32mopenssl-libs        (B[m x86_64 1:1.1.1g-12.el8_3          rhel-8-baseos-rhui-rpms    1.5 M
 [1m[32mpython3-perf        (B[m x86_64 4.18.0-240.15.1.el8_3      rhel-8-baseos-rhui-rpms    4.5 M
 [1m[32mpython3-subscription-manager-rhsm(B[m
                      x86_64 1.27.18-1.el8_3            rhel-8-baseos-rhui-rpms    362 k
 [1m[32mpython3-syspurpose  (B[m x86_64 1.27.18-1.el8_3            rhel-8-baseos-rhui-rpms    299 k
 [1m[32mqemu-guest-agent    (B[m x86_64 15:4.2.0-34.module+el8.3.0+9828+7aab3355.3
                                                        rhel-8-appstream-rhui-rpms 232 k
 [1m[32mrh-amazon-rhui-client(B[m
                      noarch 3.0.39-1.el8               rhui-client-config-server-8
                                                                                    36 k
 [1m[32mselinux-policy      (B[m noarch 3.14.3-54.el8_3.2          rhel-8-baseos-rhui-rpms    622 k
 [1m[32mselinux-policy-targeted(B[m
                      noarch 3.14.3-54.el8_3.2          rhel-8-baseos-rhui-rpms     15 M
 [1m[32msubscription-manager(B[m x86_64 1.27.18-1.el8_3            rhel-8-baseos-rhui-rpms    1.1 M
 [1m[32msubscription-manager-rhsm-certificates(B[m
                      x86_64 1.27.18-1.el8_3            rhel-8-baseos-rhui-rpms    262 k
 [1m[32msudo                (B[m x86_64 1.8.29-6.el8_3.1           rhel-8-baseos-rhui-rpms    924 k
 [1m[32msystemd             (B[m x86_64 239-41.el8_3.1             rhel-8-baseos-rhui-rpms    3.5 M
 [1m[32msystemd-libs        (B[m x86_64 239-41.el8_3.1             rhel-8-baseos-rhui-rpms    1.1 M
 [1m[32msystemd-pam         (B[m x86_64 239-41.el8_3.1             rhel-8-baseos-rhui-rpms    456 k
 [1m[32msystemd-udev        (B[m x86_64 239-41.el8_3.1             rhel-8-baseos-rhui-rpms    1.3 M
 [1m[32mtuned               (B[m noarch 2.14.0-3.el8_3.2           rhel-8-baseos-rhui-rpms    293 k
 [1m[32mtzdata              (B[m noarch 2021a-1.el8                rhel-8-baseos-rhui-rpms    473 k
Installing dependencies:
 [1m[32mlinux-firmware      (B[m noarch 20200619-101.git3890db36.el8_3
                                                        rhel-8-baseos-rhui-rpms    101 M

Transaction Summary
=========================================================================================
Install   4 Packages
Upgrade  52 Packages

2021-03-02T08:05:15Z INFO Total download size: 226 M
2021-03-02T08:05:15Z INFO Downloading Packages:
2021-03-02T08:05:20Z INFO -----------------------------------------------------------------------------------------
2021-03-02T08:05:20Z INFO Total                                                     47 MB/s | 226 MB     00:04     
2021-03-02T08:05:21Z INFO Running transaction check
2021-03-02T08:05:22Z INFO Transaction check succeeded.
2021-03-02T08:05:22Z INFO Running transaction test
2021-03-02T08:05:26Z INFO Transaction test succeeded.
2021-03-02T08:05:26Z DDEBUG timer: transaction test: 3963 ms
2021-03-02T08:05:26Z INFO Running transaction
2021-03-02T08:05:26Z DDEBUG RPM transaction start.
2021-03-02T08:08:14Z INFO --- logging initialized ---
2021-03-02T08:08:14Z DDEBUG timer: config: 38 ms
2021-03-02T08:08:16Z DEBUG Loaded plugins: AmazonID, builddep, changelog, config-manager, copr, debug, debuginfo-install, download, generate_completion_cache, needs-restarting, playground, repoclosure, repodiff, repograph, repomanage, reposync, uploadprofile
2021-03-02T08:08:16Z DEBUG DNF version: 4.2.23
2021-03-02T08:08:16Z DDEBUG Command: dnf makecache --timer 
2021-03-02T08:08:16Z DDEBUG Installroot: /
2021-03-02T08:08:16Z DDEBUG Releasever: 8
2021-03-02T08:08:16Z DEBUG cachedir: /var/cache/dnf
2021-03-02T08:08:16Z DDEBUG Base command: makecache
2021-03-02T08:08:16Z DDEBUG Extra commands: ['makecache', '--timer']
2021-03-02T08:08:16Z DEBUG Making cache files for all metadata files.
2021-03-02T08:08:16Z INFO Failed determining last makecache time.
2021-03-02T08:08:16Z DEBUG rhui-client-config-server-8: has expired and will be refreshed.
2021-03-02T08:08:16Z DEBUG rhel-8-appstream-rhui-rpms: has expired and will be refreshed.
2021-03-02T08:08:16Z DEBUG rhel-8-baseos-rhui-rpms: has expired and will be refreshed.
2021-03-02T08:08:16Z DEBUG reviving: 'rhui-client-config-server-8' can be revived - repomd matches.
2021-03-02T08:08:16Z DEBUG rhui-client-config-server-8: using metadata from Fri 15 Jan 2021 03:45:11 PM UTC.
2021-03-02T08:08:17Z DEBUG reviving: 'rhel-8-appstream-rhui-rpms' can be revived - repomd matches.
2021-03-02T08:08:17Z DEBUG rhel-8-appstream-rhui-rpms: using metadata from Mon 01 Mar 2021 08:40:08 PM UTC.
2021-03-02T08:08:17Z DEBUG reviving: 'rhel-8-baseos-rhui-rpms' can be revived - repomd matches.
2021-03-02T08:08:18Z DEBUG rhel-8-baseos-rhui-rpms: using metadata from Mon 01 Mar 2021 08:43:28 PM UTC.
2021-03-02T08:08:18Z DEBUG User-Agent: constructed: 'libdnf (Red Hat Enterprise Linux 8.3; generic; Linux.x86_64)'
2021-03-02T08:08:23Z DDEBUG timer: sack setup: 7018 ms
2021-03-02T08:08:23Z DEBUG Completion plugin: Generating completion cache...
2021-03-02T08:08:24Z INFO Metadata cache created.
2021-03-02T08:08:24Z DDEBUG Cleaning up.
2021-03-02T08:10:50Z DDEBUG RPM transaction over.
2021-03-02T08:10:50Z DDEBUG timer: verify transaction: 426 ms
2021-03-02T08:10:50Z DDEBUG timer: transaction: 324579 ms
2021-03-02T08:10:50Z DEBUG Completion plugin: Generating completion cache...
2021-03-02T08:10:51Z INFO 
Upgraded:
  NetworkManager-1:1.26.0-13.el8_3.x86_64                                                
  NetworkManager-libnm-1:1.26.0-13.el8_3.x86_64                                          
  NetworkManager-team-1:1.26.0-13.el8_3.x86_64                                           
  NetworkManager-tui-1:1.26.0-13.el8_3.x86_64                                            
  bind-export-libs-32:9.11.20-5.el8_3.1.x86_64                                           
  cloud-init-19.4-11.el8_3.2.noarch                                                      
  curl-7.61.1-14.el8_3.1.x86_64                                                          
  dbus-1:1.12.8-12.el8_3.x86_64                                                          
  dbus-common-1:1.12.8-12.el8_3.noarch                                                   
  dbus-daemon-1:1.12.8-12.el8_3.x86_64                                                   
  dbus-libs-1:1.12.8-12.el8_3.x86_64                                                     
  dbus-tools-1:1.12.8-12.el8_3.x86_64                                                    
  device-mapper-8:1.02.171-5.el8_3.2.x86_64                                              
  device-mapper-libs-8:1.02.171-5.el8_3.2.x86_64                                         
  dnf-plugin-subscription-manager-1.27.18-1.el8_3.x86_64                                 
  dracut-049-95.git20200804.el8_3.4.x86_64                                               
  dracut-config-generic-049-95.git20200804.el8_3.4.x86_64                                
  dracut-config-rescue-049-95.git20200804.el8_3.4.x86_64                                 
  dracut-network-049-95.git20200804.el8_3.4.x86_64                                       
  dracut-squash-049-95.git20200804.el8_3.4.x86_64                                        
  freetype-2.9.1-4.el8_3.1.x86_64                                                        
  glibc-2.28-127.el8_3.2.x86_64                                                          
  glibc-common-2.28-127.el8_3.2.x86_64                                                   
  glibc-langpack-en-2.28-127.el8_3.2.x86_64                                              
  gnutls-3.6.14-7.el8_3.x86_64                                                           
  insights-client-3.1.1-1.el8_3.noarch                                                   
  iptables-libs-1.8.4-15.el8_3.3.x86_64                                                  
  kernel-tools-4.18.0-240.15.1.el8_3.x86_64                                              
  kernel-tools-libs-4.18.0-240.15.1.el8_3.x86_64                                         
  kexec-tools-2.0.20-34.el8_3.2.x86_64                                                   
  kmod-25-16.el8_3.1.x86_64                                                              
  kmod-libs-25-16.el8_3.1.x86_64                                                         
  libcurl-7.61.1-14.el8_3.1.x86_64                                                       
  microcode_ctl-4:20200609-2.20210216.1.el8_3.x86_64                                     
  openssl-1:1.1.1g-12.el8_3.x86_64                                                       
  openssl-libs-1:1.1.1g-12.el8_3.x86_64                                                  
  python3-perf-4.18.0-240.15.1.el8_3.x86_64                                              
  python3-subscription-manager-rhsm-1.27.18-1.el8_3.x86_64                               
  python3-syspurpose-1.27.18-1.el8_3.x86_64                                              
  qemu-guest-agent-15:4.2.0-34.module+el8.3.0+9828+7aab3355.3.x86_64                     
  rh-amazon-rhui-client-3.0.39-1.el8.noarch                                              
  selinux-policy-3.14.3-54.el8_3.2.noarch                                                
  selinux-policy-targeted-3.14.3-54.el8_3.2.noarch                                       
  subscription-manager-1.27.18-1.el8_3.x86_64                                            
  subscription-manager-rhsm-certificates-1.27.18-1.el8_3.x86_64                          
  sudo-1.8.29-6.el8_3.1.x86_64                                                           
  systemd-239-41.el8_3.1.x86_64                                                          
  systemd-libs-239-41.el8_3.1.x86_64                                                     
  systemd-pam-239-41.el8_3.1.x86_64                                                      
  systemd-udev-239-41.el8_3.1.x86_64                                                     
  tuned-2.14.0-3.el8_3.2.noarch                                                          
  tzdata-2021a-1.el8.noarch                                                              

Installed:
  kernel-4.18.0-240.15.1.el8_3.x86_64                                                    
  kernel-core-4.18.0-240.15.1.el8_3.x86_64                                               
  kernel-modules-4.18.0-240.15.1.el8_3.x86_64                                            
  linux-firmware-20200619-101.git3890db36.el8_3.noarch                                   

2021-03-02T08:10:51Z INFO Complete!
2021-03-02T08:10:51Z DDEBUG Cleaning up.
2021-03-02T08:10:51Z DDEBUG /var/cache/dnf/rhel-8-baseos-rhui-rpms-34a9c0daa9319192/packages/NetworkManager-libnm-1.26.0-13.el8_3.x86_64.rpm removed
2021-03-02T08:10:51Z DDEBUG /var/cache/dnf/rhel-8-baseos-rhui-rpms-34a9c0daa9319192/packages/sudo-1.8.29-6.el8_3.1.x86_64.rpm removed
2021-03-02T08:10:51Z DDEBUG /var/cache/dnf/rhel-8-baseos-rhui-rpms-34a9c0daa9319192/packages/bind-export-libs-9.11.20-5.el8_3.1.x86_64.rpm removed
2021-03-02T08:10:51Z DDEBUG /var/cache/dnf/rhel-8-baseos-rhui-rpms-34a9c0daa9319192/packages/kmod-libs-25-16.el8_3.1.x86_64.rpm removed
2021-03-02T08:10:51Z DDEBUG /var/cache/dnf/rhel-8-baseos-rhui-rpms-34a9c0daa9319192/packages/subscription-manager-1.27.18-1.el8_3.x86_64.rpm removed
2021-03-02T08:10:51Z DDEBUG /var/cache/dnf/rhel-8-baseos-rhui-rpms-34a9c0daa9319192/packages/NetworkManager-team-1.26.0-13.el8_3.x86_64.rpm removed
2021-03-02T08:10:51Z DDEBUG /var/cache/dnf/rhel-8-baseos-rhui-rpms-34a9c0daa9319192/packages/openssl-libs-1.1.1g-12.el8_3.x86_64.rpm removed
2021-03-02T08:10:51Z DDEBUG /var/cache/dnf/rhel-8-baseos-rhui-rpms-34a9c0daa9319192/packages/kmod-25-16.el8_3.1.x86_64.rpm removed
2021-03-02T08:10:51Z DDEBUG /var/cache/dnf/rhel-8-baseos-rhui-rpms-34a9c0daa9319192/packages/systemd-udev-239-41.el8_3.1.x86_64.rpm removed
2021-03-02T08:10:51Z DDEBUG /var/cache/dnf/rhel-8-baseos-rhui-rpms-34a9c0daa9319192/packages/dbus-tools-1.12.8-12.el8_3.x86_64.rpm removed
2021-03-02T08:10:51Z DDEBUG /var/cache/dnf/rhel-8-appstream-rhui-rpms-5b7b854e98ebba59/packages/qemu-guest-agent-4.2.0-34.module+el8.3.0+9828+7aab3355.3.x86_64.rpm removed
2021-03-02T08:10:51Z DDEBUG /var/cache/dnf/rhel-8-appstream-rhui-rpms-5b7b854e98ebba59/packages/insights-client-3.1.1-1.el8_3.noarch.rpm removed
2021-03-02T08:10:51Z DDEBUG /var/cache/dnf/rhel-8-baseos-rhui-rpms-34a9c0daa9319192/packages/python3-syspurpose-1.27.18-1.el8_3.x86_64.rpm removed
2021-03-02T08:10:51Z DDEBUG /var/cache/dnf/rhel-8-baseos-rhui-rpms-34a9c0daa9319192/packages/dbus-libs-1.12.8-12.el8_3.x86_64.rpm removed
2021-03-02T08:10:51Z DDEBUG /var/cache/dnf/rhel-8-baseos-rhui-rpms-34a9c0daa9319192/packages/kernel-modules-4.18.0-240.15.1.el8_3.x86_64.rpm removed
2021-03-02T08:10:51Z DDEBUG /var/cache/dnf/rhel-8-baseos-rhui-rpms-34a9c0daa9319192/packages/device-mapper-libs-1.02.171-5.el8_3.2.x86_64.rpm removed
2021-03-02T08:10:51Z DDEBUG /var/cache/dnf/rhel-8-baseos-rhui-rpms-34a9c0daa9319192/packages/kernel-4.18.0-240.15.1.el8_3.x86_64.rpm removed
2021-03-02T08:10:51Z DDEBUG /var/cache/dnf/rhel-8-baseos-rhui-rpms-34a9c0daa9319192/packages/dracut-network-049-95.git20200804.el8_3.4.x86_64.rpm removed
2021-03-02T08:10:51Z DDEBUG /var/cache/dnf/rhel-8-baseos-rhui-rpms-34a9c0daa9319192/packages/dbus-common-1.12.8-12.el8_3.noarch.rpm removed
2021-03-02T08:10:51Z DDEBUG /var/cache/dnf/rhel-8-baseos-rhui-rpms-34a9c0daa9319192/packages/kernel-core-4.18.0-240.15.1.el8_3.x86_64.rpm removed
2021-03-02T08:10:51Z DDEBUG /var/cache/dnf/rhel-8-baseos-rhui-rpms-34a9c0daa9319192/packages/linux-firmware-20200619-101.git3890db36.el8_3.noarch.rpm removed
2021-03-02T08:10:51Z DDEBUG /var/cache/dnf/rhel-8-baseos-rhui-rpms-34a9c0daa9319192/packages/systemd-pam-239-41.el8_3.1.x86_64.rpm removed
2021-03-02T08:10:51Z DDEBUG /var/cache/dnf/rhel-8-baseos-rhui-rpms-34a9c0daa9319192/packages/dracut-config-rescue-049-95.git20200804.el8_3.4.x86_64.rpm removed
2021-03-02T08:10:51Z DDEBUG /var/cache/dnf/rhel-8-baseos-rhui-rpms-34a9c0daa9319192/packages/systemd-239-41.el8_3.1.x86_64.rpm removed
2021-03-02T08:10:51Z DDEBUG /var/cache/dnf/rhel-8-baseos-rhui-rpms-34a9c0daa9319192/packages/subscription-manager-rhsm-certificates-1.27.18-1.el8_3.x86_64.rpm removed
2021-03-02T08:10:51Z DDEBUG /var/cache/dnf/rhel-8-baseos-rhui-rpms-34a9c0daa9319192/packages/dbus-daemon-1.12.8-12.el8_3.x86_64.rpm removed
2021-03-02T08:10:51Z DDEBUG /var/cache/dnf/rhel-8-baseos-rhui-rpms-34a9c0daa9319192/packages/libcurl-7.61.1-14.el8_3.1.x86_64.rpm removed
2021-03-02T08:10:51Z DDEBUG /var/cache/dnf/rhel-8-baseos-rhui-rpms-34a9c0daa9319192/packages/kernel-tools-4.18.0-240.15.1.el8_3.x86_64.rpm removed
2021-03-02T08:10:51Z DDEBUG /var/cache/dnf/rhel-8-baseos-rhui-rpms-34a9c0daa9319192/packages/kernel-tools-libs-4.18.0-240.15.1.el8_3.x86_64.rpm removed
2021-03-02T08:10:51Z DDEBUG /var/cache/dnf/rhel-8-baseos-rhui-rpms-34a9c0daa9319192/packages/dracut-config-generic-049-95.git20200804.el8_3.4.x86_64.rpm removed
2021-03-02T08:10:51Z DDEBUG /var/cache/dnf/rhel-8-baseos-rhui-rpms-34a9c0daa9319192/packages/curl-7.61.1-14.el8_3.1.x86_64.rpm removed
2021-03-02T08:10:51Z DDEBUG /var/cache/dnf/rhel-8-baseos-rhui-rpms-34a9c0daa9319192/packages/iptables-libs-1.8.4-15.el8_3.3.x86_64.rpm removed
2021-03-02T08:10:51Z DDEBUG /var/cache/dnf/rhel-8-baseos-rhui-rpms-34a9c0daa9319192/packages/dbus-1.12.8-12.el8_3.x86_64.rpm removed
2021-03-02T08:10:51Z DDEBUG /var/cache/dnf/rhel-8-baseos-rhui-rpms-34a9c0daa9319192/packages/glibc-2.28-127.el8_3.2.x86_64.rpm removed
2021-03-02T08:10:51Z DDEBUG /var/cache/dnf/rhel-8-baseos-rhui-rpms-34a9c0daa9319192/packages/gnutls-3.6.14-7.el8_3.x86_64.rpm removed
2021-03-02T08:10:51Z DDEBUG /var/cache/dnf/rhel-8-baseos-rhui-rpms-34a9c0daa9319192/packages/selinux-policy-3.14.3-54.el8_3.2.noarch.rpm removed
2021-03-02T08:10:51Z DDEBUG /var/cache/dnf/rhel-8-baseos-rhui-rpms-34a9c0daa9319192/packages/dracut-squash-049-95.git20200804.el8_3.4.x86_64.rpm removed
2021-03-02T08:10:51Z DDEBUG /var/cache/dnf/rhel-8-baseos-rhui-rpms-34a9c0daa9319192/packages/openssl-1.1.1g-12.el8_3.x86_64.rpm removed
2021-03-02T08:10:51Z DDEBUG /var/cache/dnf/rhel-8-baseos-rhui-rpms-34a9c0daa9319192/packages/NetworkManager-1.26.0-13.el8_3.x86_64.rpm removed
2021-03-02T08:10:51Z DDEBUG /var/cache/dnf/rhel-8-baseos-rhui-rpms-34a9c0daa9319192/packages/dracut-049-95.git20200804.el8_3.4.x86_64.rpm removed
2021-03-02T08:10:51Z DDEBUG /var/cache/dnf/rhel-8-appstream-rhui-rpms-5b7b854e98ebba59/packages/cloud-init-19.4-11.el8_3.2.noarch.rpm removed
2021-03-02T08:10:51Z DDEBUG /var/cache/dnf/rhel-8-baseos-rhui-rpms-34a9c0daa9319192/packages/python3-perf-4.18.0-240.15.1.el8_3.x86_64.rpm removed
2021-03-02T08:10:51Z DDEBUG /var/cache/dnf/rhel-8-baseos-rhui-rpms-34a9c0daa9319192/packages/systemd-libs-239-41.el8_3.1.x86_64.rpm removed
2021-03-02T08:10:51Z DDEBUG /var/cache/dnf/rhel-8-baseos-rhui-rpms-34a9c0daa9319192/packages/microcode_ctl-20200609-2.20210216.1.el8_3.x86_64.rpm removed
2021-03-02T08:10:51Z DDEBUG /var/cache/dnf/rhel-8-baseos-rhui-rpms-34a9c0daa9319192/packages/NetworkManager-tui-1.26.0-13.el8_3.x86_64.rpm removed
2021-03-02T08:10:51Z DDEBUG /var/cache/dnf/rhel-8-baseos-rhui-rpms-34a9c0daa9319192/packages/selinux-policy-targeted-3.14.3-54.el8_3.2.noarch.rpm removed
2021-03-02T08:10:51Z DDEBUG /var/cache/dnf/rhui-client-config-server-8-d12935e072d558c7/packages/rh-amazon-rhui-client-3.0.39-1.el8.noarch.rpm removed
2021-03-02T08:10:51Z DDEBUG /var/cache/dnf/rhel-8-baseos-rhui-rpms-34a9c0daa9319192/packages/python3-subscription-manager-rhsm-1.27.18-1.el8_3.x86_64.rpm removed
2021-03-02T08:10:51Z DDEBUG /var/cache/dnf/rhel-8-baseos-rhui-rpms-34a9c0daa9319192/packages/tuned-2.14.0-3.el8_3.2.noarch.rpm removed
2021-03-02T08:10:51Z DDEBUG /var/cache/dnf/rhel-8-baseos-rhui-rpms-34a9c0daa9319192/packages/tzdata-2021a-1.el8.noarch.rpm removed
2021-03-02T08:10:51Z DDEBUG /var/cache/dnf/rhel-8-baseos-rhui-rpms-34a9c0daa9319192/packages/device-mapper-1.02.171-5.el8_3.2.x86_64.rpm removed
2021-03-02T08:10:51Z DDEBUG /var/cache/dnf/rhel-8-baseos-rhui-rpms-34a9c0daa9319192/packages/freetype-2.9.1-4.el8_3.1.x86_64.rpm removed
2021-03-02T08:10:51Z DDEBUG /var/cache/dnf/rhel-8-baseos-rhui-rpms-34a9c0daa9319192/packages/glibc-common-2.28-127.el8_3.2.x86_64.rpm removed
2021-03-02T08:10:51Z DDEBUG /var/cache/dnf/rhel-8-baseos-rhui-rpms-34a9c0daa9319192/packages/kexec-tools-2.0.20-34.el8_3.2.x86_64.rpm removed
2021-03-02T08:10:51Z DDEBUG /var/cache/dnf/rhel-8-baseos-rhui-rpms-34a9c0daa9319192/packages/dnf-plugin-subscription-manager-1.27.18-1.el8_3.x86_64.rpm removed
2021-03-02T08:10:51Z DDEBUG /var/cache/dnf/rhel-8-baseos-rhui-rpms-34a9c0daa9319192/packages/glibc-langpack-en-2.28-127.el8_3.2.x86_64.rpm removed
2021-03-02T08:11:05Z INFO --- logging initialized ---
2021-03-02T08:11:05Z DDEBUG timer: config: 11 ms
2021-03-02T08:11:05Z DEBUG Loaded plugins: AmazonID, builddep, changelog, config-manager, copr, debug, debuginfo-install, download, generate_completion_cache, needs-restarting, playground, repoclosure, repodiff, repograph, repomanage, reposync, uploadprofile
2021-03-02T08:11:05Z DEBUG YUM version: 4.2.23
2021-03-02T08:11:05Z DDEBUG Command: yum install gcc gcc-c++ 
2021-03-02T08:11:05Z DDEBUG Installroot: /
2021-03-02T08:11:05Z DDEBUG Releasever: 8
2021-03-02T08:11:05Z DEBUG cachedir: /var/cache/dnf
2021-03-02T08:11:05Z DDEBUG Base command: install
2021-03-02T08:11:05Z DDEBUG Extra commands: ['install', 'gcc', 'gcc-c++']
2021-03-02T08:11:05Z DEBUG User-Agent: constructed: 'libdnf (Red Hat Enterprise Linux 8.3; generic; Linux.x86_64)'
2021-03-02T08:11:05Z DEBUG repo: using cache for: rhui-client-config-server-8
2021-03-02T08:11:05Z DEBUG rhui-client-config-server-8: using metadata from Fri 15 Jan 2021 03:45:11 PM UTC.
2021-03-02T08:11:06Z DEBUG repo: using cache for: rhel-8-appstream-rhui-rpms
2021-03-02T08:11:06Z DEBUG rhel-8-appstream-rhui-rpms: using metadata from Mon 01 Mar 2021 08:40:08 PM UTC.
2021-03-02T08:11:06Z DEBUG repo: using cache for: rhel-8-baseos-rhui-rpms
2021-03-02T08:11:06Z DEBUG rhel-8-baseos-rhui-rpms: using metadata from Mon 01 Mar 2021 08:43:28 PM UTC.
2021-03-02T08:11:06Z INFO Last metadata expiration check: 0:02:48 ago on Tue 02 Mar 2021 08:08:18 AM UTC.
2021-03-02T08:11:07Z DDEBUG timer: sack setup: 1762 ms
2021-03-02T08:11:07Z DEBUG Completion plugin: Generating completion cache...
2021-03-02T08:11:07Z DEBUG --> Starting dependency resolution
2021-03-02T08:11:08Z DEBUG ---> Package libmpc.x86_64 1.0.2-9.el8 will be installed
2021-03-02T08:11:08Z DEBUG ---> Package isl.x86_64 0.16.1-6.el8 will be installed
2021-03-02T08:11:08Z DEBUG ---> Package cpp.x86_64 8.3.1-5.1.el8 will be installed
2021-03-02T08:11:08Z DEBUG ---> Package gcc.x86_64 8.3.1-5.1.el8 will be installed
2021-03-02T08:11:08Z DEBUG ---> Package gcc-c++.x86_64 8.3.1-5.1.el8 will be installed
2021-03-02T08:11:08Z DEBUG ---> Package libstdc++-devel.x86_64 8.3.1-5.1.el8 will be installed
2021-03-02T08:11:08Z DEBUG ---> Package libxcrypt-devel.x86_64 4.1.1-4.el8 will be installed
2021-03-02T08:11:08Z DEBUG ---> Package pkgconf-pkg-config.x86_64 1.4.2-1.el8 will be installed
2021-03-02T08:11:08Z DEBUG ---> Package pkgconf-m4.noarch 1.4.2-1.el8 will be installed
2021-03-02T08:11:08Z DEBUG ---> Package pkgconf.x86_64 1.4.2-1.el8 will be installed
2021-03-02T08:11:08Z DEBUG ---> Package libpkgconf.x86_64 1.4.2-1.el8 will be installed
2021-03-02T08:11:08Z DEBUG ---> Package binutils.x86_64 2.30-79.el8 will be installed
2021-03-02T08:11:08Z DEBUG ---> Package glibc-headers.x86_64 2.28-127.el8_3.2 will be installed
2021-03-02T08:11:08Z DEBUG ---> Package glibc-devel.x86_64 2.28-127.el8_3.2 will be installed
2021-03-02T08:11:08Z DEBUG ---> Package kernel-headers.x86_64 4.18.0-240.15.1.el8_3 will be installed
2021-03-02T08:11:08Z DEBUG --> Finished dependency resolution
2021-03-02T08:11:08Z DDEBUG timer: depsolve: 393 ms
2021-03-02T08:11:08Z INFO Dependencies resolved.
2021-03-02T08:11:08Z INFO =========================================================================================
 Package             Arch    Version                   Repository                   Size
=========================================================================================
Installing:
 [1m[32mgcc                (B[m x86_64  8.3.1-5.1.el8             rhel-8-appstream-rhui-rpms   23 M
 [1m[32mgcc-c++            (B[m x86_64  8.3.1-5.1.el8             rhel-8-appstream-rhui-rpms   12 M
Installing dependencies:
 [1m[32mbinutils           (B[m x86_64  2.30-79.el8               rhel-8-baseos-rhui-rpms     5.7 M
 [1m[32mcpp                (B[m x86_64  8.3.1-5.1.el8             rhel-8-appstream-rhui-rpms   10 M
 [1m[32mglibc-devel        (B[m x86_64  2.28-127.el8_3.2          rhel-8-baseos-rhui-rpms     1.0 M
 [1m[32mglibc-headers      (B[m x86_64  2.28-127.el8_3.2          rhel-8-baseos-rhui-rpms     476 k
 [1m[32misl                (B[m x86_64  0.16.1-6.el8              rhel-8-appstream-rhui-rpms  841 k
 [1m[32mkernel-headers     (B[m x86_64  4.18.0-240.15.1.el8_3     rhel-8-baseos-rhui-rpms     5.6 M
 [1m[32mlibmpc             (B[m x86_64  1.0.2-9.el8               rhel-8-appstream-rhui-rpms   59 k
 [1m[32mlibpkgconf         (B[m x86_64  1.4.2-1.el8               rhel-8-baseos-rhui-rpms      35 k
 [1m[32mlibstdc++-devel    (B[m x86_64  8.3.1-5.1.el8             rhel-8-appstream-rhui-rpms  2.0 M
 [1m[32mlibxcrypt-devel    (B[m x86_64  4.1.1-4.el8               rhel-8-baseos-rhui-rpms      25 k
 [1m[32mpkgconf            (B[m x86_64  1.4.2-1.el8               rhel-8-baseos-rhui-rpms      38 k
 [1m[32mpkgconf-m4         (B[m noarch  1.4.2-1.el8               rhel-8-baseos-rhui-rpms      17 k
 [1m[32mpkgconf-pkg-config (B[m x86_64  1.4.2-1.el8               rhel-8-baseos-rhui-rpms      15 k

Transaction Summary
=========================================================================================
Install  15 Packages

2021-03-02T08:11:08Z INFO Total download size: 61 M
2021-03-02T08:11:08Z INFO Installed size: 161 M
2021-03-02T08:12:28Z INFO Downloading Packages:
2021-03-02T08:12:29Z INFO -----------------------------------------------------------------------------------------
2021-03-02T08:12:29Z INFO Total                                                     44 MB/s |  61 MB     00:01     
2021-03-02T08:12:29Z INFO Running transaction check
2021-03-02T08:12:29Z INFO Transaction check succeeded.
2021-03-02T08:12:29Z INFO Running transaction test
2021-03-02T08:12:30Z INFO Transaction test succeeded.
2021-03-02T08:12:30Z DDEBUG timer: transaction test: 829 ms
2021-03-02T08:12:30Z INFO Running transaction
2021-03-02T08:12:30Z DDEBUG RPM transaction start.
2021-03-02T08:12:42Z DDEBUG RPM transaction over.
2021-03-02T08:12:42Z DDEBUG timer: verify transaction: 643 ms
2021-03-02T08:12:42Z DDEBUG timer: transaction: 12060 ms
2021-03-02T08:12:42Z DEBUG Completion plugin: Generating completion cache...
2021-03-02T08:12:42Z INFO 
Installed:
  binutils-2.30-79.el8.x86_64              cpp-8.3.1-5.1.el8.x86_64                      
  gcc-8.3.1-5.1.el8.x86_64                 gcc-c++-8.3.1-5.1.el8.x86_64                  
  glibc-devel-2.28-127.el8_3.2.x86_64      glibc-headers-2.28-127.el8_3.2.x86_64         
  isl-0.16.1-6.el8.x86_64                  kernel-headers-4.18.0-240.15.1.el8_3.x86_64   
  libmpc-1.0.2-9.el8.x86_64                libpkgconf-1.4.2-1.el8.x86_64                 
  libstdc++-devel-8.3.1-5.1.el8.x86_64     libxcrypt-devel-4.1.1-4.el8.x86_64            
  pkgconf-1.4.2-1.el8.x86_64               pkgconf-m4-1.4.2-1.el8.noarch                 
  pkgconf-pkg-config-1.4.2-1.el8.x86_64   

2021-03-02T08:12:42Z INFO Complete!
2021-03-02T08:12:42Z DDEBUG Cleaning up.
2021-03-02T08:12:42Z DDEBUG /var/cache/dnf/rhel-8-appstream-rhui-rpms-5b7b854e98ebba59/packages/cpp-8.3.1-5.1.el8.x86_64.rpm removed
2021-03-02T08:12:42Z DDEBUG /var/cache/dnf/rhel-8-baseos-rhui-rpms-34a9c0daa9319192/packages/pkgconf-pkg-config-1.4.2-1.el8.x86_64.rpm removed
2021-03-02T08:12:42Z DDEBUG /var/cache/dnf/rhel-8-baseos-rhui-rpms-34a9c0daa9319192/packages/pkgconf-m4-1.4.2-1.el8.noarch.rpm removed
2021-03-02T08:12:42Z DDEBUG /var/cache/dnf/rhel-8-appstream-rhui-rpms-5b7b854e98ebba59/packages/gcc-8.3.1-5.1.el8.x86_64.rpm removed
2021-03-02T08:12:42Z DDEBUG /var/cache/dnf/rhel-8-baseos-rhui-rpms-34a9c0daa9319192/packages/pkgconf-1.4.2-1.el8.x86_64.rpm removed
2021-03-02T08:12:42Z DDEBUG /var/cache/dnf/rhel-8-baseos-rhui-rpms-34a9c0daa9319192/packages/libxcrypt-devel-4.1.1-4.el8.x86_64.rpm removed
2021-03-02T08:12:42Z DDEBUG /var/cache/dnf/rhel-8-appstream-rhui-rpms-5b7b854e98ebba59/packages/isl-0.16.1-6.el8.x86_64.rpm removed
2021-03-02T08:12:42Z DDEBUG /var/cache/dnf/rhel-8-baseos-rhui-rpms-34a9c0daa9319192/packages/kernel-headers-4.18.0-240.15.1.el8_3.x86_64.rpm removed
2021-03-02T08:12:42Z DDEBUG /var/cache/dnf/rhel-8-baseos-rhui-rpms-34a9c0daa9319192/packages/libpkgconf-1.4.2-1.el8.x86_64.rpm removed
2021-03-02T08:12:42Z DDEBUG /var/cache/dnf/rhel-8-baseos-rhui-rpms-34a9c0daa9319192/packages/glibc-headers-2.28-127.el8_3.2.x86_64.rpm removed
2021-03-02T08:12:42Z DDEBUG /var/cache/dnf/rhel-8-appstream-rhui-rpms-5b7b854e98ebba59/packages/libmpc-1.0.2-9.el8.x86_64.rpm removed
2021-03-02T08:12:42Z DDEBUG /var/cache/dnf/rhel-8-baseos-rhui-rpms-34a9c0daa9319192/packages/glibc-devel-2.28-127.el8_3.2.x86_64.rpm removed
2021-03-02T08:12:42Z DDEBUG /var/cache/dnf/rhel-8-appstream-rhui-rpms-5b7b854e98ebba59/packages/libstdc++-devel-8.3.1-5.1.el8.x86_64.rpm removed
2021-03-02T08:12:42Z DDEBUG /var/cache/dnf/rhel-8-appstream-rhui-rpms-5b7b854e98ebba59/packages/gcc-c++-8.3.1-5.1.el8.x86_64.rpm removed
2021-03-02T08:12:42Z DDEBUG /var/cache/dnf/rhel-8-baseos-rhui-rpms-34a9c0daa9319192/packages/binutils-2.30-79.el8.x86_64.rpm removed
2021-03-02T08:12:46Z INFO --- logging initialized ---
2021-03-02T08:12:46Z DDEBUG timer: config: 9 ms
2021-03-02T08:12:47Z DEBUG Loaded plugins: AmazonID, builddep, changelog, config-manager, copr, debug, debuginfo-install, download, generate_completion_cache, needs-restarting, playground, repoclosure, repodiff, repograph, repomanage, reposync, uploadprofile
2021-03-02T08:12:47Z DEBUG YUM version: 4.2.23
2021-03-02T08:12:47Z DDEBUG Command: yum install -y git 
2021-03-02T08:12:47Z DDEBUG Installroot: /
2021-03-02T08:12:47Z DDEBUG Releasever: 8
2021-03-02T08:12:47Z DEBUG cachedir: /var/cache/dnf
2021-03-02T08:12:47Z DDEBUG Base command: install
2021-03-02T08:12:47Z DDEBUG Extra commands: ['install', '-y', 'git']
2021-03-02T08:12:47Z DEBUG User-Agent: constructed: 'libdnf (Red Hat Enterprise Linux 8.3; generic; Linux.x86_64)'
2021-03-02T08:12:47Z DEBUG repo: using cache for: rhui-client-config-server-8
2021-03-02T08:12:47Z DEBUG rhui-client-config-server-8: using metadata from Fri 15 Jan 2021 03:45:11 PM UTC.
2021-03-02T08:12:47Z DEBUG repo: using cache for: rhel-8-appstream-rhui-rpms
2021-03-02T08:12:47Z DEBUG rhel-8-appstream-rhui-rpms: using metadata from Mon 01 Mar 2021 08:40:08 PM UTC.
2021-03-02T08:12:47Z DEBUG repo: using cache for: rhel-8-baseos-rhui-rpms
2021-03-02T08:12:47Z DEBUG rhel-8-baseos-rhui-rpms: using metadata from Mon 01 Mar 2021 08:43:28 PM UTC.
2021-03-02T08:12:47Z INFO Last metadata expiration check: 0:04:29 ago on Tue 02 Mar 2021 08:08:18 AM UTC.
2021-03-02T08:12:48Z DDEBUG timer: sack setup: 1509 ms
2021-03-02T08:12:48Z DEBUG Completion plugin: Generating completion cache...
2021-03-02T08:12:49Z DEBUG --> Starting dependency resolution
2021-03-02T08:12:49Z DEBUG ---> Package perl-IO-Socket-IP.noarch 0.39-5.el8 will be installed
2021-03-02T08:12:49Z DEBUG ---> Package perl-TermReadKey.x86_64 2.37-7.el8 will be installed
2021-03-02T08:12:49Z DEBUG ---> Package perl-URI.noarch 1.73-3.el8 will be installed
2021-03-02T08:12:49Z DEBUG ---> Package perl-Digest.noarch 1.17-395.el8 will be installed
2021-03-02T08:12:49Z DEBUG ---> Package perl-Error.noarch 1:0.17025-2.el8 will be installed
2021-03-02T08:12:49Z DEBUG ---> Package perl-libnet.noarch 3.11-3.el8 will be installed
2021-03-02T08:12:49Z DEBUG ---> Package perl-Digest-MD5.x86_64 2.55-396.el8 will be installed
2021-03-02T08:12:49Z DEBUG ---> Package git-core-doc.noarch 2.27.0-1.el8 will be installed
2021-03-02T08:12:49Z DEBUG ---> Package perl-Mozilla-CA.noarch 20160104-7.module+el8.3.0+6498+9eecfe51 will be installed
2021-03-02T08:12:49Z DEBUG ---> Package perl-Git.noarch 2.27.0-1.el8 will be installed
2021-03-02T08:12:49Z DEBUG ---> Package perl-Net-SSLeay.x86_64 1.88-1.module+el8.3.0+6446+594cad75 will be installed
2021-03-02T08:12:49Z DEBUG ---> Package git-core.x86_64 2.27.0-1.el8 will be installed
2021-03-02T08:12:49Z DEBUG ---> Package perl-IO-Socket-SSL.noarch 2.066-4.module+el8.3.0+6446+594cad75 will be installed
2021-03-02T08:12:49Z DEBUG ---> Package git.x86_64 2.27.0-1.el8 will be installed
2021-03-02T08:12:49Z DEBUG ---> Package perl-File-Path.noarch 2.15-2.el8 will be installed
2021-03-02T08:12:49Z DEBUG ---> Package perl-Text-ParseWords.noarch 3.30-395.el8 will be installed
2021-03-02T08:12:49Z DEBUG ---> Package perl-Encode.x86_64 4:2.97-3.el8 will be installed
2021-03-02T08:12:49Z DEBUG ---> Package perl-threads.x86_64 1:2.21-2.el8 will be installed
2021-03-02T08:12:49Z DEBUG ---> Package perl-parent.noarch 1:0.237-1.el8 will be installed
2021-03-02T08:12:49Z DEBUG ---> Package perl-Storable.x86_64 1:3.11-3.el8 will be installed
2021-03-02T08:12:49Z DEBUG ---> Package perl-HTTP-Tiny.noarch 0.074-1.el8 will be installed
2021-03-02T08:12:49Z DEBUG ---> Package perl-threads-shared.x86_64 1.58-2.el8 will be installed
2021-03-02T08:12:49Z DEBUG ---> Package perl-Pod-Escapes.noarch 1:1.07-395.el8 will be installed
2021-03-02T08:12:49Z DEBUG ---> Package perl-Pod-Usage.noarch 4:1.69-395.el8 will be installed
2021-03-02T08:12:49Z DEBUG ---> Package perl-Carp.noarch 1.42-396.el8 will be installed
2021-03-02T08:12:49Z DEBUG ---> Package perl-Text-Tabs+Wrap.noarch 2013.0523-395.el8 will be installed
2021-03-02T08:12:49Z DEBUG ---> Package perl-Exporter.noarch 5.72-396.el8 will be installed
2021-03-02T08:12:49Z DEBUG ---> Package perl-podlators.noarch 4.11-1.el8 will be installed
2021-03-02T08:12:49Z DEBUG ---> Package perl-Pod-Perldoc.noarch 3.28-396.el8 will be installed
2021-03-02T08:12:49Z DEBUG ---> Package perl-Data-Dumper.x86_64 2.167-399.el8 will be installed
2021-03-02T08:12:49Z DEBUG ---> Package perl-Unicode-Normalize.x86_64 1.25-396.el8 will be installed
2021-03-02T08:12:49Z DEBUG ---> Package perl-PathTools.x86_64 3.74-1.el8 will be installed
2021-03-02T08:12:49Z DEBUG ---> Package perl-constant.noarch 1.33-396.el8 will be installed
2021-03-02T08:12:49Z DEBUG ---> Package perl-File-Temp.noarch 0.230.600-1.el8 will be installed
2021-03-02T08:12:49Z DEBUG ---> Package perl-Pod-Simple.noarch 1:3.35-395.el8 will be installed
2021-03-02T08:12:49Z DEBUG ---> Package emacs-filesystem.noarch 1:26.1-5.el8 will be installed
2021-03-02T08:12:49Z DEBUG ---> Package perl-Time-Local.noarch 1:1.280-1.el8 will be installed
2021-03-02T08:12:49Z DEBUG ---> Package perl-Term-Cap.noarch 1.17-395.el8 will be installed
2021-03-02T08:12:49Z DEBUG ---> Package perl-Term-ANSIColor.noarch 4.06-396.el8 will be installed
2021-03-02T08:12:49Z DEBUG ---> Package perl-Getopt-Long.noarch 1:2.50-4.el8 will be installed
2021-03-02T08:12:49Z DEBUG ---> Package perl-MIME-Base64.x86_64 3.15-396.el8 will be installed
2021-03-02T08:12:49Z DEBUG ---> Package perl-Scalar-List-Utils.x86_64 3:1.49-2.el8 will be installed
2021-03-02T08:12:49Z DEBUG ---> Package perl-Socket.x86_64 4:2.027-3.el8 will be installed
2021-03-02T08:12:49Z DEBUG ---> Package perl-interpreter.x86_64 4:5.26.3-417.el8_3 will be installed
2021-03-02T08:12:49Z DEBUG ---> Package perl-Errno.x86_64 1.28-417.el8_3 will be installed
2021-03-02T08:12:49Z DEBUG ---> Package perl-macros.x86_64 4:5.26.3-417.el8_3 will be installed
2021-03-02T08:12:49Z DEBUG ---> Package perl-libs.x86_64 4:5.26.3-417.el8_3 will be installed
2021-03-02T08:12:49Z DEBUG ---> Package perl-IO.x86_64 1.38-417.el8_3 will be installed
2021-03-02T08:12:49Z DEBUG --> Finished dependency resolution
2021-03-02T08:12:49Z DDEBUG timer: depsolve: 476 ms
2021-03-02T08:12:49Z INFO Dependencies resolved.
2021-03-02T08:12:49Z INFO =========================================================================================
 Package                Arch   Version                  Repository                  Size
=========================================================================================
Installing:
 [1m[32mgit                   (B[m x86_64 2.27.0-1.el8             rhel-8-appstream-rhui-rpms 164 k
Installing dependencies:
 [1m[32memacs-filesystem      (B[m noarch 1:26.1-5.el8             rhel-8-baseos-rhui-rpms     69 k
 [1m[32mgit-core              (B[m x86_64 2.27.0-1.el8             rhel-8-appstream-rhui-rpms 5.7 M
 [1m[32mgit-core-doc          (B[m noarch 2.27.0-1.el8             rhel-8-appstream-rhui-rpms 2.5 M
 [1m[32mperl-Carp             (B[m noarch 1.42-396.el8             rhel-8-baseos-rhui-rpms     30 k
 [1m[32mperl-Data-Dumper      (B[m x86_64 2.167-399.el8            rhel-8-baseos-rhui-rpms     58 k
 [1m[32mperl-Digest           (B[m noarch 1.17-395.el8             rhel-8-appstream-rhui-rpms  27 k
 [1m[32mperl-Digest-MD5       (B[m x86_64 2.55-396.el8             rhel-8-appstream-rhui-rpms  37 k
 [1m[32mperl-Encode           (B[m x86_64 4:2.97-3.el8             rhel-8-baseos-rhui-rpms    1.5 M
 [1m[32mperl-Errno            (B[m x86_64 1.28-417.el8_3           rhel-8-baseos-rhui-rpms     76 k
 [1m[32mperl-Error            (B[m noarch 1:0.17025-2.el8          rhel-8-appstream-rhui-rpms  46 k
 [1m[32mperl-Exporter         (B[m noarch 5.72-396.el8             rhel-8-baseos-rhui-rpms     34 k
 [1m[32mperl-File-Path        (B[m noarch 2.15-2.el8               rhel-8-baseos-rhui-rpms     38 k
 [1m[32mperl-File-Temp        (B[m noarch 0.230.600-1.el8          rhel-8-baseos-rhui-rpms     63 k
 [1m[32mperl-Getopt-Long      (B[m noarch 1:2.50-4.el8             rhel-8-baseos-rhui-rpms     63 k
 [1m[32mperl-Git              (B[m noarch 2.27.0-1.el8             rhel-8-appstream-rhui-rpms  78 k
 [1m[32mperl-HTTP-Tiny        (B[m noarch 0.074-1.el8              rhel-8-baseos-rhui-rpms     58 k
 [1m[32mperl-IO               (B[m x86_64 1.38-417.el8_3           rhel-8-baseos-rhui-rpms    142 k
 [1m[32mperl-MIME-Base64      (B[m x86_64 3.15-396.el8             rhel-8-baseos-rhui-rpms     31 k
 [1m[32mperl-Net-SSLeay       (B[m x86_64 1.88-1.module+el8.3.0+6446+594cad75
                                                        rhel-8-appstream-rhui-rpms 379 k
 [1m[32mperl-PathTools        (B[m x86_64 3.74-1.el8               rhel-8-baseos-rhui-rpms     90 k
 [1m[32mperl-Pod-Escapes      (B[m noarch 1:1.07-395.el8           rhel-8-baseos-rhui-rpms     20 k
 [1m[32mperl-Pod-Perldoc      (B[m noarch 3.28-396.el8             rhel-8-baseos-rhui-rpms     88 k
 [1m[32mperl-Pod-Simple       (B[m noarch 1:3.35-395.el8           rhel-8-baseos-rhui-rpms    213 k
 [1m[32mperl-Pod-Usage        (B[m noarch 4:1.69-395.el8           rhel-8-baseos-rhui-rpms     34 k
 [1m[32mperl-Scalar-List-Utils(B[m x86_64 3:1.49-2.el8             rhel-8-baseos-rhui-rpms     68 k
 [1m[32mperl-Socket           (B[m x86_64 4:2.027-3.el8            rhel-8-baseos-rhui-rpms     59 k
 [1m[32mperl-Storable         (B[m x86_64 1:3.11-3.el8             rhel-8-baseos-rhui-rpms     98 k
 [1m[32mperl-Term-ANSIColor   (B[m noarch 4.06-396.el8             rhel-8-baseos-rhui-rpms     46 k
 [1m[32mperl-Term-Cap         (B[m noarch 1.17-395.el8             rhel-8-baseos-rhui-rpms     23 k
 [1m[32mperl-TermReadKey      (B[m x86_64 2.37-7.el8               rhel-8-appstream-rhui-rpms  40 k
 [1m[32mperl-Text-ParseWords  (B[m noarch 3.30-395.el8             rhel-8-baseos-rhui-rpms     18 k
 [1m[32mperl-Text-Tabs+Wrap   (B[m noarch 2013.0523-395.el8        rhel-8-baseos-rhui-rpms     24 k
 [1m[32mperl-Time-Local       (B[m noarch 1:1.280-1.el8            rhel-8-baseos-rhui-rpms     34 k
 [1m[32mperl-URI              (B[m noarch 1.73-3.el8               rhel-8-appstream-rhui-rpms 116 k
 [1m[32mperl-Unicode-Normalize(B[m x86_64 1.25-396.el8             rhel-8-baseos-rhui-rpms     82 k
 [1m[32mperl-constant         (B[m noarch 1.33-396.el8             rhel-8-baseos-rhui-rpms     25 k
 [1m[32mperl-interpreter      (B[m x86_64 4:5.26.3-417.el8_3       rhel-8-baseos-rhui-rpms    6.3 M
 [1m[32mperl-libnet           (B[m noarch 3.11-3.el8               rhel-8-appstream-rhui-rpms 121 k
 [1m[32mperl-libs             (B[m x86_64 4:5.26.3-417.el8_3       rhel-8-baseos-rhui-rpms    1.6 M
 [1m[32mperl-macros           (B[m x86_64 4:5.26.3-417.el8_3       rhel-8-baseos-rhui-rpms     72 k
 [1m[32mperl-parent           (B[m noarch 1:0.237-1.el8            rhel-8-baseos-rhui-rpms     20 k
 [1m[32mperl-podlators        (B[m noarch 4.11-1.el8               rhel-8-baseos-rhui-rpms    118 k
 [1m[32mperl-threads          (B[m x86_64 1:2.21-2.el8             rhel-8-baseos-rhui-rpms     61 k
 [1m[32mperl-threads-shared   (B[m x86_64 1.58-2.el8               rhel-8-baseos-rhui-rpms     48 k
Installing weak dependencies:
 [1m[32mperl-IO-Socket-IP     (B[m noarch 0.39-5.el8               rhel-8-appstream-rhui-rpms  47 k
 [1m[32mperl-IO-Socket-SSL    (B[m noarch 2.066-4.module+el8.3.0+6446+594cad75
                                                        rhel-8-appstream-rhui-rpms 298 k
 [1m[32mperl-Mozilla-CA       (B[m noarch 20160104-7.module+el8.3.0+6498+9eecfe51
                                                        rhel-8-appstream-rhui-rpms  15 k
Enabling module streams:
 perl                          5.26                                                     
 perl-IO-Socket-SSL            2.066                                                    
 perl-libwww-perl              6.34                                                     

Transaction Summary
=========================================================================================
Install  48 Packages

2021-03-02T08:12:49Z INFO Total download size: 21 M
2021-03-02T08:12:49Z INFO Installed size: 80 M
2021-03-02T08:12:49Z INFO Downloading Packages:
2021-03-02T08:12:51Z INFO -----------------------------------------------------------------------------------------
2021-03-02T08:12:51Z INFO Total                                                     11 MB/s |  21 MB     00:01     
2021-03-02T08:12:51Z INFO Running transaction check
2021-03-02T08:12:51Z INFO Transaction check succeeded.
2021-03-02T08:12:51Z INFO Running transaction test
2021-03-02T08:12:52Z INFO Transaction test succeeded.
2021-03-02T08:12:52Z DDEBUG timer: transaction test: 393 ms
2021-03-02T08:12:52Z INFO Running transaction
2021-03-02T08:12:52Z DDEBUG RPM transaction start.
2021-03-02T08:12:58Z DDEBUG RPM transaction over.
2021-03-02T08:12:58Z DDEBUG timer: verify transaction: 220 ms
2021-03-02T08:12:58Z DDEBUG timer: transaction: 6827 ms
2021-03-02T08:12:58Z DEBUG Completion plugin: Generating completion cache...
2021-03-02T08:12:59Z INFO 
Installed:
  emacs-filesystem-1:26.1-5.el8.noarch                                                   
  git-2.27.0-1.el8.x86_64                                                                
  git-core-2.27.0-1.el8.x86_64                                                           
  git-core-doc-2.27.0-1.el8.noarch                                                       
  perl-Carp-1.42-396.el8.noarch                                                          
  perl-Data-Dumper-2.167-399.el8.x86_64                                                  
  perl-Digest-1.17-395.el8.noarch                                                        
  perl-Digest-MD5-2.55-396.el8.x86_64                                                    
  perl-Encode-4:2.97-3.el8.x86_64                                                        
  perl-Errno-1.28-417.el8_3.x86_64                                                       
  perl-Error-1:0.17025-2.el8.noarch                                                      
  perl-Exporter-5.72-396.el8.noarch                                                      
  perl-File-Path-2.15-2.el8.noarch                                                       
  perl-File-Temp-0.230.600-1.el8.noarch                                                  
  perl-Getopt-Long-1:2.50-4.el8.noarch                                                   
  perl-Git-2.27.0-1.el8.noarch                                                           
  perl-HTTP-Tiny-0.074-1.el8.noarch                                                      
  perl-IO-1.38-417.el8_3.x86_64                                                          
  perl-IO-Socket-IP-0.39-5.el8.noarch                                                    
  perl-IO-Socket-SSL-2.066-4.module+el8.3.0+6446+594cad75.noarch                         
  perl-MIME-Base64-3.15-396.el8.x86_64                                                   
  perl-Mozilla-CA-20160104-7.module+el8.3.0+6498+9eecfe51.noarch                         
  perl-Net-SSLeay-1.88-1.module+el8.3.0+6446+594cad75.x86_64                             
  perl-PathTools-3.74-1.el8.x86_64                                                       
  perl-Pod-Escapes-1:1.07-395.el8.noarch                                                 
  perl-Pod-Perldoc-3.28-396.el8.noarch                                                   
  perl-Pod-Simple-1:3.35-395.el8.noarch                                                  
  perl-Pod-Usage-4:1.69-395.el8.noarch                                                   
  perl-Scalar-List-Utils-3:1.49-2.el8.x86_64                                             
  perl-Socket-4:2.027-3.el8.x86_64                                                       
  perl-Storable-1:3.11-3.el8.x86_64                                                      
  perl-Term-ANSIColor-4.06-396.el8.noarch                                                
  perl-Term-Cap-1.17-395.el8.noarch                                                      
  perl-TermReadKey-2.37-7.el8.x86_64                                                     
  perl-Text-ParseWords-3.30-395.el8.noarch                                               
  perl-Text-Tabs+Wrap-2013.0523-395.el8.noarch                                           
  perl-Time-Local-1:1.280-1.el8.noarch                                                   
  perl-URI-1.73-3.el8.noarch                                                             
  perl-Unicode-Normalize-1.25-396.el8.x86_64                                             
  perl-constant-1.33-396.el8.noarch                                                      
  perl-interpreter-4:5.26.3-417.el8_3.x86_64                                             
  perl-libnet-3.11-3.el8.noarch                                                          
  perl-libs-4:5.26.3-417.el8_3.x86_64                                                    
  perl-macros-4:5.26.3-417.el8_3.x86_64                                                  
  perl-parent-1:0.237-1.el8.noarch                                                       
  perl-podlators-4.11-1.el8.noarch                                                       
  perl-threads-1:2.21-2.el8.x86_64                                                       
  perl-threads-shared-1.58-2.el8.x86_64                                                  

2021-03-02T08:12:59Z INFO Complete!
2021-03-02T08:12:59Z DDEBUG Cleaning up.
2021-03-02T08:12:59Z DDEBUG /var/cache/dnf/rhel-8-baseos-rhui-rpms-34a9c0daa9319192/packages/perl-PathTools-3.74-1.el8.x86_64.rpm removed
2021-03-02T08:12:59Z DDEBUG /var/cache/dnf/rhel-8-appstream-rhui-rpms-5b7b854e98ebba59/packages/perl-Digest-1.17-395.el8.noarch.rpm removed
2021-03-02T08:12:59Z DDEBUG /var/cache/dnf/rhel-8-baseos-rhui-rpms-34a9c0daa9319192/packages/perl-Socket-2.027-3.el8.x86_64.rpm removed
2021-03-02T08:12:59Z DDEBUG /var/cache/dnf/rhel-8-appstream-rhui-rpms-5b7b854e98ebba59/packages/perl-TermReadKey-2.37-7.el8.x86_64.rpm removed
2021-03-02T08:12:59Z DDEBUG /var/cache/dnf/rhel-8-baseos-rhui-rpms-34a9c0daa9319192/packages/emacs-filesystem-26.1-5.el8.noarch.rpm removed
2021-03-02T08:12:59Z DDEBUG /var/cache/dnf/rhel-8-baseos-rhui-rpms-34a9c0daa9319192/packages/perl-Pod-Escapes-1.07-395.el8.noarch.rpm removed
2021-03-02T08:12:59Z DDEBUG /var/cache/dnf/rhel-8-baseos-rhui-rpms-34a9c0daa9319192/packages/perl-MIME-Base64-3.15-396.el8.x86_64.rpm removed
2021-03-02T08:12:59Z DDEBUG /var/cache/dnf/rhel-8-baseos-rhui-rpms-34a9c0daa9319192/packages/perl-Exporter-5.72-396.el8.noarch.rpm removed
2021-03-02T08:12:59Z DDEBUG /var/cache/dnf/rhel-8-baseos-rhui-rpms-34a9c0daa9319192/packages/perl-Text-ParseWords-3.30-395.el8.noarch.rpm removed
2021-03-02T08:12:59Z DDEBUG /var/cache/dnf/rhel-8-baseos-rhui-rpms-34a9c0daa9319192/packages/perl-Encode-2.97-3.el8.x86_64.rpm removed
2021-03-02T08:12:59Z DDEBUG /var/cache/dnf/rhel-8-baseos-rhui-rpms-34a9c0daa9319192/packages/perl-Pod-Simple-3.35-395.el8.noarch.rpm removed
2021-03-02T08:12:59Z DDEBUG /var/cache/dnf/rhel-8-baseos-rhui-rpms-34a9c0daa9319192/packages/perl-Storable-3.11-3.el8.x86_64.rpm removed
2021-03-02T08:12:59Z DDEBUG /var/cache/dnf/rhel-8-baseos-rhui-rpms-34a9c0daa9319192/packages/perl-macros-5.26.3-417.el8_3.x86_64.rpm removed
2021-03-02T08:12:59Z DDEBUG /var/cache/dnf/rhel-8-appstream-rhui-rpms-5b7b854e98ebba59/packages/git-core-doc-2.27.0-1.el8.noarch.rpm removed
2021-03-02T08:12:59Z DDEBUG /var/cache/dnf/rhel-8-baseos-rhui-rpms-34a9c0daa9319192/packages/perl-Time-Local-1.280-1.el8.noarch.rpm removed
2021-03-02T08:12:59Z DDEBUG /var/cache/dnf/rhel-8-baseos-rhui-rpms-34a9c0daa9319192/packages/perl-parent-0.237-1.el8.noarch.rpm removed
2021-03-02T08:12:59Z DDEBUG /var/cache/dnf/rhel-8-appstream-rhui-rpms-5b7b854e98ebba59/packages/perl-Net-SSLeay-1.88-1.module+el8.3.0+6446+594cad75.x86_64.rpm removed
2021-03-02T08:12:59Z DDEBUG /var/cache/dnf/rhel-8-appstream-rhui-rpms-5b7b854e98ebba59/packages/git-2.27.0-1.el8.x86_64.rpm removed
2021-03-02T08:12:59Z DDEBUG /var/cache/dnf/rhel-8-appstream-rhui-rpms-5b7b854e98ebba59/packages/perl-Error-0.17025-2.el8.noarch.rpm removed
2021-03-02T08:12:59Z DDEBUG /var/cache/dnf/rhel-8-baseos-rhui-rpms-34a9c0daa9319192/packages/perl-Unicode-Normalize-1.25-396.el8.x86_64.rpm removed
2021-03-02T08:12:59Z DDEBUG /var/cache/dnf/rhel-8-baseos-rhui-rpms-34a9c0daa9319192/packages/perl-Text-Tabs+Wrap-2013.0523-395.el8.noarch.rpm removed
2021-03-02T08:12:59Z DDEBUG /var/cache/dnf/rhel-8-baseos-rhui-rpms-34a9c0daa9319192/packages/perl-Scalar-List-Utils-1.49-2.el8.x86_64.rpm removed
2021-03-02T08:12:59Z DDEBUG /var/cache/dnf/rhel-8-baseos-rhui-rpms-34a9c0daa9319192/packages/perl-Errno-1.28-417.el8_3.x86_64.rpm removed
2021-03-02T08:12:59Z DDEBUG /var/cache/dnf/rhel-8-baseos-rhui-rpms-34a9c0daa9319192/packages/perl-threads-shared-1.58-2.el8.x86_64.rpm removed
2021-03-02T08:12:59Z DDEBUG /var/cache/dnf/rhel-8-baseos-rhui-rpms-34a9c0daa9319192/packages/perl-Pod-Usage-1.69-395.el8.noarch.rpm removed
2021-03-02T08:12:59Z DDEBUG /var/cache/dnf/rhel-8-baseos-rhui-rpms-34a9c0daa9319192/packages/perl-Term-Cap-1.17-395.el8.noarch.rpm removed
2021-03-02T08:12:59Z DDEBUG /var/cache/dnf/rhel-8-appstream-rhui-rpms-5b7b854e98ebba59/packages/perl-libnet-3.11-3.el8.noarch.rpm removed
2021-03-02T08:12:59Z DDEBUG /var/cache/dnf/rhel-8-baseos-rhui-rpms-34a9c0daa9319192/packages/perl-constant-1.33-396.el8.noarch.rpm removed
2021-03-02T08:12:59Z DDEBUG /var/cache/dnf/rhel-8-baseos-rhui-rpms-34a9c0daa9319192/packages/perl-interpreter-5.26.3-417.el8_3.x86_64.rpm removed
2021-03-02T08:12:59Z DDEBUG /var/cache/dnf/rhel-8-appstream-rhui-rpms-5b7b854e98ebba59/packages/perl-Git-2.27.0-1.el8.noarch.rpm removed
2021-03-02T08:12:59Z DDEBUG /var/cache/dnf/rhel-8-baseos-rhui-rpms-34a9c0daa9319192/packages/perl-Data-Dumper-2.167-399.el8.x86_64.rpm removed
2021-03-02T08:12:59Z DDEBUG /var/cache/dnf/rhel-8-appstream-rhui-rpms-5b7b854e98ebba59/packages/perl-Mozilla-CA-20160104-7.module+el8.3.0+6498+9eecfe51.noarch.rpm removed
2021-03-02T08:12:59Z DDEBUG /var/cache/dnf/rhel-8-appstream-rhui-rpms-5b7b854e98ebba59/packages/perl-URI-1.73-3.el8.noarch.rpm removed
2021-03-02T08:12:59Z DDEBUG /var/cache/dnf/rhel-8-baseos-rhui-rpms-34a9c0daa9319192/packages/perl-File-Temp-0.230.600-1.el8.noarch.rpm removed
2021-03-02T08:12:59Z DDEBUG /var/cache/dnf/rhel-8-baseos-rhui-rpms-34a9c0daa9319192/packages/perl-libs-5.26.3-417.el8_3.x86_64.rpm removed
2021-03-02T08:12:59Z DDEBUG /var/cache/dnf/rhel-8-baseos-rhui-rpms-34a9c0daa9319192/packages/perl-IO-1.38-417.el8_3.x86_64.rpm removed
2021-03-02T08:12:59Z DDEBUG /var/cache/dnf/rhel-8-baseos-rhui-rpms-34a9c0daa9319192/packages/perl-File-Path-2.15-2.el8.noarch.rpm removed
2021-03-02T08:12:59Z DDEBUG /var/cache/dnf/rhel-8-baseos-rhui-rpms-34a9c0daa9319192/packages/perl-podlators-4.11-1.el8.noarch.rpm removed
2021-03-02T08:12:59Z DDEBUG /var/cache/dnf/rhel-8-appstream-rhui-rpms-5b7b854e98ebba59/packages/git-core-2.27.0-1.el8.x86_64.rpm removed
2021-03-02T08:12:59Z DDEBUG /var/cache/dnf/rhel-8-appstream-rhui-rpms-5b7b854e98ebba59/packages/perl-Digest-MD5-2.55-396.el8.x86_64.rpm removed
2021-03-02T08:12:59Z DDEBUG /var/cache/dnf/rhel-8-baseos-rhui-rpms-34a9c0daa9319192/packages/perl-Carp-1.42-396.el8.noarch.rpm removed
2021-03-02T08:12:59Z DDEBUG /var/cache/dnf/rhel-8-baseos-rhui-rpms-34a9c0daa9319192/packages/perl-Getopt-Long-2.50-4.el8.noarch.rpm removed
2021-03-02T08:12:59Z DDEBUG /var/cache/dnf/rhel-8-baseos-rhui-rpms-34a9c0daa9319192/packages/perl-Pod-Perldoc-3.28-396.el8.noarch.rpm removed
2021-03-02T08:12:59Z DDEBUG /var/cache/dnf/rhel-8-baseos-rhui-rpms-34a9c0daa9319192/packages/perl-Term-ANSIColor-4.06-396.el8.noarch.rpm removed
2021-03-02T08:12:59Z DDEBUG /var/cache/dnf/rhel-8-appstream-rhui-rpms-5b7b854e98ebba59/packages/perl-IO-Socket-IP-0.39-5.el8.noarch.rpm removed
2021-03-02T08:12:59Z DDEBUG /var/cache/dnf/rhel-8-appstream-rhui-rpms-5b7b854e98ebba59/packages/perl-IO-Socket-SSL-2.066-4.module+el8.3.0+6446+594cad75.noarch.rpm removed
2021-03-02T08:12:59Z DDEBUG /var/cache/dnf/rhel-8-baseos-rhui-rpms-34a9c0daa9319192/packages/perl-threads-2.21-2.el8.x86_64.rpm removed
2021-03-02T08:12:59Z DDEBUG /var/cache/dnf/rhel-8-baseos-rhui-rpms-34a9c0daa9319192/packages/perl-HTTP-Tiny-0.074-1.el8.noarch.rpm removed
2021-03-02T08:13:01Z INFO --- logging initialized ---
2021-03-02T08:13:01Z DDEBUG timer: config: 2 ms
2021-03-02T08:13:02Z DEBUG Loaded plugins: AmazonID, builddep, changelog, config-manager, copr, debug, debuginfo-install, download, generate_completion_cache, needs-restarting, playground, repoclosure, repodiff, repograph, repomanage, reposync, uploadprofile
2021-03-02T08:13:02Z DEBUG YUM version: 4.2.23
2021-03-02T08:13:02Z DDEBUG Command: yum install -y nginx 
2021-03-02T08:13:02Z DDEBUG Installroot: /
2021-03-02T08:13:02Z DDEBUG Releasever: 8
2021-03-02T08:13:02Z DEBUG cachedir: /var/cache/dnf
2021-03-02T08:13:02Z DDEBUG Base command: install
2021-03-02T08:13:02Z DDEBUG Extra commands: ['install', '-y', 'nginx']
2021-03-02T08:13:02Z DEBUG User-Agent: constructed: 'libdnf (Red Hat Enterprise Linux 8.3; generic; Linux.x86_64)'
2021-03-02T08:13:02Z DEBUG repo: using cache for: rhui-client-config-server-8
2021-03-02T08:13:02Z DEBUG rhui-client-config-server-8: using metadata from Fri 15 Jan 2021 03:45:11 PM UTC.
2021-03-02T08:13:02Z DEBUG repo: using cache for: rhel-8-appstream-rhui-rpms
2021-03-02T08:13:02Z DEBUG rhel-8-appstream-rhui-rpms: using metadata from Mon 01 Mar 2021 08:40:08 PM UTC.
2021-03-02T08:13:02Z DEBUG repo: using cache for: rhel-8-baseos-rhui-rpms
2021-03-02T08:13:02Z DEBUG rhel-8-baseos-rhui-rpms: using metadata from Mon 01 Mar 2021 08:43:28 PM UTC.
2021-03-02T08:13:02Z INFO Last metadata expiration check: 0:04:44 ago on Tue 02 Mar 2021 08:08:18 AM UTC.
2021-03-02T08:13:03Z DDEBUG timer: sack setup: 1472 ms
2021-03-02T08:13:03Z DEBUG Completion plugin: Generating completion cache...
2021-03-02T08:13:03Z DEBUG --> Starting dependency resolution
2021-03-02T08:13:04Z DEBUG ---> Package libwebp.x86_64 1.0.0-1.el8 will be installed
2021-03-02T08:13:04Z DEBUG ---> Package jbigkit-libs.x86_64 2.1-14.el8 will be installed
2021-03-02T08:13:04Z DEBUG ---> Package nginx-mod-http-image-filter.x86_64 1:1.14.1-9.module+el8.0.0+4108+af250afe will be installed
2021-03-02T08:13:04Z DEBUG ---> Package nginx.x86_64 1:1.14.1-9.module+el8.0.0+4108+af250afe will be installed
2021-03-02T08:13:04Z DEBUG ---> Package libxcb.x86_64 1.13.1-1.el8 will be installed
2021-03-02T08:13:04Z DEBUG ---> Package nginx-mod-http-xslt-filter.x86_64 1:1.14.1-9.module+el8.0.0+4108+af250afe will be installed
2021-03-02T08:13:04Z DEBUG ---> Package nginx-all-modules.noarch 1:1.14.1-9.module+el8.0.0+4108+af250afe will be installed
2021-03-02T08:13:04Z DEBUG ---> Package nginx-mod-mail.x86_64 1:1.14.1-9.module+el8.0.0+4108+af250afe will be installed
2021-03-02T08:13:04Z DEBUG ---> Package nginx-mod-http-perl.x86_64 1:1.14.1-9.module+el8.0.0+4108+af250afe will be installed
2021-03-02T08:13:04Z DEBUG ---> Package nginx-mod-stream.x86_64 1:1.14.1-9.module+el8.0.0+4108+af250afe will be installed
2021-03-02T08:13:04Z DEBUG ---> Package nginx-filesystem.noarch 1:1.14.1-9.module+el8.0.0+4108+af250afe will be installed
2021-03-02T08:13:04Z DEBUG ---> Package libXpm.x86_64 3.5.12-8.el8 will be installed
2021-03-02T08:13:04Z DEBUG ---> Package libjpeg-turbo.x86_64 1.5.3-10.el8 will be installed
2021-03-02T08:13:04Z DEBUG ---> Package libX11-common.noarch 1.6.8-3.el8 will be installed
2021-03-02T08:13:04Z DEBUG ---> Package libX11.x86_64 1.6.8-3.el8 will be installed
2021-03-02T08:13:04Z DEBUG ---> Package gd.x86_64 2.2.5-7.el8 will be installed
2021-03-02T08:13:04Z DEBUG ---> Package libXau.x86_64 1.0.9-3.el8 will be installed
2021-03-02T08:13:04Z DEBUG ---> Package libtiff.x86_64 4.0.9-18.el8 will be installed
2021-03-02T08:13:04Z DEBUG ---> Package fontconfig.x86_64 2.13.1-3.el8 will be installed
2021-03-02T08:13:04Z DEBUG ---> Package dejavu-sans-fonts.noarch 2.35-6.el8 will be installed
2021-03-02T08:13:04Z DEBUG ---> Package fontpackages-filesystem.noarch 1.44-22.el8 will be installed
2021-03-02T08:13:04Z DEBUG ---> Package dejavu-fonts-common.noarch 2.35-6.el8 will be installed
2021-03-02T08:13:04Z DEBUG ---> Package libxslt.x86_64 1.1.32-5.el8 will be installed
2021-03-02T08:13:04Z DEBUG --> Finished dependency resolution
2021-03-02T08:13:04Z DDEBUG timer: depsolve: 379 ms
2021-03-02T08:13:04Z INFO Dependencies resolved.
2021-03-02T08:13:04Z INFO =========================================================================================
 Package                     Arch   Version             Repository                  Size
=========================================================================================
Installing:
 [1m[32mnginx                      (B[m x86_64 1:1.14.1-9.module+el8.0.0+4108+af250afe
                                                        rhel-8-appstream-rhui-rpms 570 k
Installing dependencies:
 [1m[32mdejavu-fonts-common        (B[m noarch 2.35-6.el8          rhel-8-baseos-rhui-rpms     74 k
 [1m[32mdejavu-sans-fonts          (B[m noarch 2.35-6.el8          rhel-8-baseos-rhui-rpms    1.5 M
 [1m[32mfontconfig                 (B[m x86_64 2.13.1-3.el8        rhel-8-baseos-rhui-rpms    275 k
 [1m[32mfontpackages-filesystem    (B[m noarch 1.44-22.el8         rhel-8-baseos-rhui-rpms     16 k
 [1m[32mgd                         (B[m x86_64 2.2.5-7.el8         rhel-8-appstream-rhui-rpms 144 k
 [1m[32mjbigkit-libs               (B[m x86_64 2.1-14.el8          rhel-8-appstream-rhui-rpms  55 k
 [1m[32mlibX11                     (B[m x86_64 1.6.8-3.el8         rhel-8-appstream-rhui-rpms 611 k
 [1m[32mlibX11-common              (B[m noarch 1.6.8-3.el8         rhel-8-appstream-rhui-rpms 158 k
 [1m[32mlibXau                     (B[m x86_64 1.0.9-3.el8         rhel-8-appstream-rhui-rpms  37 k
 [1m[32mlibXpm                     (B[m x86_64 3.5.12-8.el8        rhel-8-appstream-rhui-rpms  58 k
 [1m[32mlibjpeg-turbo              (B[m x86_64 1.5.3-10.el8        rhel-8-appstream-rhui-rpms 156 k
 [1m[32mlibtiff                    (B[m x86_64 4.0.9-18.el8        rhel-8-appstream-rhui-rpms 188 k
 [1m[32mlibwebp                    (B[m x86_64 1.0.0-1.el8         rhel-8-appstream-rhui-rpms 273 k
 [1m[32mlibxcb                     (B[m x86_64 1.13.1-1.el8        rhel-8-appstream-rhui-rpms 229 k
 [1m[32mlibxslt                    (B[m x86_64 1.1.32-5.el8        rhel-8-baseos-rhui-rpms    250 k
 [1m[32mnginx-all-modules          (B[m noarch 1:1.14.1-9.module+el8.0.0+4108+af250afe
                                                        rhel-8-appstream-rhui-rpms  24 k
 [1m[32mnginx-filesystem           (B[m noarch 1:1.14.1-9.module+el8.0.0+4108+af250afe
                                                        rhel-8-appstream-rhui-rpms  24 k
 [1m[32mnginx-mod-http-image-filter(B[m x86_64 1:1.14.1-9.module+el8.0.0+4108+af250afe
                                                        rhel-8-appstream-rhui-rpms  35 k
 [1m[32mnginx-mod-http-perl        (B[m x86_64 1:1.14.1-9.module+el8.0.0+4108+af250afe
                                                        rhel-8-appstream-rhui-rpms  46 k
 [1m[32mnginx-mod-http-xslt-filter (B[m x86_64 1:1.14.1-9.module+el8.0.0+4108+af250afe
                                                        rhel-8-appstream-rhui-rpms  34 k
 [1m[32mnginx-mod-mail             (B[m x86_64 1:1.14.1-9.module+el8.0.0+4108+af250afe
                                                        rhel-8-appstream-rhui-rpms  64 k
 [1m[32mnginx-mod-stream           (B[m x86_64 1:1.14.1-9.module+el8.0.0+4108+af250afe
                                                        rhel-8-appstream-rhui-rpms  85 k
Enabling module streams:
 nginx                              1.14                                                

Transaction Summary
=========================================================================================
Install  23 Packages

2021-03-02T08:13:04Z INFO Total download size: 4.8 M
2021-03-02T08:13:04Z INFO Installed size: 15 M
2021-03-02T08:13:04Z INFO Downloading Packages:
2021-03-02T08:13:05Z INFO -----------------------------------------------------------------------------------------
2021-03-02T08:13:05Z INFO Total                                                    4.8 MB/s | 4.8 MB     00:01     
2021-03-02T08:13:05Z INFO Running transaction check
2021-03-02T08:13:05Z INFO Transaction check succeeded.
2021-03-02T08:13:05Z INFO Running transaction test
2021-03-02T08:13:05Z INFO Transaction test succeeded.
2021-03-02T08:13:05Z DDEBUG timer: transaction test: 148 ms
2021-03-02T08:13:05Z INFO Running transaction
2021-03-02T08:13:05Z DDEBUG RPM transaction start.
2021-03-02T08:13:10Z DDEBUG RPM transaction over.
2021-03-02T08:13:10Z DDEBUG timer: verify transaction: 174 ms
2021-03-02T08:13:10Z DDEBUG timer: transaction: 4709 ms
2021-03-02T08:13:10Z DEBUG Completion plugin: Generating completion cache...
2021-03-02T08:13:10Z INFO 
Installed:
  dejavu-fonts-common-2.35-6.el8.noarch                                                  
  dejavu-sans-fonts-2.35-6.el8.noarch                                                    
  fontconfig-2.13.1-3.el8.x86_64                                                         
  fontpackages-filesystem-1.44-22.el8.noarch                                             
  gd-2.2.5-7.el8.x86_64                                                                  
  jbigkit-libs-2.1-14.el8.x86_64                                                         
  libX11-1.6.8-3.el8.x86_64                                                              
  libX11-common-1.6.8-3.el8.noarch                                                       
  libXau-1.0.9-3.el8.x86_64                                                              
  libXpm-3.5.12-8.el8.x86_64                                                             
  libjpeg-turbo-1.5.3-10.el8.x86_64                                                      
  libtiff-4.0.9-18.el8.x86_64                                                            
  libwebp-1.0.0-1.el8.x86_64                                                             
  libxcb-1.13.1-1.el8.x86_64                                                             
  libxslt-1.1.32-5.el8.x86_64                                                            
  nginx-1:1.14.1-9.module+el8.0.0+4108+af250afe.x86_64                                   
  nginx-all-modules-1:1.14.1-9.module+el8.0.0+4108+af250afe.noarch                       
  nginx-filesystem-1:1.14.1-9.module+el8.0.0+4108+af250afe.noarch                        
  nginx-mod-http-image-filter-1:1.14.1-9.module+el8.0.0+4108+af250afe.x86_64             
  nginx-mod-http-perl-1:1.14.1-9.module+el8.0.0+4108+af250afe.x86_64                     
  nginx-mod-http-xslt-filter-1:1.14.1-9.module+el8.0.0+4108+af250afe.x86_64              
  nginx-mod-mail-1:1.14.1-9.module+el8.0.0+4108+af250afe.x86_64                          
  nginx-mod-stream-1:1.14.1-9.module+el8.0.0+4108+af250afe.x86_64                        

2021-03-02T08:13:10Z INFO Complete!
2021-03-02T08:13:10Z DDEBUG Cleaning up.
2021-03-02T08:13:10Z DDEBUG /var/cache/dnf/rhel-8-appstream-rhui-rpms-5b7b854e98ebba59/packages/libXpm-3.5.12-8.el8.x86_64.rpm removed
2021-03-02T08:13:10Z DDEBUG /var/cache/dnf/rhel-8-appstream-rhui-rpms-5b7b854e98ebba59/packages/nginx-mod-stream-1.14.1-9.module+el8.0.0+4108+af250afe.x86_64.rpm removed
2021-03-02T08:13:10Z DDEBUG /var/cache/dnf/rhel-8-appstream-rhui-rpms-5b7b854e98ebba59/packages/nginx-mod-http-image-filter-1.14.1-9.module+el8.0.0+4108+af250afe.x86_64.rpm removed
2021-03-02T08:13:10Z DDEBUG /var/cache/dnf/rhel-8-baseos-rhui-rpms-34a9c0daa9319192/packages/dejavu-sans-fonts-2.35-6.el8.noarch.rpm removed
2021-03-02T08:13:10Z DDEBUG /var/cache/dnf/rhel-8-baseos-rhui-rpms-34a9c0daa9319192/packages/libxslt-1.1.32-5.el8.x86_64.rpm removed
2021-03-02T08:13:10Z DDEBUG /var/cache/dnf/rhel-8-appstream-rhui-rpms-5b7b854e98ebba59/packages/nginx-mod-http-perl-1.14.1-9.module+el8.0.0+4108+af250afe.x86_64.rpm removed
2021-03-02T08:13:10Z DDEBUG /var/cache/dnf/rhel-8-appstream-rhui-rpms-5b7b854e98ebba59/packages/gd-2.2.5-7.el8.x86_64.rpm removed
2021-03-02T08:13:10Z DDEBUG /var/cache/dnf/rhel-8-appstream-rhui-rpms-5b7b854e98ebba59/packages/libX11-common-1.6.8-3.el8.noarch.rpm removed
2021-03-02T08:13:10Z DDEBUG /var/cache/dnf/rhel-8-baseos-rhui-rpms-34a9c0daa9319192/packages/fontconfig-2.13.1-3.el8.x86_64.rpm removed
2021-03-02T08:13:10Z DDEBUG /var/cache/dnf/rhel-8-baseos-rhui-rpms-34a9c0daa9319192/packages/fontpackages-filesystem-1.44-22.el8.noarch.rpm removed
2021-03-02T08:13:10Z DDEBUG /var/cache/dnf/rhel-8-appstream-rhui-rpms-5b7b854e98ebba59/packages/libX11-1.6.8-3.el8.x86_64.rpm removed
2021-03-02T08:13:10Z DDEBUG /var/cache/dnf/rhel-8-appstream-rhui-rpms-5b7b854e98ebba59/packages/libtiff-4.0.9-18.el8.x86_64.rpm removed
2021-03-02T08:13:10Z DDEBUG /var/cache/dnf/rhel-8-appstream-rhui-rpms-5b7b854e98ebba59/packages/libjpeg-turbo-1.5.3-10.el8.x86_64.rpm removed
2021-03-02T08:13:10Z DDEBUG /var/cache/dnf/rhel-8-appstream-rhui-rpms-5b7b854e98ebba59/packages/libXau-1.0.9-3.el8.x86_64.rpm removed
2021-03-02T08:13:10Z DDEBUG /var/cache/dnf/rhel-8-appstream-rhui-rpms-5b7b854e98ebba59/packages/nginx-1.14.1-9.module+el8.0.0+4108+af250afe.x86_64.rpm removed
2021-03-02T08:13:10Z DDEBUG /var/cache/dnf/rhel-8-appstream-rhui-rpms-5b7b854e98ebba59/packages/nginx-all-modules-1.14.1-9.module+el8.0.0+4108+af250afe.noarch.rpm removed
2021-03-02T08:13:10Z DDEBUG /var/cache/dnf/rhel-8-appstream-rhui-rpms-5b7b854e98ebba59/packages/libwebp-1.0.0-1.el8.x86_64.rpm removed
2021-03-02T08:13:10Z DDEBUG /var/cache/dnf/rhel-8-appstream-rhui-rpms-5b7b854e98ebba59/packages/nginx-filesystem-1.14.1-9.module+el8.0.0+4108+af250afe.noarch.rpm removed
2021-03-02T08:13:10Z DDEBUG /var/cache/dnf/rhel-8-appstream-rhui-rpms-5b7b854e98ebba59/packages/nginx-mod-mail-1.14.1-9.module+el8.0.0+4108+af250afe.x86_64.rpm removed
2021-03-02T08:13:10Z DDEBUG /var/cache/dnf/rhel-8-appstream-rhui-rpms-5b7b854e98ebba59/packages/jbigkit-libs-2.1-14.el8.x86_64.rpm removed
2021-03-02T08:13:10Z DDEBUG /var/cache/dnf/rhel-8-appstream-rhui-rpms-5b7b854e98ebba59/packages/nginx-mod-http-xslt-filter-1.14.1-9.module+el8.0.0+4108+af250afe.x86_64.rpm removed
2021-03-02T08:13:10Z DDEBUG /var/cache/dnf/rhel-8-appstream-rhui-rpms-5b7b854e98ebba59/packages/libxcb-1.13.1-1.el8.x86_64.rpm removed
2021-03-02T08:13:10Z DDEBUG /var/cache/dnf/rhel-8-baseos-rhui-rpms-34a9c0daa9319192/packages/dejavu-fonts-common-2.35-6.el8.noarch.rpm removed
2021-03-02T08:13:15Z INFO --- logging initialized ---
2021-03-02T08:13:15Z DDEBUG timer: config: 2 ms
2021-03-02T08:13:15Z DEBUG Loaded plugins: AmazonID, builddep, changelog, config-manager, copr, debug, debuginfo-install, download, generate_completion_cache, needs-restarting, playground, repoclosure, repodiff, repograph, repomanage, reposync, uploadprofile
2021-03-02T08:13:15Z DEBUG YUM version: 4.2.23
2021-03-02T08:13:15Z DDEBUG Command: yum -y install nodejs 
2021-03-02T08:13:15Z DDEBUG Installroot: /
2021-03-02T08:13:15Z DDEBUG Releasever: 8
2021-03-02T08:13:15Z DEBUG cachedir: /var/cache/dnf
2021-03-02T08:13:15Z DDEBUG Base command: install
2021-03-02T08:13:15Z DDEBUG Extra commands: ['-y', 'install', 'nodejs']
2021-03-02T08:13:15Z DEBUG User-Agent: constructed: 'libdnf (Red Hat Enterprise Linux 8.3; generic; Linux.x86_64)'
2021-03-02T08:13:15Z DEBUG repo: using cache for: rhui-client-config-server-8
2021-03-02T08:13:15Z DEBUG rhui-client-config-server-8: using metadata from Fri 15 Jan 2021 03:45:11 PM UTC.
2021-03-02T08:13:15Z DEBUG repo: using cache for: rhel-8-appstream-rhui-rpms
2021-03-02T08:13:15Z DEBUG rhel-8-appstream-rhui-rpms: using metadata from Mon 01 Mar 2021 08:40:08 PM UTC.
2021-03-02T08:13:15Z DEBUG repo: using cache for: rhel-8-baseos-rhui-rpms
2021-03-02T08:13:15Z DEBUG rhel-8-baseos-rhui-rpms: using metadata from Mon 01 Mar 2021 08:43:28 PM UTC.
2021-03-02T08:13:15Z INFO Last metadata expiration check: 0:04:57 ago on Tue 02 Mar 2021 08:08:18 AM UTC.
2021-03-02T08:13:17Z DDEBUG timer: sack setup: 1456 ms
2021-03-02T08:13:17Z DEBUG Completion plugin: Generating completion cache...
2021-03-02T08:13:17Z DEBUG --> Starting dependency resolution
2021-03-02T08:13:17Z DEBUG ---> Package nodejs-full-i18n.x86_64 1:10.23.1-1.module+el8.3.0+9502+012d8a97 will be installed
2021-03-02T08:13:17Z DEBUG ---> Package nodejs.x86_64 1:10.23.1-1.module+el8.3.0+9502+012d8a97 will be installed
2021-03-02T08:13:17Z DEBUG ---> Package npm.x86_64 1:6.14.10-1.10.23.1.1.module+el8.3.0+9502+012d8a97 will be installed
2021-03-02T08:13:17Z DEBUG --> Finished dependency resolution
2021-03-02T08:13:17Z DDEBUG timer: depsolve: 366 ms
2021-03-02T08:13:17Z INFO Dependencies resolved.
2021-03-02T08:13:17Z INFO =========================================================================================
 Package
        Arch   Version                                  Repository                  Size
=========================================================================================
Installing:
 [1m[32mnodejs(B[m x86_64 1:10.23.1-1.module+el8.3.0+9502+012d8a97 rhel-8-appstream-rhui-rpms 8.9 M
Installing dependencies:
 [1m[32mnpm   (B[m x86_64 1:6.14.10-1.10.23.1.1.module+el8.3.0+9502+012d8a97
                                                        rhel-8-appstream-rhui-rpms 3.7 M
Installing weak dependencies:
 [1m[32mnodejs-full-i18n(B[m
        x86_64 1:10.23.1-1.module+el8.3.0+9502+012d8a97 rhel-8-appstream-rhui-rpms 7.3 M
Enabling module streams:
 nodejs        10                                                                       

Transaction Summary
=========================================================================================
Install  3 Packages

2021-03-02T08:13:17Z INFO Total download size: 20 M
2021-03-02T08:13:17Z INFO Installed size: 71 M
2021-03-02T08:13:17Z INFO Downloading Packages:
2021-03-02T08:13:18Z INFO -----------------------------------------------------------------------------------------
2021-03-02T08:13:18Z INFO Total                                                     43 MB/s |  20 MB     00:00     
2021-03-02T08:13:18Z INFO Running transaction check
2021-03-02T08:13:18Z INFO Transaction check succeeded.
2021-03-02T08:13:18Z INFO Running transaction test
2021-03-02T08:13:18Z INFO Transaction test succeeded.
2021-03-02T08:13:18Z DDEBUG timer: transaction test: 402 ms
2021-03-02T08:13:18Z INFO Running transaction
2021-03-02T08:13:18Z DDEBUG RPM transaction start.
2021-03-02T08:13:25Z DDEBUG RPM transaction over.
2021-03-02T08:13:25Z DDEBUG timer: verify transaction: 314 ms
2021-03-02T08:13:25Z DDEBUG timer: transaction: 7161 ms
2021-03-02T08:13:25Z DEBUG Completion plugin: Generating completion cache...
2021-03-02T08:13:25Z INFO 
Installed:
  nodejs-1:10.23.1-1.module+el8.3.0+9502+012d8a97.x86_64                                 
  nodejs-full-i18n-1:10.23.1-1.module+el8.3.0+9502+012d8a97.x86_64                       
  npm-1:6.14.10-1.10.23.1.1.module+el8.3.0+9502+012d8a97.x86_64                          

2021-03-02T08:13:25Z INFO Complete!
2021-03-02T08:13:25Z DDEBUG Cleaning up.
2021-03-02T08:13:25Z DDEBUG /var/cache/dnf/rhel-8-appstream-rhui-rpms-5b7b854e98ebba59/packages/nodejs-full-i18n-10.23.1-1.module+el8.3.0+9502+012d8a97.x86_64.rpm removed
2021-03-02T08:13:25Z DDEBUG /var/cache/dnf/rhel-8-appstream-rhui-rpms-5b7b854e98ebba59/packages/nodejs-10.23.1-1.module+el8.3.0+9502+012d8a97.x86_64.rpm removed
2021-03-02T08:13:25Z DDEBUG /var/cache/dnf/rhel-8-appstream-rhui-rpms-5b7b854e98ebba59/packages/npm-6.14.10-1.10.23.1.1.module+el8.3.0+9502+012d8a97.x86_64.rpm removed
