2020-10-31T05:09:35Z INFO Librepo version: 1.12.0 with CURL_GLOBAL_ACK_EINTR support (libcurl/7.61.1 OpenSSL/1.1.1g zlib/1.2.11 brotli/1.0.6 libidn2/2.2.0 libpsl/0.20.2 (+libidn2/2.2.0) libssh/0.9.4/openssl/zlib nghttp2/1.33.0)
2020-10-31T05:09:37Z INFO Librepo version: 1.12.0 with CURL_GLOBAL_ACK_EINTR support (libcurl/7.61.1 OpenSSL/1.1.1g zlib/1.2.11 brotli/1.0.6 libidn2/2.2.0 libpsl/0.20.2 (+libidn2/2.2.0) libssh/0.9.4/openssl/zlib nghttp2/1.33.0)
2020-10-31T05:09:42Z INFO Librepo version: 1.12.0 with CURL_GLOBAL_ACK_EINTR support (libcurl/7.61.1 OpenSSL/1.1.1g zlib/1.2.11 brotli/1.0.6 libidn2/2.2.0 libpsl/0.20.2 (+libidn2/2.2.0) libssh/0.9.4/openssl/zlib nghttp2/1.33.0)
2021-03-02T08:04:56Z INFO Librepo version: 1.12.0 with CURL_GLOBAL_ACK_EINTR support (libcurl/7.61.1 OpenSSL/1.1.1g zlib/1.2.11 brotli/1.0.6 libidn2/2.2.0 libpsl/0.20.2 (+libidn2/2.2.0) libssh/0.9.4/openssl/zlib nghttp2/1.33.0)
2021-03-02T08:04:57Z INFO Librepo version: 1.12.0 with CURL_GLOBAL_ACK_EINTR support (libcurl/7.61.1 OpenSSL/1.1.1g zlib/1.2.11 brotli/1.0.6 libidn2/2.2.0 libpsl/0.20.2 (+libidn2/2.2.0) libssh/0.9.4/openssl/zlib nghttp2/1.33.0)
2021-03-02T08:04:59Z INFO Downloading: https://rhui3.ap-northeast-2.aws.ce.redhat.com/pulp/mirror/protected/rhui-client-config/rhel/server/8/x86_64/os
2021-03-02T08:05:00Z INFO Downloading: https://rhui3.ap-northeast-2.aws.ce.redhat.com/pulp/repos/protected/rhui-client-config/rhel/server/8/x86_64/os/repodata/repomd.xml
2021-03-02T08:05:00Z INFO Downloading: https://rhui3.ap-northeast-2.aws.ce.redhat.com/pulp/repos/protected/rhui-client-config/rhel/server/8/x86_64/os/repodata/5b347fd0e1fb4539c245cb609d2edf9b5a3b6bdd1dc13c369739a7322588f7ae-filelists.xml.gz
2021-03-02T08:05:00Z INFO Downloading: https://rhui3.ap-northeast-2.aws.ce.redhat.com/pulp/repos/protected/rhui-client-config/rhel/server/8/x86_64/os/repodata/872727a3850cfb87819beaa77ec90401e2f2288ea90f1cf9b0994c5461160303-primary.xml.gz
2021-03-02T08:05:00Z INFO Downloading: https://rhui3.ap-northeast-2.aws.ce.redhat.com/pulp/repos/protected/rhui-client-config/rhel/server/8/x86_64/os/repodata/f3de736a36f3ac639d34ecaab000e0644344396ced0e69c6a16a820d305e2139-updateinfo.xml.gz
2021-03-02T08:05:00Z INFO Downloading: https://rhui3.ap-northeast-2.aws.ce.redhat.com/pulp/repos/protected/rhui-client-config/rhel/server/8/x86_64/os/repodata/a27718cc28ec6d71432e0ef3e6da544b7f9d93f6bb7d0a55aacd592d03144b70-comps.xml
2021-03-02T08:05:00Z INFO Downloading: https://rhui3.ap-northeast-2.aws.ce.redhat.com/pulp/mirror/content/dist/rhel8/rhui/8/x86_64/appstream/os
2021-03-02T08:05:00Z INFO Downloading: https://rhui3.ap-northeast-2.aws.ce.redhat.com/pulp/repos/content/dist/rhel8/rhui/8/x86_64/appstream/os/repodata/repomd.xml
2021-03-02T08:05:00Z INFO Downloading: https://rhui3.ap-northeast-2.aws.ce.redhat.com/pulp/repos/content/dist/rhel8/rhui/8/x86_64/appstream/os/repodata/a8c476ec67419b5dce451947c881a5a6b87a5b59e647265117db4a6ef84c132f-filelists.xml.gz
2021-03-02T08:05:00Z INFO Downloading: https://rhui3.ap-northeast-2.aws.ce.redhat.com/pulp/repos/content/dist/rhel8/rhui/8/x86_64/appstream/os/repodata/55ef9268a5baaf334cffa80cb5638d7f9b3d1ca367a1259c4d19ac87caa483dd-primary.xml.gz
2021-03-02T08:05:00Z INFO Downloading: https://rhui3.ap-northeast-2.aws.ce.redhat.com/pulp/repos/content/dist/rhel8/rhui/8/x86_64/appstream/os/repodata/f5cde76835d94d057e0496ad81b582063324651db798806ad52f18e126465648-updateinfo.xml.gz
2021-03-02T08:05:00Z INFO Downloading: https://rhui3.ap-northeast-2.aws.ce.redhat.com/pulp/repos/content/dist/rhel8/rhui/8/x86_64/appstream/os/repodata/a1ec3eaf81acfe02fe8c57bed49598c9ab1f437c437afecf766fa4ee6fad33b4-modules.yaml.gz
2021-03-02T08:05:00Z INFO Downloading: https://rhui3.ap-northeast-2.aws.ce.redhat.com/pulp/repos/content/dist/rhel8/rhui/8/x86_64/appstream/os/repodata/1b2ff1c802bc3c6bad5e4c7c75b8a17386b1dadb83f2096cf1dae65529c251ef-comps.xml
2021-03-02T08:05:06Z INFO Downloading: https://rhui3.ap-northeast-2.aws.ce.redhat.com/pulp/mirror/content/dist/rhel8/rhui/8/x86_64/baseos/os
2021-03-02T08:05:06Z INFO Downloading: https://rhui3.ap-northeast-2.aws.ce.redhat.com/pulp/repos/content/dist/rhel8/rhui/8/x86_64/baseos/os/repodata/repomd.xml
2021-03-02T08:05:06Z INFO Downloading: https://rhui3.ap-northeast-2.aws.ce.redhat.com/pulp/repos/content/dist/rhel8/rhui/8/x86_64/baseos/os/repodata/6e2137fe6ce30f1f1024f1dcc62d032fb7c791d7d485640ff6620f17f477c85b-filelists.xml.gz
2021-03-02T08:05:06Z INFO Downloading: https://rhui3.ap-northeast-2.aws.ce.redhat.com/pulp/repos/content/dist/rhel8/rhui/8/x86_64/baseos/os/repodata/0a7c6ba7942e536d78275223557788e4bd2a9691a52706e6a7853a29e5beb063-primary.xml.gz
2021-03-02T08:05:06Z INFO Downloading: https://rhui3.ap-northeast-2.aws.ce.redhat.com/pulp/repos/content/dist/rhel8/rhui/8/x86_64/baseos/os/repodata/0328a535473bfd5ee0b8c9a4d83d12212a363e48fd8443b8e8226a53b554877e-updateinfo.xml.gz
2021-03-02T08:05:06Z INFO Downloading: https://rhui3.ap-northeast-2.aws.ce.redhat.com/pulp/repos/content/dist/rhel8/rhui/8/x86_64/baseos/os/repodata/81d0c9b347f946db3196e7cd80c0e91bcf7e2015e63ed353311832b93ec34dd4-comps.xml
2021-03-02T08:05:15Z INFO Downloading: https://rhui3.ap-northeast-2.aws.ce.redhat.com/pulp/mirror/content/dist/rhel8/rhui/8/x86_64/baseos/os
2021-03-02T08:05:15Z INFO Downloading: https://rhui3.ap-northeast-2.aws.ce.redhat.com/pulp/mirror/protected/rhui-client-config/rhel/server/8/x86_64/os
2021-03-02T08:05:15Z INFO Downloading: https://rhui3.ap-northeast-2.aws.ce.redhat.com/pulp/mirror/content/dist/rhel8/rhui/8/x86_64/appstream/os
2021-03-02T08:05:15Z INFO Downloading: https://rhui3.ap-northeast-2.aws.ce.redhat.com/pulp/repos/content/dist/rhel8/rhui/8/x86_64/baseos/os/Packages/l/linux-firmware-20200619-101.git3890db36.el8_3.noarch.rpm
2021-03-02T08:05:15Z INFO Downloading: https://rhui3.ap-northeast-2.aws.ce.redhat.com/pulp/repos/content/dist/rhel8/rhui/8/x86_64/baseos/os/Packages/k/kernel-modules-4.18.0-240.15.1.el8_3.x86_64.rpm
2021-03-02T08:05:15Z INFO Downloading: https://rhui3.ap-northeast-2.aws.ce.redhat.com/pulp/repos/content/dist/rhel8/rhui/8/x86_64/baseos/os/Packages/k/kernel-4.18.0-240.15.1.el8_3.x86_64.rpm
2021-03-02T08:05:16Z INFO Downloading: https://rhui3.ap-northeast-2.aws.ce.redhat.com/pulp/repos/content/dist/rhel8/rhui/8/x86_64/baseos/os/Packages/k/kernel-core-4.18.0-240.15.1.el8_3.x86_64.rpm
2021-03-02T08:05:16Z INFO Downloading: https://rhui3.ap-northeast-2.aws.ce.redhat.com/pulp/repos/protected/rhui-client-config/rhel/server/8/x86_64/os/Packages/r/rh-amazon-rhui-client-3.0.39-1.el8.noarch.rpm
2021-03-02T08:05:17Z INFO Downloading: https://rhui3.ap-northeast-2.aws.ce.redhat.com/pulp/repos/content/dist/rhel8/rhui/8/x86_64/appstream/os/Packages/i/insights-client-3.1.1-1.el8_3.noarch.rpm
2021-03-02T08:05:17Z INFO Downloading: https://rhui3.ap-northeast-2.aws.ce.redhat.com/pulp/repos/content/dist/rhel8/rhui/8/x86_64/appstream/os/Packages/c/cloud-init-19.4-11.el8_3.2.noarch.rpm
2021-03-02T08:05:17Z INFO Downloading: https://rhui3.ap-northeast-2.aws.ce.redhat.com/pulp/repos/content/dist/rhel8/rhui/8/x86_64/appstream/os/Packages/q/qemu-guest-agent-4.2.0-34.module%2bel8.3.0%2b9828%2b7aab3355.3.x86_64.rpm
2021-03-02T08:05:17Z INFO Downloading: https://rhui3.ap-northeast-2.aws.ce.redhat.com/pulp/repos/content/dist/rhel8/rhui/8/x86_64/baseos/os/Packages/f/freetype-2.9.1-4.el8_3.1.x86_64.rpm
2021-03-02T08:05:17Z INFO Downloading: https://rhui3.ap-northeast-2.aws.ce.redhat.com/pulp/repos/content/dist/rhel8/rhui/8/x86_64/baseos/os/Packages/i/iptables-libs-1.8.4-15.el8_3.3.x86_64.rpm
2021-03-02T08:05:17Z INFO Downloading: https://rhui3.ap-northeast-2.aws.ce.redhat.com/pulp/repos/content/dist/rhel8/rhui/8/x86_64/baseos/os/Packages/o/openssl-1.1.1g-12.el8_3.x86_64.rpm
2021-03-02T08:05:17Z INFO Downloading: https://rhui3.ap-northeast-2.aws.ce.redhat.com/pulp/repos/content/dist/rhel8/rhui/8/x86_64/baseos/os/Packages/o/openssl-libs-1.1.1g-12.el8_3.x86_64.rpm
2021-03-02T08:05:17Z INFO Downloading: https://rhui3.ap-northeast-2.aws.ce.redhat.com/pulp/repos/content/dist/rhel8/rhui/8/x86_64/baseos/os/Packages/s/systemd-pam-239-41.el8_3.1.x86_64.rpm
2021-03-02T08:05:17Z INFO Downloading: https://rhui3.ap-northeast-2.aws.ce.redhat.com/pulp/repos/content/dist/rhel8/rhui/8/x86_64/baseos/os/Packages/c/curl-7.61.1-14.el8_3.1.x86_64.rpm
2021-03-02T08:05:17Z INFO Downloading: https://rhui3.ap-northeast-2.aws.ce.redhat.com/pulp/repos/content/dist/rhel8/rhui/8/x86_64/baseos/os/Packages/s/systemd-239-41.el8_3.1.x86_64.rpm
2021-03-02T08:05:17Z INFO Downloading: https://rhui3.ap-northeast-2.aws.ce.redhat.com/pulp/repos/content/dist/rhel8/rhui/8/x86_64/baseos/os/Packages/s/systemd-libs-239-41.el8_3.1.x86_64.rpm
2021-03-02T08:05:18Z INFO Downloading: https://rhui3.ap-northeast-2.aws.ce.redhat.com/pulp/repos/content/dist/rhel8/rhui/8/x86_64/baseos/os/Packages/g/gnutls-3.6.14-7.el8_3.x86_64.rpm
2021-03-02T08:05:18Z INFO Downloading: https://rhui3.ap-northeast-2.aws.ce.redhat.com/pulp/repos/content/dist/rhel8/rhui/8/x86_64/baseos/os/Packages/l/libcurl-7.61.1-14.el8_3.1.x86_64.rpm
2021-03-02T08:05:18Z INFO Downloading: https://rhui3.ap-northeast-2.aws.ce.redhat.com/pulp/repos/content/dist/rhel8/rhui/8/x86_64/baseos/os/Packages/s/systemd-udev-239-41.el8_3.1.x86_64.rpm
2021-03-02T08:05:18Z INFO Downloading: https://rhui3.ap-northeast-2.aws.ce.redhat.com/pulp/repos/content/dist/rhel8/rhui/8/x86_64/baseos/os/Packages/s/sudo-1.8.29-6.el8_3.1.x86_64.rpm
2021-03-02T08:05:18Z INFO Downloading: https://rhui3.ap-northeast-2.aws.ce.redhat.com/pulp/repos/content/dist/rhel8/rhui/8/x86_64/baseos/os/Packages/t/tzdata-2021a-1.el8.noarch.rpm
2021-03-02T08:05:18Z INFO Downloading: https://rhui3.ap-northeast-2.aws.ce.redhat.com/pulp/repos/content/dist/rhel8/rhui/8/x86_64/baseos/os/Packages/s/selinux-policy-3.14.3-54.el8_3.2.noarch.rpm
2021-03-02T08:05:18Z INFO Downloading: https://rhui3.ap-northeast-2.aws.ce.redhat.com/pulp/repos/content/dist/rhel8/rhui/8/x86_64/baseos/os/Packages/s/selinux-policy-targeted-3.14.3-54.el8_3.2.noarch.rpm
2021-03-02T08:05:18Z INFO Downloading: https://rhui3.ap-northeast-2.aws.ce.redhat.com/pulp/repos/content/dist/rhel8/rhui/8/x86_64/baseos/os/Packages/s/subscription-manager-rhsm-certificates-1.27.18-1.el8_3.x86_64.rpm
2021-03-02T08:05:19Z INFO Downloading: https://rhui3.ap-northeast-2.aws.ce.redhat.com/pulp/repos/content/dist/rhel8/rhui/8/x86_64/baseos/os/Packages/k/kernel-tools-4.18.0-240.15.1.el8_3.x86_64.rpm
2021-03-02T08:05:19Z INFO Downloading: https://rhui3.ap-northeast-2.aws.ce.redhat.com/pulp/repos/content/dist/rhel8/rhui/8/x86_64/baseos/os/Packages/k/kernel-tools-libs-4.18.0-240.15.1.el8_3.x86_64.rpm
2021-03-02T08:05:19Z INFO Downloading: https://rhui3.ap-northeast-2.aws.ce.redhat.com/pulp/repos/content/dist/rhel8/rhui/8/x86_64/baseos/os/Packages/k/kexec-tools-2.0.20-34.el8_3.2.x86_64.rpm
2021-03-02T08:05:19Z INFO Downloading: https://rhui3.ap-northeast-2.aws.ce.redhat.com/pulp/repos/content/dist/rhel8/rhui/8/x86_64/baseos/os/Packages/s/subscription-manager-1.27.18-1.el8_3.x86_64.rpm
2021-03-02T08:05:19Z INFO Downloading: https://rhui3.ap-northeast-2.aws.ce.redhat.com/pulp/repos/content/dist/rhel8/rhui/8/x86_64/baseos/os/Packages/p/python3-syspurpose-1.27.18-1.el8_3.x86_64.rpm
2021-03-02T08:05:19Z INFO Downloading: https://rhui3.ap-northeast-2.aws.ce.redhat.com/pulp/repos/content/dist/rhel8/rhui/8/x86_64/baseos/os/Packages/n/NetworkManager-libnm-1.26.0-13.el8_3.x86_64.rpm
2021-03-02T08:05:19Z INFO Downloading: https://rhui3.ap-northeast-2.aws.ce.redhat.com/pulp/repos/content/dist/rhel8/rhui/8/x86_64/baseos/os/Packages/p/python3-subscription-manager-rhsm-1.27.18-1.el8_3.x86_64.rpm
2021-03-02T08:05:19Z INFO Downloading: https://rhui3.ap-northeast-2.aws.ce.redhat.com/pulp/repos/content/dist/rhel8/rhui/8/x86_64/baseos/os/Packages/d/device-mapper-1.02.171-5.el8_3.2.x86_64.rpm
2021-03-02T08:05:19Z INFO Downloading: https://rhui3.ap-northeast-2.aws.ce.redhat.com/pulp/repos/content/dist/rhel8/rhui/8/x86_64/baseos/os/Packages/p/python3-perf-4.18.0-240.15.1.el8_3.x86_64.rpm
2021-03-02T08:05:19Z INFO Downloading: https://rhui3.ap-northeast-2.aws.ce.redhat.com/pulp/repos/content/dist/rhel8/rhui/8/x86_64/baseos/os/Packages/d/dbus-1.12.8-12.el8_3.x86_64.rpm
2021-03-02T08:05:19Z INFO Downloading: https://rhui3.ap-northeast-2.aws.ce.redhat.com/pulp/repos/content/dist/rhel8/rhui/8/x86_64/baseos/os/Packages/n/NetworkManager-tui-1.26.0-13.el8_3.x86_64.rpm
2021-03-02T08:05:19Z INFO Downloading: https://rhui3.ap-northeast-2.aws.ce.redhat.com/pulp/repos/content/dist/rhel8/rhui/8/x86_64/baseos/os/Packages/d/dbus-common-1.12.8-12.el8_3.noarch.rpm
2021-03-02T08:05:19Z INFO Downloading: https://rhui3.ap-northeast-2.aws.ce.redhat.com/pulp/repos/content/dist/rhel8/rhui/8/x86_64/baseos/os/Packages/n/NetworkManager-1.26.0-13.el8_3.x86_64.rpm
2021-03-02T08:05:19Z INFO Downloading: https://rhui3.ap-northeast-2.aws.ce.redhat.com/pulp/repos/content/dist/rhel8/rhui/8/x86_64/baseos/os/Packages/k/kmod-25-16.el8_3.1.x86_64.rpm
2021-03-02T08:05:19Z INFO Downloading: https://rhui3.ap-northeast-2.aws.ce.redhat.com/pulp/repos/content/dist/rhel8/rhui/8/x86_64/baseos/os/Packages/d/dnf-plugin-subscription-manager-1.27.18-1.el8_3.x86_64.rpm
2021-03-02T08:05:19Z INFO Downloading: https://rhui3.ap-northeast-2.aws.ce.redhat.com/pulp/repos/content/dist/rhel8/rhui/8/x86_64/baseos/os/Packages/d/dracut-network-049-95.git20200804.el8_3.4.x86_64.rpm
2021-03-02T08:05:19Z INFO Downloading: https://rhui3.ap-northeast-2.aws.ce.redhat.com/pulp/repos/content/dist/rhel8/rhui/8/x86_64/baseos/os/Packages/d/dracut-049-95.git20200804.el8_3.4.x86_64.rpm
2021-03-02T08:05:19Z INFO Downloading: https://rhui3.ap-northeast-2.aws.ce.redhat.com/pulp/repos/content/dist/rhel8/rhui/8/x86_64/baseos/os/Packages/d/device-mapper-libs-1.02.171-5.el8_3.2.x86_64.rpm
2021-03-02T08:05:19Z INFO Downloading: https://rhui3.ap-northeast-2.aws.ce.redhat.com/pulp/repos/content/dist/rhel8/rhui/8/x86_64/baseos/os/Packages/k/kmod-libs-25-16.el8_3.1.x86_64.rpm
2021-03-02T08:05:20Z INFO Downloading: https://rhui3.ap-northeast-2.aws.ce.redhat.com/pulp/repos/content/dist/rhel8/rhui/8/x86_64/baseos/os/Packages/g/glibc-2.28-127.el8_3.2.x86_64.rpm
2021-03-02T08:05:20Z INFO Downloading: https://rhui3.ap-northeast-2.aws.ce.redhat.com/pulp/repos/content/dist/rhel8/rhui/8/x86_64/baseos/os/Packages/d/dbus-tools-1.12.8-12.el8_3.x86_64.rpm
2021-03-02T08:05:20Z INFO Downloading: https://rhui3.ap-northeast-2.aws.ce.redhat.com/pulp/repos/content/dist/rhel8/rhui/8/x86_64/baseos/os/Packages/t/tuned-2.14.0-3.el8_3.2.noarch.rpm
2021-03-02T08:05:20Z INFO Downloading: https://rhui3.ap-northeast-2.aws.ce.redhat.com/pulp/repos/content/dist/rhel8/rhui/8/x86_64/baseos/os/Packages/d/dracut-config-generic-049-95.git20200804.el8_3.4.x86_64.rpm
2021-03-02T08:05:20Z INFO Downloading: https://rhui3.ap-northeast-2.aws.ce.redhat.com/pulp/repos/content/dist/rhel8/rhui/8/x86_64/baseos/os/Packages/d/dracut-config-rescue-049-95.git20200804.el8_3.4.x86_64.rpm
2021-03-02T08:05:20Z INFO Downloading: https://rhui3.ap-northeast-2.aws.ce.redhat.com/pulp/repos/content/dist/rhel8/rhui/8/x86_64/baseos/os/Packages/n/NetworkManager-team-1.26.0-13.el8_3.x86_64.rpm
2021-03-02T08:05:20Z INFO Downloading: https://rhui3.ap-northeast-2.aws.ce.redhat.com/pulp/repos/content/dist/rhel8/rhui/8/x86_64/baseos/os/Packages/d/dbus-daemon-1.12.8-12.el8_3.x86_64.rpm
2021-03-02T08:05:20Z INFO Downloading: https://rhui3.ap-northeast-2.aws.ce.redhat.com/pulp/repos/content/dist/rhel8/rhui/8/x86_64/baseos/os/Packages/g/glibc-langpack-en-2.28-127.el8_3.2.x86_64.rpm
2021-03-02T08:05:20Z INFO Downloading: https://rhui3.ap-northeast-2.aws.ce.redhat.com/pulp/repos/content/dist/rhel8/rhui/8/x86_64/baseos/os/Packages/d/dracut-squash-049-95.git20200804.el8_3.4.x86_64.rpm
2021-03-02T08:05:20Z INFO Downloading: https://rhui3.ap-northeast-2.aws.ce.redhat.com/pulp/repos/content/dist/rhel8/rhui/8/x86_64/baseos/os/Packages/g/glibc-common-2.28-127.el8_3.2.x86_64.rpm
2021-03-02T08:05:20Z INFO Downloading: https://rhui3.ap-northeast-2.aws.ce.redhat.com/pulp/repos/content/dist/rhel8/rhui/8/x86_64/baseos/os/Packages/d/dbus-libs-1.12.8-12.el8_3.x86_64.rpm
2021-03-02T08:05:20Z INFO Downloading: https://rhui3.ap-northeast-2.aws.ce.redhat.com/pulp/repos/content/dist/rhel8/rhui/8/x86_64/baseos/os/Packages/m/microcode_ctl-20200609-2.20210216.1.el8_3.x86_64.rpm
2021-03-02T08:05:20Z INFO Downloading: https://rhui3.ap-northeast-2.aws.ce.redhat.com/pulp/repos/content/dist/rhel8/rhui/8/x86_64/baseos/os/Packages/b/bind-export-libs-9.11.20-5.el8_3.1.x86_64.rpm
2021-03-02T08:08:14Z INFO Librepo version: 1.12.0 with CURL_GLOBAL_ACK_EINTR support (libcurl/7.61.1 OpenSSL/1.1.1g zlib/1.2.11 brotli/1.0.6 libidn2/2.2.0 libpsl/0.20.2 (+libidn2/2.2.0) libssh/0.9.4/openssl/zlib nghttp2/1.33.0)
2021-03-02T08:08:16Z INFO Librepo version: 1.12.0 with CURL_GLOBAL_ACK_EINTR support (libcurl/7.61.1 OpenSSL/1.1.1g zlib/1.2.11 brotli/1.0.6 libidn2/2.2.0 libpsl/0.20.2 (+libidn2/2.2.0) libssh/0.9.4/openssl/zlib nghttp2/1.33.0)
2021-03-02T08:08:16Z INFO Downloading: https://rhui3.ap-northeast-2.aws.ce.redhat.com/pulp/mirror/protected/rhui-client-config/rhel/server/8/x86_64/os
2021-03-02T08:08:16Z INFO Downloading: https://rhui3.ap-northeast-2.aws.ce.redhat.com/pulp/repos/protected/rhui-client-config/rhel/server/8/x86_64/os/repodata/repomd.xml
2021-03-02T08:08:16Z INFO Downloading: https://rhui3.ap-northeast-2.aws.ce.redhat.com/pulp/mirror/content/dist/rhel8/rhui/8/x86_64/appstream/os
2021-03-02T08:08:17Z INFO Downloading: https://rhui3.ap-northeast-2.aws.ce.redhat.com/pulp/repos/content/dist/rhel8/rhui/8/x86_64/appstream/os/repodata/repomd.xml
2021-03-02T08:08:17Z INFO Downloading: https://rhui3.ap-northeast-2.aws.ce.redhat.com/pulp/mirror/content/dist/rhel8/rhui/8/x86_64/baseos/os
2021-03-02T08:08:17Z INFO Downloading: https://rhui3.ap-northeast-2.aws.ce.redhat.com/pulp/repos/content/dist/rhel8/rhui/8/x86_64/baseos/os/repodata/repomd.xml
2021-03-02T08:11:05Z INFO Librepo version: 1.12.0 with CURL_GLOBAL_ACK_EINTR support (libcurl/7.61.1 OpenSSL/1.1.1g zlib/1.2.11 brotli/1.0.6 libidn2/2.2.0 libpsl/0.20.2 (+libidn2/2.2.0) libssh/0.9.4/openssl/zlib nghttp2/1.33.0)
2021-03-02T08:11:05Z INFO Librepo version: 1.12.0 with CURL_GLOBAL_ACK_EINTR support (libcurl/7.61.1 OpenSSL/1.1.1g zlib/1.2.11 brotli/1.0.6 libidn2/2.2.0 libpsl/0.20.2 (+libidn2/2.2.0) libssh/0.9.4/openssl/zlib nghttp2/1.33.0)
2021-03-02T08:12:28Z INFO Downloading: https://rhui3.ap-northeast-2.aws.ce.redhat.com/pulp/mirror/content/dist/rhel8/rhui/8/x86_64/appstream/os
2021-03-02T08:12:28Z INFO Downloading: https://rhui3.ap-northeast-2.aws.ce.redhat.com/pulp/mirror/content/dist/rhel8/rhui/8/x86_64/baseos/os
2021-03-02T08:12:28Z INFO Downloading: https://rhui3.ap-northeast-2.aws.ce.redhat.com/pulp/repos/content/dist/rhel8/rhui/8/x86_64/appstream/os/Packages/l/libmpc-1.0.2-9.el8.x86_64.rpm
2021-03-02T08:12:28Z INFO Downloading: https://rhui3.ap-northeast-2.aws.ce.redhat.com/pulp/repos/content/dist/rhel8/rhui/8/x86_64/appstream/os/Packages/i/isl-0.16.1-6.el8.x86_64.rpm
2021-03-02T08:12:28Z INFO Downloading: https://rhui3.ap-northeast-2.aws.ce.redhat.com/pulp/repos/content/dist/rhel8/rhui/8/x86_64/appstream/os/Packages/c/cpp-8.3.1-5.1.el8.x86_64.rpm
2021-03-02T08:12:28Z INFO Downloading: https://rhui3.ap-northeast-2.aws.ce.redhat.com/pulp/repos/content/dist/rhel8/rhui/8/x86_64/appstream/os/Packages/g/gcc-8.3.1-5.1.el8.x86_64.rpm
2021-03-02T08:12:28Z INFO Downloading: https://rhui3.ap-northeast-2.aws.ce.redhat.com/pulp/repos/content/dist/rhel8/rhui/8/x86_64/appstream/os/Packages/g/gcc-c%2b%2b-8.3.1-5.1.el8.x86_64.rpm
2021-03-02T08:12:28Z INFO Downloading: https://rhui3.ap-northeast-2.aws.ce.redhat.com/pulp/repos/content/dist/rhel8/rhui/8/x86_64/appstream/os/Packages/l/libstdc%2b%2b-devel-8.3.1-5.1.el8.x86_64.rpm
2021-03-02T08:12:28Z INFO Downloading: https://rhui3.ap-northeast-2.aws.ce.redhat.com/pulp/repos/content/dist/rhel8/rhui/8/x86_64/baseos/os/Packages/l/libxcrypt-devel-4.1.1-4.el8.x86_64.rpm
2021-03-02T08:12:29Z INFO Downloading: https://rhui3.ap-northeast-2.aws.ce.redhat.com/pulp/repos/content/dist/rhel8/rhui/8/x86_64/baseos/os/Packages/p/pkgconf-pkg-config-1.4.2-1.el8.x86_64.rpm
2021-03-02T08:12:29Z INFO Downloading: https://rhui3.ap-northeast-2.aws.ce.redhat.com/pulp/repos/content/dist/rhel8/rhui/8/x86_64/baseos/os/Packages/p/pkgconf-m4-1.4.2-1.el8.noarch.rpm
2021-03-02T08:12:29Z INFO Downloading: https://rhui3.ap-northeast-2.aws.ce.redhat.com/pulp/repos/content/dist/rhel8/rhui/8/x86_64/baseos/os/Packages/p/pkgconf-1.4.2-1.el8.x86_64.rpm
2021-03-02T08:12:29Z INFO Downloading: https://rhui3.ap-northeast-2.aws.ce.redhat.com/pulp/repos/content/dist/rhel8/rhui/8/x86_64/baseos/os/Packages/l/libpkgconf-1.4.2-1.el8.x86_64.rpm
2021-03-02T08:12:29Z INFO Downloading: https://rhui3.ap-northeast-2.aws.ce.redhat.com/pulp/repos/content/dist/rhel8/rhui/8/x86_64/baseos/os/Packages/b/binutils-2.30-79.el8.x86_64.rpm
2021-03-02T08:12:29Z INFO Downloading: https://rhui3.ap-northeast-2.aws.ce.redhat.com/pulp/repos/content/dist/rhel8/rhui/8/x86_64/baseos/os/Packages/g/glibc-headers-2.28-127.el8_3.2.x86_64.rpm
2021-03-02T08:12:29Z INFO Downloading: https://rhui3.ap-northeast-2.aws.ce.redhat.com/pulp/repos/content/dist/rhel8/rhui/8/x86_64/baseos/os/Packages/g/glibc-devel-2.28-127.el8_3.2.x86_64.rpm
2021-03-02T08:12:29Z INFO Downloading: https://rhui3.ap-northeast-2.aws.ce.redhat.com/pulp/repos/content/dist/rhel8/rhui/8/x86_64/baseos/os/Packages/k/kernel-headers-4.18.0-240.15.1.el8_3.x86_64.rpm
2021-03-02T08:12:46Z INFO Librepo version: 1.12.0 with CURL_GLOBAL_ACK_EINTR support (libcurl/7.61.1 OpenSSL/1.1.1g zlib/1.2.11 brotli/1.0.6 libidn2/2.2.0 libpsl/0.20.2 (+libidn2/2.2.0) libssh/0.9.4/openssl/zlib nghttp2/1.33.0)
2021-03-02T08:12:47Z INFO Librepo version: 1.12.0 with CURL_GLOBAL_ACK_EINTR support (libcurl/7.61.1 OpenSSL/1.1.1g zlib/1.2.11 brotli/1.0.6 libidn2/2.2.0 libpsl/0.20.2 (+libidn2/2.2.0) libssh/0.9.4/openssl/zlib nghttp2/1.33.0)
2021-03-02T08:12:49Z INFO Downloading: https://rhui3.ap-northeast-2.aws.ce.redhat.com/pulp/mirror/content/dist/rhel8/rhui/8/x86_64/appstream/os
2021-03-02T08:12:49Z INFO Downloading: https://rhui3.ap-northeast-2.aws.ce.redhat.com/pulp/mirror/content/dist/rhel8/rhui/8/x86_64/baseos/os
2021-03-02T08:12:49Z INFO Downloading: https://rhui3.ap-northeast-2.aws.ce.redhat.com/pulp/repos/content/dist/rhel8/rhui/8/x86_64/appstream/os/Packages/p/perl-IO-Socket-IP-0.39-5.el8.noarch.rpm
2021-03-02T08:12:49Z INFO Downloading: https://rhui3.ap-northeast-2.aws.ce.redhat.com/pulp/repos/content/dist/rhel8/rhui/8/x86_64/appstream/os/Packages/p/perl-TermReadKey-2.37-7.el8.x86_64.rpm
2021-03-02T08:12:49Z INFO Downloading: https://rhui3.ap-northeast-2.aws.ce.redhat.com/pulp/repos/content/dist/rhel8/rhui/8/x86_64/appstream/os/Packages/p/perl-URI-1.73-3.el8.noarch.rpm
2021-03-02T08:12:49Z INFO Downloading: https://rhui3.ap-northeast-2.aws.ce.redhat.com/pulp/repos/content/dist/rhel8/rhui/8/x86_64/appstream/os/Packages/p/perl-Digest-1.17-395.el8.noarch.rpm
2021-03-02T08:12:49Z INFO Downloading: https://rhui3.ap-northeast-2.aws.ce.redhat.com/pulp/repos/content/dist/rhel8/rhui/8/x86_64/appstream/os/Packages/p/perl-Error-0.17025-2.el8.noarch.rpm
2021-03-02T08:12:49Z INFO Downloading: https://rhui3.ap-northeast-2.aws.ce.redhat.com/pulp/repos/content/dist/rhel8/rhui/8/x86_64/appstream/os/Packages/p/perl-libnet-3.11-3.el8.noarch.rpm
2021-03-02T08:12:50Z INFO Downloading: https://rhui3.ap-northeast-2.aws.ce.redhat.com/pulp/repos/content/dist/rhel8/rhui/8/x86_64/appstream/os/Packages/p/perl-Digest-MD5-2.55-396.el8.x86_64.rpm
2021-03-02T08:12:50Z INFO Downloading: https://rhui3.ap-northeast-2.aws.ce.redhat.com/pulp/repos/content/dist/rhel8/rhui/8/x86_64/appstream/os/Packages/g/git-core-doc-2.27.0-1.el8.noarch.rpm
2021-03-02T08:12:50Z INFO Downloading: https://rhui3.ap-northeast-2.aws.ce.redhat.com/pulp/repos/content/dist/rhel8/rhui/8/x86_64/appstream/os/Packages/p/perl-Mozilla-CA-20160104-7.module%2bel8.3.0%2b6498%2b9eecfe51.noarch.rpm
2021-03-02T08:12:50Z INFO Downloading: https://rhui3.ap-northeast-2.aws.ce.redhat.com/pulp/repos/content/dist/rhel8/rhui/8/x86_64/appstream/os/Packages/p/perl-Git-2.27.0-1.el8.noarch.rpm
2021-03-02T08:12:50Z INFO Downloading: https://rhui3.ap-northeast-2.aws.ce.redhat.com/pulp/repos/content/dist/rhel8/rhui/8/x86_64/appstream/os/Packages/p/perl-Net-SSLeay-1.88-1.module%2bel8.3.0%2b6446%2b594cad75.x86_64.rpm
2021-03-02T08:12:50Z INFO Downloading: https://rhui3.ap-northeast-2.aws.ce.redhat.com/pulp/repos/content/dist/rhel8/rhui/8/x86_64/appstream/os/Packages/g/git-core-2.27.0-1.el8.x86_64.rpm
2021-03-02T08:12:50Z INFO Downloading: https://rhui3.ap-northeast-2.aws.ce.redhat.com/pulp/repos/content/dist/rhel8/rhui/8/x86_64/appstream/os/Packages/p/perl-IO-Socket-SSL-2.066-4.module%2bel8.3.0%2b6446%2b594cad75.noarch.rpm
2021-03-02T08:12:50Z INFO Downloading: https://rhui3.ap-northeast-2.aws.ce.redhat.com/pulp/repos/content/dist/rhel8/rhui/8/x86_64/appstream/os/Packages/g/git-2.27.0-1.el8.x86_64.rpm
2021-03-02T08:12:50Z INFO Downloading: https://rhui3.ap-northeast-2.aws.ce.redhat.com/pulp/repos/content/dist/rhel8/rhui/8/x86_64/baseos/os/Packages/p/perl-File-Path-2.15-2.el8.noarch.rpm
2021-03-02T08:12:50Z INFO Downloading: https://rhui3.ap-northeast-2.aws.ce.redhat.com/pulp/repos/content/dist/rhel8/rhui/8/x86_64/baseos/os/Packages/p/perl-Text-ParseWords-3.30-395.el8.noarch.rpm
2021-03-02T08:12:50Z INFO Downloading: https://rhui3.ap-northeast-2.aws.ce.redhat.com/pulp/repos/content/dist/rhel8/rhui/8/x86_64/baseos/os/Packages/p/perl-Encode-2.97-3.el8.x86_64.rpm
2021-03-02T08:12:50Z INFO Downloading: https://rhui3.ap-northeast-2.aws.ce.redhat.com/pulp/repos/content/dist/rhel8/rhui/8/x86_64/baseos/os/Packages/p/perl-threads-2.21-2.el8.x86_64.rpm
2021-03-02T08:12:50Z INFO Downloading: https://rhui3.ap-northeast-2.aws.ce.redhat.com/pulp/repos/content/dist/rhel8/rhui/8/x86_64/baseos/os/Packages/p/perl-parent-0.237-1.el8.noarch.rpm
2021-03-02T08:12:50Z INFO Downloading: https://rhui3.ap-northeast-2.aws.ce.redhat.com/pulp/repos/content/dist/rhel8/rhui/8/x86_64/baseos/os/Packages/p/perl-Storable-3.11-3.el8.x86_64.rpm
2021-03-02T08:12:50Z INFO Downloading: https://rhui3.ap-northeast-2.aws.ce.redhat.com/pulp/repos/content/dist/rhel8/rhui/8/x86_64/baseos/os/Packages/p/perl-HTTP-Tiny-0.074-1.el8.noarch.rpm
2021-03-02T08:12:50Z INFO Downloading: https://rhui3.ap-northeast-2.aws.ce.redhat.com/pulp/repos/content/dist/rhel8/rhui/8/x86_64/baseos/os/Packages/p/perl-threads-shared-1.58-2.el8.x86_64.rpm
2021-03-02T08:12:50Z INFO Downloading: https://rhui3.ap-northeast-2.aws.ce.redhat.com/pulp/repos/content/dist/rhel8/rhui/8/x86_64/baseos/os/Packages/p/perl-Pod-Escapes-1.07-395.el8.noarch.rpm
2021-03-02T08:12:50Z INFO Downloading: https://rhui3.ap-northeast-2.aws.ce.redhat.com/pulp/repos/content/dist/rhel8/rhui/8/x86_64/baseos/os/Packages/p/perl-Pod-Usage-1.69-395.el8.noarch.rpm
2021-03-02T08:12:50Z INFO Downloading: https://rhui3.ap-northeast-2.aws.ce.redhat.com/pulp/repos/content/dist/rhel8/rhui/8/x86_64/baseos/os/Packages/p/perl-Carp-1.42-396.el8.noarch.rpm
2021-03-02T08:12:50Z INFO Downloading: https://rhui3.ap-northeast-2.aws.ce.redhat.com/pulp/repos/content/dist/rhel8/rhui/8/x86_64/baseos/os/Packages/p/perl-Text-Tabs%2bWrap-2013.0523-395.el8.noarch.rpm
2021-03-02T08:12:50Z INFO Downloading: https://rhui3.ap-northeast-2.aws.ce.redhat.com/pulp/repos/content/dist/rhel8/rhui/8/x86_64/baseos/os/Packages/p/perl-Exporter-5.72-396.el8.noarch.rpm
2021-03-02T08:12:50Z INFO Downloading: https://rhui3.ap-northeast-2.aws.ce.redhat.com/pulp/repos/content/dist/rhel8/rhui/8/x86_64/baseos/os/Packages/p/perl-podlators-4.11-1.el8.noarch.rpm
2021-03-02T08:12:50Z INFO Downloading: https://rhui3.ap-northeast-2.aws.ce.redhat.com/pulp/repos/content/dist/rhel8/rhui/8/x86_64/baseos/os/Packages/p/perl-Pod-Perldoc-3.28-396.el8.noarch.rpm
2021-03-02T08:12:50Z INFO Downloading: https://rhui3.ap-northeast-2.aws.ce.redhat.com/pulp/repos/content/dist/rhel8/rhui/8/x86_64/baseos/os/Packages/p/perl-Data-Dumper-2.167-399.el8.x86_64.rpm
2021-03-02T08:12:50Z INFO Downloading: https://rhui3.ap-northeast-2.aws.ce.redhat.com/pulp/repos/content/dist/rhel8/rhui/8/x86_64/baseos/os/Packages/p/perl-Unicode-Normalize-1.25-396.el8.x86_64.rpm
2021-03-02T08:12:50Z INFO Downloading: https://rhui3.ap-northeast-2.aws.ce.redhat.com/pulp/repos/content/dist/rhel8/rhui/8/x86_64/baseos/os/Packages/p/perl-PathTools-3.74-1.el8.x86_64.rpm
2021-03-02T08:12:50Z INFO Downloading: https://rhui3.ap-northeast-2.aws.ce.redhat.com/pulp/repos/content/dist/rhel8/rhui/8/x86_64/baseos/os/Packages/p/perl-constant-1.33-396.el8.noarch.rpm
2021-03-02T08:12:50Z INFO Downloading: https://rhui3.ap-northeast-2.aws.ce.redhat.com/pulp/repos/content/dist/rhel8/rhui/8/x86_64/baseos/os/Packages/p/perl-File-Temp-0.230.600-1.el8.noarch.rpm
2021-03-02T08:12:51Z INFO Downloading: https://rhui3.ap-northeast-2.aws.ce.redhat.com/pulp/repos/content/dist/rhel8/rhui/8/x86_64/baseos/os/Packages/p/perl-Pod-Simple-3.35-395.el8.noarch.rpm
2021-03-02T08:12:51Z INFO Downloading: https://rhui3.ap-northeast-2.aws.ce.redhat.com/pulp/repos/content/dist/rhel8/rhui/8/x86_64/baseos/os/Packages/e/emacs-filesystem-26.1-5.el8.noarch.rpm
2021-03-02T08:12:51Z INFO Downloading: https://rhui3.ap-northeast-2.aws.ce.redhat.com/pulp/repos/content/dist/rhel8/rhui/8/x86_64/baseos/os/Packages/p/perl-Time-Local-1.280-1.el8.noarch.rpm
2021-03-02T08:12:51Z INFO Downloading: https://rhui3.ap-northeast-2.aws.ce.redhat.com/pulp/repos/content/dist/rhel8/rhui/8/x86_64/baseos/os/Packages/p/perl-Term-Cap-1.17-395.el8.noarch.rpm
2021-03-02T08:12:51Z INFO Downloading: https://rhui3.ap-northeast-2.aws.ce.redhat.com/pulp/repos/content/dist/rhel8/rhui/8/x86_64/baseos/os/Packages/p/perl-Term-ANSIColor-4.06-396.el8.noarch.rpm
2021-03-02T08:12:51Z INFO Downloading: https://rhui3.ap-northeast-2.aws.ce.redhat.com/pulp/repos/content/dist/rhel8/rhui/8/x86_64/baseos/os/Packages/p/perl-Getopt-Long-2.50-4.el8.noarch.rpm
2021-03-02T08:12:51Z INFO Downloading: https://rhui3.ap-northeast-2.aws.ce.redhat.com/pulp/repos/content/dist/rhel8/rhui/8/x86_64/baseos/os/Packages/p/perl-MIME-Base64-3.15-396.el8.x86_64.rpm
2021-03-02T08:12:51Z INFO Downloading: https://rhui3.ap-northeast-2.aws.ce.redhat.com/pulp/repos/content/dist/rhel8/rhui/8/x86_64/baseos/os/Packages/p/perl-Scalar-List-Utils-1.49-2.el8.x86_64.rpm
2021-03-02T08:12:51Z INFO Downloading: https://rhui3.ap-northeast-2.aws.ce.redhat.com/pulp/repos/content/dist/rhel8/rhui/8/x86_64/baseos/os/Packages/p/perl-Socket-2.027-3.el8.x86_64.rpm
2021-03-02T08:12:51Z INFO Downloading: https://rhui3.ap-northeast-2.aws.ce.redhat.com/pulp/repos/content/dist/rhel8/rhui/8/x86_64/baseos/os/Packages/p/perl-interpreter-5.26.3-417.el8_3.x86_64.rpm
2021-03-02T08:12:51Z INFO Downloading: https://rhui3.ap-northeast-2.aws.ce.redhat.com/pulp/repos/content/dist/rhel8/rhui/8/x86_64/baseos/os/Packages/p/perl-Errno-1.28-417.el8_3.x86_64.rpm
2021-03-02T08:12:51Z INFO Downloading: https://rhui3.ap-northeast-2.aws.ce.redhat.com/pulp/repos/content/dist/rhel8/rhui/8/x86_64/baseos/os/Packages/p/perl-macros-5.26.3-417.el8_3.x86_64.rpm
2021-03-02T08:12:51Z INFO Downloading: https://rhui3.ap-northeast-2.aws.ce.redhat.com/pulp/repos/content/dist/rhel8/rhui/8/x86_64/baseos/os/Packages/p/perl-libs-5.26.3-417.el8_3.x86_64.rpm
2021-03-02T08:12:51Z INFO Downloading: https://rhui3.ap-northeast-2.aws.ce.redhat.com/pulp/repos/content/dist/rhel8/rhui/8/x86_64/baseos/os/Packages/p/perl-IO-1.38-417.el8_3.x86_64.rpm
2021-03-02T08:13:01Z INFO Librepo version: 1.12.0 with CURL_GLOBAL_ACK_EINTR support (libcurl/7.61.1 OpenSSL/1.1.1g zlib/1.2.11 brotli/1.0.6 libidn2/2.2.0 libpsl/0.20.2 (+libidn2/2.2.0) libssh/0.9.4/openssl/zlib nghttp2/1.33.0)
2021-03-02T08:13:02Z INFO Librepo version: 1.12.0 with CURL_GLOBAL_ACK_EINTR support (libcurl/7.61.1 OpenSSL/1.1.1g zlib/1.2.11 brotli/1.0.6 libidn2/2.2.0 libpsl/0.20.2 (+libidn2/2.2.0) libssh/0.9.4/openssl/zlib nghttp2/1.33.0)
2021-03-02T08:13:04Z INFO Downloading: https://rhui3.ap-northeast-2.aws.ce.redhat.com/pulp/mirror/content/dist/rhel8/rhui/8/x86_64/appstream/os
2021-03-02T08:13:04Z INFO Downloading: https://rhui3.ap-northeast-2.aws.ce.redhat.com/pulp/mirror/content/dist/rhel8/rhui/8/x86_64/baseos/os
2021-03-02T08:13:04Z INFO Downloading: https://rhui3.ap-northeast-2.aws.ce.redhat.com/pulp/repos/content/dist/rhel8/rhui/8/x86_64/appstream/os/Packages/l/libwebp-1.0.0-1.el8.x86_64.rpm
2021-03-02T08:13:04Z INFO Downloading: https://rhui3.ap-northeast-2.aws.ce.redhat.com/pulp/repos/content/dist/rhel8/rhui/8/x86_64/appstream/os/Packages/j/jbigkit-libs-2.1-14.el8.x86_64.rpm
2021-03-02T08:13:04Z INFO Downloading: https://rhui3.ap-northeast-2.aws.ce.redhat.com/pulp/repos/content/dist/rhel8/rhui/8/x86_64/appstream/os/Packages/n/nginx-mod-http-image-filter-1.14.1-9.module%2bel8.0.0%2b4108%2baf250afe.x86_64.rpm
2021-03-02T08:13:04Z INFO Downloading: https://rhui3.ap-northeast-2.aws.ce.redhat.com/pulp/repos/content/dist/rhel8/rhui/8/x86_64/appstream/os/Packages/n/nginx-1.14.1-9.module%2bel8.0.0%2b4108%2baf250afe.x86_64.rpm
2021-03-02T08:13:04Z INFO Downloading: https://rhui3.ap-northeast-2.aws.ce.redhat.com/pulp/repos/content/dist/rhel8/rhui/8/x86_64/appstream/os/Packages/l/libxcb-1.13.1-1.el8.x86_64.rpm
2021-03-02T08:13:04Z INFO Downloading: https://rhui3.ap-northeast-2.aws.ce.redhat.com/pulp/repos/content/dist/rhel8/rhui/8/x86_64/appstream/os/Packages/n/nginx-mod-http-xslt-filter-1.14.1-9.module%2bel8.0.0%2b4108%2baf250afe.x86_64.rpm
2021-03-02T08:13:04Z INFO Downloading: https://rhui3.ap-northeast-2.aws.ce.redhat.com/pulp/repos/content/dist/rhel8/rhui/8/x86_64/appstream/os/Packages/n/nginx-all-modules-1.14.1-9.module%2bel8.0.0%2b4108%2baf250afe.noarch.rpm
2021-03-02T08:13:04Z INFO Downloading: https://rhui3.ap-northeast-2.aws.ce.redhat.com/pulp/repos/content/dist/rhel8/rhui/8/x86_64/appstream/os/Packages/n/nginx-mod-mail-1.14.1-9.module%2bel8.0.0%2b4108%2baf250afe.x86_64.rpm
2021-03-02T08:13:04Z INFO Downloading: https://rhui3.ap-northeast-2.aws.ce.redhat.com/pulp/repos/content/dist/rhel8/rhui/8/x86_64/appstream/os/Packages/n/nginx-mod-http-perl-1.14.1-9.module%2bel8.0.0%2b4108%2baf250afe.x86_64.rpm
2021-03-02T08:13:04Z INFO Downloading: https://rhui3.ap-northeast-2.aws.ce.redhat.com/pulp/repos/content/dist/rhel8/rhui/8/x86_64/appstream/os/Packages/n/nginx-mod-stream-1.14.1-9.module%2bel8.0.0%2b4108%2baf250afe.x86_64.rpm
2021-03-02T08:13:04Z INFO Downloading: https://rhui3.ap-northeast-2.aws.ce.redhat.com/pulp/repos/content/dist/rhel8/rhui/8/x86_64/appstream/os/Packages/n/nginx-filesystem-1.14.1-9.module%2bel8.0.0%2b4108%2baf250afe.noarch.rpm
2021-03-02T08:13:04Z INFO Downloading: https://rhui3.ap-northeast-2.aws.ce.redhat.com/pulp/repos/content/dist/rhel8/rhui/8/x86_64/appstream/os/Packages/l/libXpm-3.5.12-8.el8.x86_64.rpm
2021-03-02T08:13:04Z INFO Downloading: https://rhui3.ap-northeast-2.aws.ce.redhat.com/pulp/repos/content/dist/rhel8/rhui/8/x86_64/appstream/os/Packages/l/libjpeg-turbo-1.5.3-10.el8.x86_64.rpm
2021-03-02T08:13:04Z INFO Downloading: https://rhui3.ap-northeast-2.aws.ce.redhat.com/pulp/repos/content/dist/rhel8/rhui/8/x86_64/appstream/os/Packages/l/libX11-common-1.6.8-3.el8.noarch.rpm
2021-03-02T08:13:04Z INFO Downloading: https://rhui3.ap-northeast-2.aws.ce.redhat.com/pulp/repos/content/dist/rhel8/rhui/8/x86_64/appstream/os/Packages/l/libX11-1.6.8-3.el8.x86_64.rpm
2021-03-02T08:13:05Z INFO Downloading: https://rhui3.ap-northeast-2.aws.ce.redhat.com/pulp/repos/content/dist/rhel8/rhui/8/x86_64/appstream/os/Packages/g/gd-2.2.5-7.el8.x86_64.rpm
2021-03-02T08:13:05Z INFO Downloading: https://rhui3.ap-northeast-2.aws.ce.redhat.com/pulp/repos/content/dist/rhel8/rhui/8/x86_64/appstream/os/Packages/l/libXau-1.0.9-3.el8.x86_64.rpm
2021-03-02T08:13:05Z INFO Downloading: https://rhui3.ap-northeast-2.aws.ce.redhat.com/pulp/repos/content/dist/rhel8/rhui/8/x86_64/appstream/os/Packages/l/libtiff-4.0.9-18.el8.x86_64.rpm
2021-03-02T08:13:05Z INFO Downloading: https://rhui3.ap-northeast-2.aws.ce.redhat.com/pulp/repos/content/dist/rhel8/rhui/8/x86_64/baseos/os/Packages/f/fontconfig-2.13.1-3.el8.x86_64.rpm
2021-03-02T08:13:05Z INFO Downloading: https://rhui3.ap-northeast-2.aws.ce.redhat.com/pulp/repos/content/dist/rhel8/rhui/8/x86_64/baseos/os/Packages/d/dejavu-sans-fonts-2.35-6.el8.noarch.rpm
2021-03-02T08:13:05Z INFO Downloading: https://rhui3.ap-northeast-2.aws.ce.redhat.com/pulp/repos/content/dist/rhel8/rhui/8/x86_64/baseos/os/Packages/f/fontpackages-filesystem-1.44-22.el8.noarch.rpm
2021-03-02T08:13:05Z INFO Downloading: https://rhui3.ap-northeast-2.aws.ce.redhat.com/pulp/repos/content/dist/rhel8/rhui/8/x86_64/baseos/os/Packages/d/dejavu-fonts-common-2.35-6.el8.noarch.rpm
2021-03-02T08:13:05Z INFO Downloading: https://rhui3.ap-northeast-2.aws.ce.redhat.com/pulp/repos/content/dist/rhel8/rhui/8/x86_64/baseos/os/Packages/l/libxslt-1.1.32-5.el8.x86_64.rpm
2021-03-02T08:13:15Z INFO Librepo version: 1.12.0 with CURL_GLOBAL_ACK_EINTR support (libcurl/7.61.1 OpenSSL/1.1.1g zlib/1.2.11 brotli/1.0.6 libidn2/2.2.0 libpsl/0.20.2 (+libidn2/2.2.0) libssh/0.9.4/openssl/zlib nghttp2/1.33.0)
2021-03-02T08:13:15Z INFO Librepo version: 1.12.0 with CURL_GLOBAL_ACK_EINTR support (libcurl/7.61.1 OpenSSL/1.1.1g zlib/1.2.11 brotli/1.0.6 libidn2/2.2.0 libpsl/0.20.2 (+libidn2/2.2.0) libssh/0.9.4/openssl/zlib nghttp2/1.33.0)
2021-03-02T08:13:17Z INFO Downloading: https://rhui3.ap-northeast-2.aws.ce.redhat.com/pulp/mirror/content/dist/rhel8/rhui/8/x86_64/appstream/os
2021-03-02T08:13:17Z INFO Downloading: https://rhui3.ap-northeast-2.aws.ce.redhat.com/pulp/repos/content/dist/rhel8/rhui/8/x86_64/appstream/os/Packages/n/nodejs-full-i18n-10.23.1-1.module%2bel8.3.0%2b9502%2b012d8a97.x86_64.rpm
2021-03-02T08:13:17Z INFO Downloading: https://rhui3.ap-northeast-2.aws.ce.redhat.com/pulp/repos/content/dist/rhel8/rhui/8/x86_64/appstream/os/Packages/n/nodejs-10.23.1-1.module%2bel8.3.0%2b9502%2b012d8a97.x86_64.rpm
2021-03-02T08:13:17Z INFO Downloading: https://rhui3.ap-northeast-2.aws.ce.redhat.com/pulp/repos/content/dist/rhel8/rhui/8/x86_64/appstream/os/Packages/n/npm-6.14.10-1.10.23.1.1.module%2bel8.3.0%2b9502%2b012d8a97.x86_64.rpm
2021-03-02T09:08:57Z INFO Librepo version: 1.12.0 with CURL_GLOBAL_ACK_EINTR support (libcurl/7.61.1 OpenSSL/1.1.1g zlib/1.2.11 brotli/1.0.6 libidn2/2.2.0 libpsl/0.20.2 (+libidn2/2.2.0) libssh/0.9.4/openssl/zlib nghttp2/1.33.0)
2021-03-02T09:08:57Z INFO Librepo version: 1.12.0 with CURL_GLOBAL_ACK_EINTR support (libcurl/7.61.1 OpenSSL/1.1.1g zlib/1.2.11 brotli/1.0.6 libidn2/2.2.0 libpsl/0.20.2 (+libidn2/2.2.0) libssh/0.9.4/openssl/zlib nghttp2/1.33.0)
