2020-10-31T05:09:35Z INFO --- logging initialized ---
2020-10-31T05:09:36Z SUBDEBUG Erase: linux-firmware-20200619-99.git3890db36.el8.noarch
2020-10-31T05:09:37Z INFO --- logging initialized ---
2020-10-31T05:09:38Z SUBDEBUG Erase: firewalld-0.8.2-2.el8.noarch
2020-10-31T05:09:38Z INFO Running in chroot, ignoring request: daemon-reload

2020-10-31T05:09:39Z SUBDEBUG Erase: python3-firewall-0.8.2-2.el8.noarch
2020-10-31T05:09:39Z SUBDEBUG Erase: ipset-7.1-1.el8.x86_64
2020-10-31T05:09:39Z SUBDEBUG Erase: python3-nftables-1:0.9.3-16.el8.x86_64
2020-10-31T05:09:39Z SUBDEBUG Erase: python3-slip-dbus-0.6.4-11.el8.noarch
2020-10-31T05:09:39Z SUBDEBUG Erase: iptables-ebtables-1.8.4-15.el8.x86_64
2020-10-31T05:09:39Z SUBDEBUG Erase: python3-slip-0.6.4-11.el8.noarch
2020-10-31T05:09:40Z SUBDEBUG Erase: firewalld-filesystem-0.8.2-2.el8.noarch
2020-10-31T05:09:40Z SUBDEBUG Erase: iptables-1.8.4-15.el8.x86_64
2020-10-31T05:09:40Z SUBDEBUG Erase: nftables-1:0.9.3-16.el8.x86_64
2020-10-31T05:09:40Z SUBDEBUG Erase: libnetfilter_conntrack-1.0.6-5.el8.x86_64
2020-10-31T05:09:40Z SUBDEBUG Erase: libnfnetlink-1.0.1-13.el8.x86_64
2020-10-31T05:09:41Z SUBDEBUG Erase: libnftnl-1.1.5-4.el8.x86_64
2020-10-31T05:09:41Z SUBDEBUG Erase: ipset-libs-7.1-1.el8.x86_64
2020-10-31T05:09:42Z INFO --- logging initialized ---
2021-03-02T08:04:56Z INFO --- logging initialized ---
2021-03-02T08:05:29Z SUBDEBUG Upgrade: python3-syspurpose-1.27.18-1.el8_3.x86_64
2021-03-02T08:05:29Z SUBDEBUG Upgrade: dbus-common-1:1.12.8-12.el8_3.noarch
2021-03-02T08:05:29Z SUBDEBUG Upgrade: subscription-manager-rhsm-certificates-1.27.18-1.el8_3.x86_64
2021-03-02T08:05:29Z SUBDEBUG Upgrade: selinux-policy-3.14.3-54.el8_3.2.noarch
2021-03-02T08:05:49Z SUBDEBUG Upgrade: tzdata-2021a-1.el8.noarch
2021-03-02T08:05:50Z SUBDEBUG Upgrade: glibc-2.28-127.el8_3.2.x86_64
2021-03-02T08:05:51Z SUBDEBUG Upgrade: glibc-common-2.28-127.el8_3.2.x86_64
2021-03-02T08:05:52Z SUBDEBUG Upgrade: glibc-langpack-en-2.28-127.el8_3.2.x86_64
2021-03-02T08:05:52Z SUBDEBUG Upgrade: systemd-libs-239-41.el8_3.1.x86_64
2021-03-02T08:05:52Z SUBDEBUG Upgrade: openssl-libs-1:1.1.1g-12.el8_3.x86_64
2021-03-02T08:05:53Z SUBDEBUG Upgrade: gnutls-3.6.14-7.el8_3.x86_64
2021-03-02T08:05:53Z SUBDEBUG Upgrade: kmod-libs-25-16.el8_3.1.x86_64
2021-03-02T08:05:53Z SUBDEBUG Upgrade: NetworkManager-libnm-1:1.26.0-13.el8_3.x86_64
2021-03-02T08:05:53Z SUBDEBUG Upgrade: libcurl-7.61.1-14.el8_3.1.x86_64
2021-03-02T08:05:53Z SUBDEBUG Upgrade: kmod-25-16.el8_3.1.x86_64
2021-03-02T08:05:53Z SUBDEBUG Upgrade: dbus-libs-1:1.12.8-12.el8_3.x86_64
2021-03-02T08:05:54Z SUBDEBUG Upgrade: dbus-tools-1:1.12.8-12.el8_3.x86_64
2021-03-02T08:05:54Z SUBDEBUG Upgrade: dbus-daemon-1:1.12.8-12.el8_3.x86_64
2021-03-02T08:05:54Z SUBDEBUG Upgrade: python3-subscription-manager-rhsm-1.27.18-1.el8_3.x86_64
2021-03-02T08:05:54Z SUBDEBUG Upgrade: dnf-plugin-subscription-manager-1.27.18-1.el8_3.x86_64
2021-03-02T08:05:54Z SUBDEBUG Upgrade: iptables-libs-1.8.4-15.el8_3.3.x86_64
2021-03-02T08:05:54Z SUBDEBUG Upgrade: systemd-pam-239-41.el8_3.1.x86_64
2021-03-02T08:05:54Z SUBDEBUG Upgrade: systemd-239-41.el8_3.1.x86_64
2021-03-02T08:05:56Z SUBDEBUG Upgrade: dbus-1:1.12.8-12.el8_3.x86_64
2021-03-02T08:05:56Z SUBDEBUG Upgrade: NetworkManager-1:1.26.0-13.el8_3.x86_64
2021-03-02T08:05:56Z SUBDEBUG Upgrade: systemd-udev-239-41.el8_3.1.x86_64
2021-03-02T08:05:57Z SUBDEBUG Upgrade: dracut-049-95.git20200804.el8_3.4.x86_64
2021-03-02T08:05:57Z SUBDEBUG Upgrade: dracut-network-049-95.git20200804.el8_3.4.x86_64
2021-03-02T08:05:57Z SUBDEBUG Upgrade: dracut-squash-049-95.git20200804.el8_3.4.x86_64
2021-03-02T08:05:57Z SUBDEBUG Upgrade: device-mapper-libs-8:1.02.171-5.el8_3.2.x86_64
2021-03-02T08:05:57Z SUBDEBUG Upgrade: device-mapper-8:1.02.171-5.el8_3.2.x86_64
2021-03-02T08:05:57Z SUBDEBUG Upgrade: kernel-tools-libs-4.18.0-240.15.1.el8_3.x86_64
2021-03-02T08:05:58Z SUBDEBUG Upgrade: kernel-tools-4.18.0-240.15.1.el8_3.x86_64
2021-03-02T08:05:58Z SUBDEBUG Upgrade: python3-perf-4.18.0-240.15.1.el8_3.x86_64
2021-03-02T08:05:58Z SUBDEBUG Installed: linux-firmware-20200619-101.git3890db36.el8_3.noarch
2021-03-02T08:06:14Z SUBDEBUG Installed: kernel-core-4.18.0-240.15.1.el8_3.x86_64
2021-03-02T08:06:19Z SUBDEBUG Installed: kernel-modules-4.18.0-240.15.1.el8_3.x86_64
2021-03-02T08:06:25Z SUBDEBUG Installed: kernel-4.18.0-240.15.1.el8_3.x86_64
2021-03-02T08:06:26Z SUBDEBUG Upgrade: tuned-2.14.0-3.el8_3.2.noarch
2021-03-02T08:06:26Z SUBDEBUG Upgrade: kexec-tools-2.0.20-34.el8_3.2.x86_64
2021-03-02T08:06:26Z SUBDEBUG Upgrade: dracut-config-generic-049-95.git20200804.el8_3.4.x86_64
2021-03-02T08:06:26Z SUBDEBUG Upgrade: dracut-config-rescue-049-95.git20200804.el8_3.4.x86_64
2021-03-02T08:06:26Z SUBDEBUG Upgrade: NetworkManager-tui-1:1.26.0-13.el8_3.x86_64
2021-03-02T08:06:26Z SUBDEBUG Upgrade: NetworkManager-team-1:1.26.0-13.el8_3.x86_64
2021-03-02T08:06:26Z SUBDEBUG Upgrade: insights-client-3.1.1-1.el8_3.noarch
2021-03-02T08:06:27Z SUBDEBUG Upgrade: cloud-init-19.4-11.el8_3.2.noarch
2021-03-02T08:06:28Z SUBDEBUG Upgrade: qemu-guest-agent-15:4.2.0-34.module+el8.3.0+9828+7aab3355.3.x86_64
2021-03-02T08:06:28Z SUBDEBUG Upgrade: subscription-manager-1.27.18-1.el8_3.x86_64
2021-03-02T08:06:29Z SUBDEBUG Upgrade: microcode_ctl-4:20200609-2.20210216.1.el8_3.x86_64
2021-03-02T08:06:34Z SUBDEBUG Upgrade: curl-7.61.1-14.el8_3.1.x86_64
2021-03-02T08:06:34Z SUBDEBUG Upgrade: openssl-1:1.1.1g-12.el8_3.x86_64
2021-03-02T08:06:34Z SUBDEBUG Upgrade: bind-export-libs-32:9.11.20-5.el8_3.1.x86_64
2021-03-02T08:06:35Z SUBDEBUG Upgrade: freetype-2.9.1-4.el8_3.1.x86_64
2021-03-02T08:06:35Z SUBDEBUG Upgrade: sudo-1.8.29-6.el8_3.1.x86_64
2021-03-02T08:06:35Z SUBDEBUG Upgrade: selinux-policy-targeted-3.14.3-54.el8_3.2.noarch
2021-03-02T08:07:00Z SUBDEBUG Upgrade: rh-amazon-rhui-client-3.0.39-1.el8.noarch
2021-03-02T08:07:01Z INFO [INFO:choose_repo] choose_repo:36 2021-03-02 08:07:01,952: Enabling binary repos in redhat-rhui.repo
[INFO:choose_repo] choose_repo:58 2021-03-02 08:07:01,954: Enabling client config repo
[INFO:choose_repo] choose_repo:66 2021-03-02 08:07:01,954: Executing [sed -i 's/enabled=0/enabled=1/' /etc/yum.repos.d/redhat-rhui-client-config.repo]

2021-03-02T08:07:01Z SUBDEBUG Upgraded: tuned-2.14.0-3.el8.noarch
2021-03-02T08:07:03Z SUBDEBUG Upgraded: microcode_ctl-4:20200609-2.el8.x86_64
2021-03-02T08:07:03Z SUBDEBUG Upgraded: cloud-init-19.4-11.el8.noarch
2021-03-02T08:07:04Z SUBDEBUG Upgraded: insights-client-3.1.0-3.el8.noarch
2021-03-02T08:07:04Z SUBDEBUG Upgraded: selinux-policy-targeted-3.14.3-54.el8.noarch
2021-03-02T08:07:04Z SUBDEBUG Upgraded: dracut-config-rescue-049-95.git20200804.el8.x86_64
2021-03-02T08:07:04Z SUBDEBUG Upgraded: dracut-config-generic-049-95.git20200804.el8.x86_64
2021-03-02T08:07:04Z SUBDEBUG Upgraded: selinux-policy-3.14.3-54.el8.noarch
2021-03-02T08:07:04Z SUBDEBUG Upgraded: rh-amazon-rhui-client-3.0.32-1.el8.noarch
2021-03-02T08:07:05Z SUBDEBUG Upgraded: NetworkManager-tui-1:1.26.0-9.el8_3.x86_64
2021-03-02T08:07:05Z SUBDEBUG Upgraded: systemd-pam-239-41.el8_3.x86_64
2021-03-02T08:07:05Z SUBDEBUG Upgraded: qemu-guest-agent-15:4.2.0-34.module+el8.3.0+7976+077be4ec.x86_64
2021-03-02T08:07:05Z SUBDEBUG Upgraded: sudo-1.8.29-6.el8.x86_64
2021-03-02T08:07:05Z SUBDEBUG Upgraded: device-mapper-8:1.02.171-5.el8.x86_64
2021-03-02T08:07:05Z SUBDEBUG Upgraded: kexec-tools-2.0.20-34.el8.x86_64
2021-03-02T08:07:24Z SUBDEBUG Upgraded: openssl-1:1.1.1g-11.el8.x86_64
2021-03-02T08:07:24Z SUBDEBUG Upgraded: kernel-tools-4.18.0-240.1.1.el8_3.x86_64
2021-03-02T08:07:24Z SUBDEBUG Upgraded: device-mapper-libs-8:1.02.171-5.el8.x86_64
2021-03-02T08:07:24Z SUBDEBUG Upgraded: curl-7.61.1-14.el8.x86_64
2021-03-02T08:07:24Z SUBDEBUG Upgraded: bind-export-libs-32:9.11.20-5.el8.x86_64
2021-03-02T08:07:24Z SUBDEBUG Upgraded: python3-perf-4.18.0-240.1.1.el8_3.x86_64
2021-03-02T08:07:24Z SUBDEBUG Upgraded: subscription-manager-1.27.16-1.el8.x86_64
2021-03-02T08:07:24Z SUBDEBUG Upgraded: python3-subscription-manager-rhsm-1.27.16-1.el8.x86_64
2021-03-02T08:07:24Z SUBDEBUG Upgraded: NetworkManager-team-1:1.26.0-9.el8_3.x86_64
2021-03-02T08:07:24Z SUBDEBUG Upgraded: NetworkManager-1:1.26.0-9.el8_3.x86_64
2021-03-02T08:07:24Z SUBDEBUG Upgraded: NetworkManager-libnm-1:1.26.0-9.el8_3.x86_64
2021-03-02T08:07:24Z SUBDEBUG Upgraded: libcurl-7.61.1-14.el8.x86_64
2021-03-02T08:07:24Z SUBDEBUG Upgraded: freetype-2.9.1-4.el8.x86_64
2021-03-02T08:07:24Z SUBDEBUG Upgraded: dracut-network-049-95.git20200804.el8.x86_64
2021-03-02T08:07:25Z SUBDEBUG Upgraded: dracut-squash-049-95.git20200804.el8.x86_64
2021-03-02T08:07:25Z SUBDEBUG Upgraded: dracut-049-95.git20200804.el8.x86_64
2021-03-02T08:07:25Z SUBDEBUG Upgraded: systemd-udev-239-41.el8_3.x86_64
2021-03-02T08:07:25Z SUBDEBUG Upgraded: systemd-239-41.el8_3.x86_64
2021-03-02T08:07:25Z SUBDEBUG Upgraded: gnutls-3.6.14-6.el8.x86_64
2021-03-02T08:07:25Z SUBDEBUG Upgraded: kmod-libs-25-16.el8.x86_64
2021-03-02T08:07:25Z SUBDEBUG Upgraded: iptables-libs-1.8.4-15.el8.x86_64
2021-03-02T08:07:25Z SUBDEBUG Upgraded: kmod-25-16.el8.x86_64
2021-03-02T08:07:25Z SUBDEBUG Upgraded: dnf-plugin-subscription-manager-1.27.16-1.el8.x86_64
2021-03-02T08:07:25Z SUBDEBUG Upgraded: openssl-libs-1:1.1.1g-11.el8.x86_64
2021-03-02T08:07:25Z SUBDEBUG Upgraded: kernel-tools-libs-4.18.0-240.1.1.el8_3.x86_64
2021-03-02T08:07:25Z SUBDEBUG Upgraded: dbus-1:1.12.8-11.el8.x86_64
2021-03-02T08:07:25Z SUBDEBUG Upgraded: subscription-manager-rhsm-certificates-1.27.16-1.el8.x86_64
2021-03-02T08:07:25Z SUBDEBUG Upgraded: python3-syspurpose-1.27.16-1.el8.x86_64
2021-03-02T08:07:25Z SUBDEBUG Upgraded: dbus-daemon-1:1.12.8-11.el8.x86_64
2021-03-02T08:07:25Z SUBDEBUG Upgraded: dbus-tools-1:1.12.8-11.el8.x86_64
2021-03-02T08:07:25Z SUBDEBUG Upgraded: dbus-common-1:1.12.8-11.el8.noarch
2021-03-02T08:07:25Z SUBDEBUG Upgraded: dbus-libs-1:1.12.8-11.el8.x86_64
2021-03-02T08:07:25Z SUBDEBUG Upgraded: systemd-libs-239-41.el8_3.x86_64
2021-03-02T08:07:25Z SUBDEBUG Upgraded: glibc-common-2.28-127.el8.x86_64
2021-03-02T08:07:26Z SUBDEBUG Upgraded: glibc-2.28-127.el8.x86_64
2021-03-02T08:07:26Z SUBDEBUG Upgraded: glibc-langpack-en-2.28-127.el8.x86_64
2021-03-02T08:07:26Z SUBDEBUG Upgraded: tzdata-2020d-1.el8.noarch
2021-03-02T08:08:14Z INFO --- logging initialized ---
2021-03-02T08:09:10Z INFO Failed to add dependency on unit, unit systemd-ask-password-plymouth.service does not exist.
Failed to add dependency on unit, unit systemd-ask-password-plymouth.service does not exist.

2021-03-02T08:10:48Z INFO Failed to add dependency on unit, unit systemd-ask-password-plymouth.service does not exist.
Failed to add dependency on unit, unit systemd-ask-password-plymouth.service does not exist.

2021-03-02T08:11:05Z INFO --- logging initialized ---
2021-03-02T08:12:31Z SUBDEBUG Installed: libmpc-1.0.2-9.el8.x86_64
2021-03-02T08:12:31Z SUBDEBUG Installed: cpp-8.3.1-5.1.el8.x86_64
2021-03-02T08:12:32Z SUBDEBUG Installed: kernel-headers-4.18.0-240.15.1.el8_3.x86_64
2021-03-02T08:12:34Z SUBDEBUG Installed: glibc-headers-2.28-127.el8_3.2.x86_64
2021-03-02T08:12:34Z SUBDEBUG Installed: binutils-2.30-79.el8.x86_64
2021-03-02T08:12:35Z SUBDEBUG Installed: libpkgconf-1.4.2-1.el8.x86_64
2021-03-02T08:12:35Z SUBDEBUG Installed: pkgconf-1.4.2-1.el8.x86_64
2021-03-02T08:12:35Z SUBDEBUG Installed: pkgconf-m4-1.4.2-1.el8.noarch
2021-03-02T08:12:35Z SUBDEBUG Installed: pkgconf-pkg-config-1.4.2-1.el8.x86_64
2021-03-02T08:12:35Z SUBDEBUG Installed: glibc-devel-2.28-127.el8_3.2.x86_64
2021-03-02T08:12:36Z SUBDEBUG Installed: libxcrypt-devel-4.1.1-4.el8.x86_64
2021-03-02T08:12:36Z SUBDEBUG Installed: libstdc++-devel-8.3.1-5.1.el8.x86_64
2021-03-02T08:12:37Z SUBDEBUG Installed: isl-0.16.1-6.el8.x86_64
2021-03-02T08:12:37Z SUBDEBUG Installed: gcc-8.3.1-5.1.el8.x86_64
2021-03-02T08:12:40Z SUBDEBUG Installed: gcc-c++-8.3.1-5.1.el8.x86_64
2021-03-02T08:12:46Z INFO --- logging initialized ---
2021-03-02T08:12:52Z SUBDEBUG Installed: perl-Exporter-5.72-396.el8.noarch
2021-03-02T08:12:52Z SUBDEBUG Installed: perl-libs-4:5.26.3-417.el8_3.x86_64
2021-03-02T08:12:53Z SUBDEBUG Installed: perl-Carp-1.42-396.el8.noarch
2021-03-02T08:12:53Z SUBDEBUG Installed: perl-Scalar-List-Utils-3:1.49-2.el8.x86_64
2021-03-02T08:12:53Z SUBDEBUG Installed: perl-parent-1:0.237-1.el8.noarch
2021-03-02T08:12:53Z SUBDEBUG Installed: perl-Text-ParseWords-3.30-395.el8.noarch
2021-03-02T08:12:53Z SUBDEBUG Installed: git-core-2.27.0-1.el8.x86_64
2021-03-02T08:12:54Z SUBDEBUG Installed: git-core-doc-2.27.0-1.el8.noarch
2021-03-02T08:12:55Z SUBDEBUG Installed: perl-Term-ANSIColor-4.06-396.el8.noarch
2021-03-02T08:12:55Z SUBDEBUG Installed: perl-macros-4:5.26.3-417.el8_3.x86_64
2021-03-02T08:12:55Z SUBDEBUG Installed: perl-threads-shared-1.58-2.el8.x86_64
2021-03-02T08:12:55Z SUBDEBUG Installed: perl-threads-1:2.21-2.el8.x86_64
2021-03-02T08:12:55Z SUBDEBUG Installed: perl-Text-Tabs+Wrap-2013.0523-395.el8.noarch
2021-03-02T08:12:55Z SUBDEBUG Installed: perl-Unicode-Normalize-1.25-396.el8.x86_64
2021-03-02T08:12:55Z SUBDEBUG Installed: perl-constant-1.33-396.el8.noarch
2021-03-02T08:12:55Z SUBDEBUG Installed: perl-Socket-4:2.027-3.el8.x86_64
2021-03-02T08:12:55Z SUBDEBUG Installed: perl-PathTools-3.74-1.el8.x86_64
2021-03-02T08:12:55Z SUBDEBUG Installed: perl-Errno-1.28-417.el8_3.x86_64
2021-03-02T08:12:55Z SUBDEBUG Installed: perl-IO-1.38-417.el8_3.x86_64
2021-03-02T08:12:55Z SUBDEBUG Installed: perl-interpreter-4:5.26.3-417.el8_3.x86_64
2021-03-02T08:12:57Z SUBDEBUG Installed: perl-File-Path-2.15-2.el8.noarch
2021-03-02T08:12:57Z SUBDEBUG Installed: perl-MIME-Base64-3.15-396.el8.x86_64
2021-03-02T08:12:57Z SUBDEBUG Installed: perl-IO-Socket-IP-0.39-5.el8.noarch
2021-03-02T08:12:57Z SUBDEBUG Installed: perl-Time-Local-1:1.280-1.el8.noarch
2021-03-02T08:12:57Z SUBDEBUG Installed: perl-File-Temp-0.230.600-1.el8.noarch
2021-03-02T08:12:57Z SUBDEBUG Installed: perl-Digest-1.17-395.el8.noarch
2021-03-02T08:12:57Z SUBDEBUG Installed: perl-Digest-MD5-2.55-396.el8.x86_64
2021-03-02T08:12:57Z SUBDEBUG Installed: perl-Net-SSLeay-1.88-1.module+el8.3.0+6446+594cad75.x86_64
2021-03-02T08:12:57Z SUBDEBUG Installed: perl-TermReadKey-2.37-7.el8.x86_64
2021-03-02T08:12:57Z SUBDEBUG Installed: perl-Error-1:0.17025-2.el8.noarch
2021-03-02T08:12:57Z SUBDEBUG Installed: perl-Storable-1:3.11-3.el8.x86_64
2021-03-02T08:12:57Z SUBDEBUG Installed: perl-Pod-Escapes-1:1.07-395.el8.noarch
2021-03-02T08:12:57Z SUBDEBUG Installed: perl-Data-Dumper-2.167-399.el8.x86_64
2021-03-02T08:12:57Z SUBDEBUG Installed: perl-Term-Cap-1.17-395.el8.noarch
2021-03-02T08:12:57Z SUBDEBUG Installed: perl-Mozilla-CA-20160104-7.module+el8.3.0+6498+9eecfe51.noarch
2021-03-02T08:12:57Z SUBDEBUG Installed: perl-libnet-3.11-3.el8.noarch
2021-03-02T08:12:57Z SUBDEBUG Installed: perl-IO-Socket-SSL-2.066-4.module+el8.3.0+6446+594cad75.noarch
2021-03-02T08:12:57Z SUBDEBUG Installed: perl-HTTP-Tiny-0.074-1.el8.noarch
2021-03-02T08:12:57Z SUBDEBUG Installed: perl-URI-1.73-3.el8.noarch
2021-03-02T08:12:57Z SUBDEBUG Installed: perl-Encode-4:2.97-3.el8.x86_64
2021-03-02T08:12:58Z SUBDEBUG Installed: perl-podlators-4.11-1.el8.noarch
2021-03-02T08:12:58Z SUBDEBUG Installed: perl-Pod-Simple-1:3.35-395.el8.noarch
2021-03-02T08:12:58Z SUBDEBUG Installed: perl-Pod-Perldoc-3.28-396.el8.noarch
2021-03-02T08:12:58Z SUBDEBUG Installed: perl-Getopt-Long-1:2.50-4.el8.noarch
2021-03-02T08:12:58Z SUBDEBUG Installed: perl-Pod-Usage-4:1.69-395.el8.noarch
2021-03-02T08:12:58Z SUBDEBUG Installed: emacs-filesystem-1:26.1-5.el8.noarch
2021-03-02T08:12:58Z SUBDEBUG Installed: perl-Git-2.27.0-1.el8.noarch
2021-03-02T08:12:58Z SUBDEBUG Installed: git-2.27.0-1.el8.x86_64
2021-03-02T08:13:01Z INFO --- logging initialized ---
2021-03-02T08:13:05Z SUBDEBUG Installed: fontpackages-filesystem-1.44-22.el8.noarch
2021-03-02T08:13:05Z SUBDEBUG Installed: libjpeg-turbo-1.5.3-10.el8.x86_64
2021-03-02T08:13:05Z SUBDEBUG Installed: dejavu-fonts-common-2.35-6.el8.noarch
2021-03-02T08:13:05Z SUBDEBUG Installed: dejavu-sans-fonts-2.35-6.el8.noarch
2021-03-02T08:13:06Z SUBDEBUG Installed: fontconfig-2.13.1-3.el8.x86_64
2021-03-02T08:13:07Z SUBDEBUG Installed: libxslt-1.1.32-5.el8.x86_64
2021-03-02T08:13:07Z SUBDEBUG Installed: libXau-1.0.9-3.el8.x86_64
2021-03-02T08:13:07Z SUBDEBUG Installed: libxcb-1.13.1-1.el8.x86_64
2021-03-02T08:13:07Z SUBDEBUG Installed: libX11-common-1.6.8-3.el8.noarch
2021-03-02T08:13:07Z SUBDEBUG Installed: libX11-1.6.8-3.el8.x86_64
2021-03-02T08:13:07Z SUBDEBUG Installed: libXpm-3.5.12-8.el8.x86_64
2021-03-02T08:13:07Z SUBDEBUG Installed: nginx-filesystem-1:1.14.1-9.module+el8.0.0+4108+af250afe.noarch
2021-03-02T08:13:08Z SUBDEBUG Installed: jbigkit-libs-2.1-14.el8.x86_64
2021-03-02T08:13:09Z SUBDEBUG Installed: libtiff-4.0.9-18.el8.x86_64
2021-03-02T08:13:09Z SUBDEBUG Installed: libwebp-1.0.0-1.el8.x86_64
2021-03-02T08:13:09Z SUBDEBUG Installed: gd-2.2.5-7.el8.x86_64
2021-03-02T08:13:09Z SUBDEBUG Installed: nginx-mod-http-xslt-filter-1:1.14.1-9.module+el8.0.0+4108+af250afe.x86_64
2021-03-02T08:13:09Z SUBDEBUG Installed: nginx-mod-mail-1:1.14.1-9.module+el8.0.0+4108+af250afe.x86_64
2021-03-02T08:13:09Z SUBDEBUG Installed: nginx-mod-http-perl-1:1.14.1-9.module+el8.0.0+4108+af250afe.x86_64
2021-03-02T08:13:09Z SUBDEBUG Installed: nginx-mod-stream-1:1.14.1-9.module+el8.0.0+4108+af250afe.x86_64
2021-03-02T08:13:09Z SUBDEBUG Installed: nginx-1:1.14.1-9.module+el8.0.0+4108+af250afe.x86_64
2021-03-02T08:13:09Z SUBDEBUG Installed: nginx-mod-http-image-filter-1:1.14.1-9.module+el8.0.0+4108+af250afe.x86_64
2021-03-02T08:13:09Z SUBDEBUG Installed: nginx-all-modules-1:1.14.1-9.module+el8.0.0+4108+af250afe.noarch
2021-03-02T08:13:15Z INFO --- logging initialized ---
2021-03-02T08:13:18Z SUBDEBUG Installed: npm-1:6.14.10-1.10.23.1.1.module+el8.3.0+9502+012d8a97.x86_64
2021-03-02T08:13:22Z SUBDEBUG Installed: nodejs-1:10.23.1-1.module+el8.3.0+9502+012d8a97.x86_64
2021-03-02T08:13:23Z SUBDEBUG Installed: nodejs-full-i18n-1:10.23.1-1.module+el8.3.0+9502+012d8a97.x86_64
2021-03-02T09:08:57Z INFO --- logging initialized ---
