2021-03-02 07:58:53,717 INFO     tuned.daemon.application: dynamic tuning is globally disabled
2021-03-02 07:58:53,725 INFO     tuned.daemon.daemon: using sleep interval of 1 second(s)
2021-03-02 07:58:53,726 INFO     tuned.daemon.daemon: Running in automatic mode, checking what profile is recommended for your configuration.
2021-03-02 07:58:54,046 INFO     tuned.daemon.daemon: Using 'virtual-guest' profile
2021-03-02 07:58:54,047 INFO     tuned.profiles.loader: loading profile: virtual-guest
2021-03-02 07:58:54,061 INFO     tuned.daemon.controller: starting controller
2021-03-02 07:58:54,061 INFO     tuned.daemon.daemon: starting tuning
2021-03-02 07:58:54,073 INFO     tuned.plugins.base: instance cpu: assigning devices cpu0
2021-03-02 07:58:54,074 INFO     tuned.plugins.plugin_cpu: We are running on an x86 GenuineIntel platform
2021-03-02 07:58:54,088 WARNING  tuned.plugins.plugin_cpu: your CPU doesn't support MSR_IA32_ENERGY_PERF_BIAS, ignoring CPU energy performance bias
2021-03-02 07:58:54,089 INFO     tuned.plugins.base: instance disk: assigning devices xvda
2021-03-02 07:58:54,095 INFO     tuned.plugins.plugin_sysctl: reapplying system sysctl
2021-03-02 07:58:54,095 INFO     tuned.daemon.daemon: static tuning from profile 'virtual-guest' applied
2021-03-02 08:07:02,072 INFO     tuned.daemon.controller: terminating controller
2021-03-02 08:07:02,073 INFO     tuned.daemon.daemon: stopping tuning
2021-03-02 08:07:02,093 INFO     tuned.daemon.daemon: terminating Tuned, rolling back all changes
2021-03-02 08:07:02,729 INFO     tuned.daemon.application: dynamic tuning is globally disabled
2021-03-02 08:07:02,752 INFO     tuned.daemon.daemon: using sleep interval of 1 second(s)
2021-03-02 08:07:02,756 INFO     tuned.daemon.daemon: Running in automatic mode, checking what profile is recommended for your configuration.
2021-03-02 08:07:02,872 INFO     tuned.daemon.daemon: Using 'virtual-guest' profile
2021-03-02 08:07:02,873 INFO     tuned.profiles.loader: loading profile: virtual-guest
2021-03-02 08:07:02,882 INFO     tuned.daemon.controller: starting controller
2021-03-02 08:07:02,882 INFO     tuned.daemon.daemon: starting tuning
2021-03-02 08:07:02,894 INFO     tuned.plugins.base: instance cpu: assigning devices cpu0
2021-03-02 08:07:02,897 INFO     tuned.plugins.plugin_cpu: We are running on an x86 GenuineIntel platform
2021-03-02 08:07:02,904 WARNING  tuned.plugins.plugin_cpu: your CPU doesn't support MSR_IA32_ENERGY_PERF_BIAS, ignoring CPU energy performance bias
2021-03-02 08:07:02,905 INFO     tuned.plugins.base: instance disk: assigning devices xvda
2021-03-02 08:07:02,911 INFO     tuned.plugins.plugin_sysctl: reapplying system sysctl
2021-03-02 08:07:02,913 INFO     tuned.daemon.daemon: static tuning from profile 'virtual-guest' applied
