[up 9.00s] ds-identify 
policy loaded: mode=search report=false found=all maybe=all notfound=disabled
no datasource_list found, using default: MAAS ConfigDrive NoCloud AltCloud Azure Bigstep CloudSigma CloudStack DigitalOcean AliYun Ec2 GCE OpenNebula OpenStack OVF SmartOS Scaleway Hetzner IBMCloud Oracle Exoscale RbxCloud
DMI_PRODUCT_NAME=HVM domU
DMI_SYS_VENDOR=Xen
DMI_PRODUCT_SERIAL=ec264130-1ce9-c77c-f51e-586561145d6b
DMI_PRODUCT_UUID=ec264130-1ce9-c77c-f51e-586561145d6b
PID_1_PRODUCT_NAME=unavailable
DMI_CHASSIS_ASSET_TAG=
FS_LABELS=
ISO9660_DEVS=
KERNEL_CMDLINE=BOOT_IMAGE=(hd0,gpt2)/boot/vmlinuz-4.18.0-240.1.1.el8_3.x86_64 root=UUID=949779ce-46aa-434e-8eb0-852514a5d69e ro console=ttyS0,115200n8 console=tty0 net.ifnames=0 rd.blacklist=nouveau nvme_core.io_timeout=4294967295 crashkernel=auto
VIRT=xen
UNAME_KERNEL_NAME=Linux
UNAME_KERNEL_RELEASE=4.18.0-240.1.1.el8_3.x86_64
UNAME_KERNEL_VERSION=#1 SMP Fri Oct 16 13:36:46 EDT 2020
UNAME_MACHINE=x86_64
UNAME_NODENAME=localhost.localdomain
UNAME_OPERATING_SYSTEM=GNU/Linux
DSNAME=
DSLIST=MAAS ConfigDrive NoCloud AltCloud Azure Bigstep CloudSigma CloudStack DigitalOcean AliYun Ec2 GCE OpenNebula OpenStack OVF SmartOS Scaleway Hetzner IBMCloud Oracle Exoscale RbxCloud
MODE=search
ON_FOUND=all
ON_MAYBE=all
ON_NOTFOUND=disabled
pid=591 ppid=572
is_container=false
is_ds_enabled(IBMCloud) = true.
ec2 platform is 'AWS'.
check for 'Ec2' returned found
is_ds_enabled(IBMCloud) = true.
Found single datasource: Ec2
[up 9.07s] returning 0
